2024-09-29 18:50:03,094 - INFO - Number of Nodes: 1
2024-09-29 18:50:03,094 - INFO - Number of Edges: 0
2024-09-29 18:50:03,094 - INFO - Number of Users: 5
2024-09-29 18:50:03,405 - INFO - User 0 has Channel Gain 3.399977188678349e-09
2024-09-29 18:50:03,448 - INFO - User 0 has Current data rate 52.39737319946289
2024-09-29 18:50:03,448 - INFO - User 0 has Current time overhead 241.45892333984375
2024-09-29 18:50:03,449 - INFO - User 0 has Current total overhead 120.72946166992188
2024-09-29 18:50:03,449 - INFO - User 0 has Current consumed energy 8.394757270812988
2024-09-29 18:50:03,498 - INFO - User 1 has Channel Gain 5.251951407103661e-08
2024-09-29 18:50:03,498 - INFO - User 1 has Current data rate 33.39482879638672
2024-09-29 18:50:03,498 - INFO - User 1 has Current time overhead 75.76814270019531
2024-09-29 18:50:03,498 - INFO - User 1 has Current total overhead 37.884071350097656
2024-09-29 18:50:03,498 - INFO - User 1 has Current consumed energy 4.011712551116943
2024-09-29 18:50:03,525 - INFO - User 2 has Channel Gain 3.6425153666641563e-06
2024-09-29 18:50:03,525 - INFO - User 2 has Current data rate 48.664161682128906
2024-09-29 18:50:03,525 - INFO - User 2 has Current time overhead 12.320289611816406
2024-09-29 18:50:03,525 - INFO - User 2 has Current total overhead 6.160144805908203
2024-09-29 18:50:03,525 - INFO - User 2 has Current consumed energy 0.43674567341804504
2024-09-29 18:50:03,540 - INFO - User 3 has Channel Gain 4.90241063744179e-07
2024-09-29 18:50:03,541 - INFO - User 3 has Current data rate 2.733882188796997
2024-09-29 18:50:03,541 - INFO - User 3 has Current time overhead 34.57472610473633
2024-09-29 18:50:03,541 - INFO - User 3 has Current total overhead 17.287363052368164
2024-09-29 18:50:03,541 - INFO - User 3 has Current consumed energy 18.57483673095703
2024-09-29 18:50:03,555 - INFO - User 4 has Channel Gain 1.569811480806038e-08
2024-09-29 18:50:03,555 - INFO - User 4 has Current data rate 0.1680150032043457
2024-09-29 18:50:03,555 - INFO - User 4 has Current time overhead 325.84490966796875
2024-09-29 18:50:03,555 - INFO - User 4 has Current total overhead 162.92245483398438
2024-09-29 18:50:03,555 - INFO - User 4 has Current consumed energy 1347.2154541015625
2024-09-29 18:50:03,616 - INFO - User 0 has Current consumed energy [8.394757]
2024-09-29 18:50:03,639 - INFO - User 1 has Current consumed energy [4.0117126]
2024-09-29 18:50:03,639 - INFO - User 2 has Current consumed energy [0.43674567]
2024-09-29 18:50:03,639 - INFO - User 3 has Current consumed energy [18.574837]
2024-09-29 18:50:03,639 - INFO - User 4 has Current consumed energy [1347.2155]
2024-09-29 18:50:03,640 - INFO - The UAV has finished its business in the current node
2024-09-29 18:50:03,640 - INFO - The strategies have converged to: [0.5 0.5 0.5 0.5 0.5]
2024-09-29 18:50:03,640 - INFO - Converged with strategy difference: 0.0 in 1 iterations
2024-09-29 18:50:03,640 - INFO - The UAV has reached the final node and has finished its business
2024-09-29 18:50:03,640 - INFO - The UAV trajectory is: [0]
2024-09-29 18:50:03,640 - INFO - Algorithm has successfully reached the final node!
