2024-10-24 14:18:20,165 - INFO - Running the B-Logit Algorithm
2024-10-24 14:18:20,297 - INFO - The UAV has finished its business in the current node
2024-10-24 14:18:20,297 - INFO - The strategies at node 0 have converged to: [0.2        0.2        0.20119031 0.2        0.2        0.17086057
 0.11937391 0.1        0.1        0.1        0.1        0.1
 0.1        0.1        0.1       ]
2024-10-24 14:18:20,297 - INFO - The task intensities of the users at node 0 are: [1, 1, 1, 1, 1, 1, 1, 1, 1, 1, 1, 1, 1, 1, 1]
2024-10-24 14:18:20,298 - INFO - Converged with strategy difference: 0.0 in 2 iterations
2024-10-24 14:18:20,317 - INFO - The UAV has reached the next node
2024-10-24 14:18:20,317 - INFO - The UAV energy level is: 19571878.0 after going to the next node
2024-10-24 14:18:20,520 - INFO - The UAV has finished its business in the current node
2024-10-24 14:18:20,520 - INFO - The strategies at node 2 have converged to: [0.2        0.2        0.20119031 0.2        0.2        0.17080149
 0.11841749 0.1        0.1        0.1        0.1        0.1
 0.1        0.1        0.1       ]
2024-10-24 14:18:20,520 - INFO - The task intensities of the users at node 2 are: [1, 1, 1, 1, 1, 1, 1, 1, 1, 1, 1, 1, 1, 1, 1]
2024-10-24 14:18:20,520 - INFO - Converged with strategy difference: 0.0 in 3 iterations
2024-10-24 14:18:20,530 - INFO - The UAV has reached the next node
2024-10-24 14:18:20,530 - INFO - The UAV energy level is: 19340482.0 after going to the next node
2024-10-24 14:18:20,658 - INFO - The UAV has finished its business in the current node
2024-10-24 14:18:20,658 - INFO - The strategies at node 8 have converged to: [0.2        0.2        0.20119031 0.2        0.2        0.16303419
 0.11844216 0.1        0.1        0.1        0.1        0.1
 0.1        0.1        0.1       ]
2024-10-24 14:18:20,658 - INFO - The task intensities of the users at node 8 are: [1, 1, 1, 1, 1, 1, 1, 1, 1, 1, 1, 1, 1, 1, 1]
2024-10-24 14:18:20,658 - INFO - Converged with strategy difference: 0.0 in 2 iterations
2024-10-24 14:18:20,668 - INFO - The UAV has reached the next node
2024-10-24 14:18:20,668 - INFO - The UAV energy level is: 19270166.0 after going to the next node
2024-10-24 14:18:20,797 - INFO - The UAV has finished its business in the current node
2024-10-24 14:18:20,797 - INFO - The strategies at node 5 have converged to: [0.2        0.2        0.20119031 0.2        0.2        0.16303419
 0.11844216 0.1        0.1        0.1        0.1        0.1
 0.1        0.1        0.1       ]
2024-10-24 14:18:20,798 - INFO - The task intensities of the users at node 5 are: [1, 1, 1, 1, 1, 1, 1, 1, 1, 1, 1, 1, 1, 1, 1]
2024-10-24 14:18:20,798 - INFO - Converged with strategy difference: 0.0 in 2 iterations
2024-10-24 14:18:20,807 - INFO - The UAV has reached the next node
2024-10-24 14:18:20,808 - INFO - The UAV energy level is: 19044658.0 after going to the next node
2024-10-24 14:18:21,130 - INFO - The UAV has finished its business in the current node
2024-10-24 14:18:21,130 - INFO - The strategies at node 2 have converged to: [0.2        0.2        0.20119031 0.2        0.2        0.2
 0.13432689 0.1        0.1        0.1        0.1        0.1
 0.1        0.1        0.1       ]
2024-10-24 14:18:21,130 - INFO - The task intensities of the users at node 2 are: [1, 1, 1, 1, 1, 1, 1, 1, 1, 1, 1, 1, 1, 1, 1]
2024-10-24 14:18:21,130 - INFO - Converged with strategy difference: 0.0 in 2 iterations
2024-10-24 14:18:21,140 - INFO - The UAV has reached the next node
2024-10-24 14:18:21,140 - INFO - The UAV energy level is: 18788038.0 after going to the next node
2024-10-24 14:18:21,272 - INFO - The UAV has finished its business in the current node
2024-10-24 14:18:21,272 - INFO - The strategies at node 6 have converged to: [0.2        0.2        0.20119031 0.2        0.2        0.16303419
 0.11844216 0.1        0.1        0.1        0.1        0.1
 0.1        0.1        0.1       ]
2024-10-24 14:18:21,272 - INFO - The task intensities of the users at node 6 are: [1, 1, 1, 1, 1, 1, 1, 1, 1, 1, 1, 1, 1, 1, 1]
2024-10-24 14:18:21,272 - INFO - Converged with strategy difference: 0.0 in 2 iterations
2024-10-24 14:18:21,282 - INFO - The UAV has reached the next node
2024-10-24 14:18:21,282 - INFO - The UAV energy level is: 18730174.0 after going to the next node
2024-10-24 14:18:21,569 - INFO - The UAV has finished its business in the current node
2024-10-24 14:18:21,569 - INFO - The strategies at node 8 have converged to: [0.2        0.2        0.20119031 0.2        0.2        0.2
 0.16294172 0.1        0.1        0.1        0.1        0.1
 0.1        0.1        0.1       ]
2024-10-24 14:18:21,570 - INFO - The task intensities of the users at node 8 are: [1, 1, 1, 1, 1, 1, 1, 1, 1, 1, 1, 1, 1, 1, 1]
2024-10-24 14:18:21,570 - INFO - Converged with strategy difference: 0.0 in 2 iterations
2024-10-24 14:18:21,579 - INFO - The UAV has reached the next node
2024-10-24 14:18:21,579 - INFO - The UAV energy level is: 18557088.0 after going to the next node
2024-10-24 14:18:21,579 - INFO - The UAV has reached the final node
2024-10-24 14:18:21,719 - INFO - The UAV has finished its business in the current node
2024-10-24 14:18:21,719 - INFO - The strategies at node 9 have converged to: [0.2        0.2        0.20119031 0.2        0.2        0.16305721
 0.11844216 0.1        0.1        0.1        0.1        0.1
 0.1        0.1        0.1       ]
2024-10-24 14:18:21,719 - INFO - The task intensities of the users at node 9 are: [1, 1, 1, 1, 1, 1, 1, 1, 1, 1, 1, 1, 1, 1, 1]
2024-10-24 14:18:21,719 - INFO - Converged with strategy difference: 0.0 in 2 iterations
2024-10-24 14:18:21,719 - INFO - The UAV has reached the final node and has finished its business
2024-10-24 14:18:21,719 - INFO - The UAV trajectory is: [0, 2, 8, 5, 2, 6, 8, 9]
2024-10-24 14:18:21,719 - INFO - The UAV energy level is: 18556656.0 at the end of the algorithm
2024-10-24 14:18:21,719 - INFO - B-Logit Algorithm has successfully reached the final node!
2024-10-24 14:18:21,719 - INFO - The UAV processed in total: 12571833.0 bits
2024-10-24 14:18:21,719 - INFO - B-Logit Algorithm took: 1.5553295612335205 seconds
2024-10-24 14:20:05,638 - INFO - Running the B-Logit Algorithm
2024-10-24 14:20:05,772 - INFO - The UAV has finished its business in the current node
2024-10-24 14:20:05,773 - INFO - The strategies at node 0 have converged to: [0.2        0.2        0.20119031 0.2        0.2        0.1
 0.1        0.1        0.1        0.1        0.1        0.1
 0.1        0.1        0.1       ]
2024-10-24 14:20:05,773 - INFO - The task intensities of the users at node 0 are: [1, 1, 1, 1, 1, 1, 1, 1, 1, 1, 1, 1, 1, 1, 1]
2024-10-24 14:20:05,773 - INFO - Converged with strategy difference: 0.0 in 2 iterations
2024-10-24 14:20:05,783 - INFO - The UAV has reached the next node
2024-10-24 14:20:05,783 - INFO - The UAV energy level is: 19603470.0 after going to the next node
2024-10-24 14:20:05,921 - INFO - The UAV has finished its business in the current node
2024-10-24 14:20:05,921 - INFO - The strategies at node 4 have converged to: [0.2        0.2        0.20119031 0.2        0.2        0.1
 0.1        0.1        0.1        0.1        0.1        0.1
 0.1        0.1        0.1       ]
2024-10-24 14:20:05,921 - INFO - The task intensities of the users at node 4 are: [1, 1, 1, 1, 1, 1, 1, 1, 1, 1, 1, 1, 1, 1, 1]
2024-10-24 14:20:05,921 - INFO - Converged with strategy difference: 0.0 in 2 iterations
2024-10-24 14:20:05,930 - INFO - The UAV has reached the next node
2024-10-24 14:20:05,930 - INFO - The UAV energy level is: 19267082.0 after going to the next node
2024-10-24 14:20:06,053 - INFO - The UAV has finished its business in the current node
2024-10-24 14:20:06,053 - INFO - The strategies at node 6 have converged to: [0.2        0.2        0.20119031 0.2        0.2        0.1
 0.1        0.1        0.1        0.1        0.1        0.1
 0.1        0.1        0.1       ]
2024-10-24 14:20:06,054 - INFO - The task intensities of the users at node 6 are: [1, 1, 1, 1, 1, 1, 1, 1, 1, 1, 1, 1, 1, 1, 1]
2024-10-24 14:20:06,054 - INFO - Converged with strategy difference: 0.0 in 2 iterations
2024-10-24 14:20:06,063 - INFO - The UAV has reached the next node
2024-10-24 14:20:06,063 - INFO - The UAV energy level is: 18956244.0 after going to the next node
2024-10-24 14:20:06,186 - INFO - The UAV has finished its business in the current node
2024-10-24 14:20:06,186 - INFO - The strategies at node 3 have converged to: [0.2        0.2        0.20119031 0.2        0.2        0.1
 0.1        0.1        0.1        0.1        0.1        0.1
 0.1        0.1        0.1       ]
2024-10-24 14:20:06,187 - INFO - The task intensities of the users at node 3 are: [1, 1, 1, 1, 1, 1, 1, 1, 1, 1, 1, 1, 1, 1, 1]
2024-10-24 14:20:06,187 - INFO - Converged with strategy difference: 0.0 in 2 iterations
2024-10-24 14:20:06,197 - INFO - The UAV has reached the next node
2024-10-24 14:20:06,197 - INFO - The UAV energy level is: 18645406.0 after going to the next node
2024-10-24 14:20:06,307 - INFO - The UAV has finished its business in the current node
2024-10-24 14:20:06,307 - INFO - The strategies at node 6 have converged to: [0.2        0.2        0.20119031 0.2        0.2        0.1
 0.1        0.1        0.1        0.1        0.1        0.1
 0.1        0.1        0.1       ]
2024-10-24 14:20:06,307 - INFO - The task intensities of the users at node 6 are: [1, 1, 1, 1, 1, 1, 1, 1, 1, 1, 1, 1, 1, 1, 1]
2024-10-24 14:20:06,307 - INFO - Converged with strategy difference: 0.0 in 2 iterations
2024-10-24 14:20:06,317 - INFO - The UAV has reached the next node
2024-10-24 14:20:06,317 - INFO - The UAV energy level is: 18334568.0 after going to the next node
2024-10-24 14:20:06,423 - INFO - The UAV has finished its business in the current node
2024-10-24 14:20:06,423 - INFO - The strategies at node 3 have converged to: [0.2        0.2        0.20119031 0.2        0.2        0.1
 0.1        0.1        0.1        0.1        0.1        0.1
 0.1        0.1        0.1       ]
2024-10-24 14:20:06,423 - INFO - The task intensities of the users at node 3 are: [1, 1, 1, 1, 1, 1, 1, 1, 1, 1, 1, 1, 1, 1, 1]
2024-10-24 14:20:06,423 - INFO - Converged with strategy difference: 0.0 in 2 iterations
2024-10-24 14:20:06,433 - INFO - The UAV has reached the next node
2024-10-24 14:20:06,433 - INFO - The UAV energy level is: 18205354.0 after going to the next node
2024-10-24 14:20:06,564 - INFO - The UAV has finished its business in the current node
2024-10-24 14:20:06,564 - INFO - The strategies at node 7 have converged to: [0.2        0.2        0.2004302  0.8        0.20026775 0.1
 0.1        0.1        0.1        0.1        0.1        0.1
 0.1        0.1        0.1       ]
2024-10-24 14:20:06,566 - INFO - The task intensities of the users at node 7 are: [1, 1, 1, 1, 1, 1, 1, 1, 1, 1, 1, 1, 1, 1, 1]
2024-10-24 14:20:06,566 - INFO - Converged with strategy difference: 0.0 in 2 iterations
2024-10-24 14:20:06,576 - INFO - The UAV has reached the next node
2024-10-24 14:20:06,576 - INFO - The UAV energy level is: 18053144.0 after going to the next node
2024-10-24 14:20:06,699 - INFO - The UAV has finished its business in the current node
2024-10-24 14:20:06,699 - INFO - The strategies at node 8 have converged to: [0.2        0.2        0.20119031 0.2        0.2        0.1
 0.1        0.1        0.1        0.1        0.1        0.1
 0.1        0.1        0.1       ]
2024-10-24 14:20:06,699 - INFO - The task intensities of the users at node 8 are: [1, 1, 1, 1, 1, 1, 1, 1, 1, 1, 1, 1, 1, 1, 1]
2024-10-24 14:20:06,699 - INFO - Converged with strategy difference: 0.0 in 2 iterations
2024-10-24 14:20:06,709 - INFO - The UAV has reached the next node
2024-10-24 14:20:06,709 - INFO - The UAV energy level is: 17900684.0 after going to the next node
2024-10-24 14:20:06,817 - INFO - The UAV has finished its business in the current node
2024-10-24 14:20:06,817 - INFO - The strategies at node 0 have converged to: [0.2        0.2        0.20119031 0.2        0.2        0.1
 0.1        0.1        0.1        0.1        0.1        0.1
 0.1        0.1        0.1       ]
2024-10-24 14:20:06,817 - INFO - The task intensities of the users at node 0 are: [1, 1, 1, 1, 1, 1, 1, 1, 1, 1, 1, 1, 1, 1, 1]
2024-10-24 14:20:06,817 - INFO - Converged with strategy difference: 0.0 in 2 iterations
2024-10-24 14:20:06,827 - INFO - The UAV has reached the next node
2024-10-24 14:20:06,827 - INFO - The UAV energy level is: 17687906.0 after going to the next node
2024-10-24 14:20:06,960 - INFO - The UAV has finished its business in the current node
2024-10-24 14:20:06,960 - INFO - The strategies at node 5 have converged to: [0.2        0.2        0.20119031 0.2        0.2        0.1
 0.1        0.1        0.1        0.1        0.1        0.1
 0.1        0.1        0.1       ]
2024-10-24 14:20:06,960 - INFO - The task intensities of the users at node 5 are: [1, 1, 1, 1, 1, 1, 1, 1, 1, 1, 1, 1, 1, 1, 1]
2024-10-24 14:20:06,960 - INFO - Converged with strategy difference: 0.0 in 2 iterations
2024-10-24 14:20:06,970 - INFO - The UAV has reached the next node
2024-10-24 14:20:06,970 - INFO - The UAV energy level is: 17462398.0 after going to the next node
2024-10-24 14:20:07,122 - INFO - The UAV has finished its business in the current node
2024-10-24 14:20:07,122 - INFO - The strategies at node 2 have converged to: [0.2        0.2        0.20119031 0.2        0.2        0.1
 0.1        0.1        0.1        0.1        0.1        0.1
 0.1        0.1        0.1       ]
2024-10-24 14:20:07,122 - INFO - The task intensities of the users at node 2 are: [1, 1, 1, 1, 1, 1, 1, 1, 1, 1, 1, 1, 1, 1, 1]
2024-10-24 14:20:07,122 - INFO - Converged with strategy difference: 0.0 in 2 iterations
2024-10-24 14:20:07,132 - INFO - The UAV has reached the next node
2024-10-24 14:20:07,132 - INFO - The UAV energy level is: 17255360.0 after going to the next node
2024-10-24 14:20:07,243 - INFO - The UAV has finished its business in the current node
2024-10-24 14:20:07,243 - INFO - The strategies at node 3 have converged to: [0.2        0.2        0.20119031 0.2        0.2        0.1
 0.1        0.1        0.1        0.1        0.1        0.1
 0.1        0.1        0.1       ]
2024-10-24 14:20:07,243 - INFO - The task intensities of the users at node 3 are: [1, 1, 1, 1, 1, 1, 1, 1, 1, 1, 1, 1, 1, 1, 1]
2024-10-24 14:20:07,243 - INFO - Converged with strategy difference: 0.0 in 2 iterations
2024-10-24 14:20:07,253 - INFO - The UAV has reached the next node
2024-10-24 14:20:07,253 - INFO - The UAV energy level is: 17131006.0 after going to the next node
2024-10-24 14:20:07,364 - INFO - The UAV has finished its business in the current node
2024-10-24 14:20:07,364 - INFO - The strategies at node 0 have converged to: [0.2        0.2        0.20119031 0.2        0.2        0.1
 0.1        0.1        0.1        0.1        0.1        0.1
 0.1        0.1        0.1       ]
2024-10-24 14:20:07,364 - INFO - The task intensities of the users at node 0 are: [1, 1, 1, 1, 1, 1, 1, 1, 1, 1, 1, 1, 1, 1, 1]
2024-10-24 14:20:07,364 - INFO - Converged with strategy difference: 0.0 in 2 iterations
2024-10-24 14:20:07,374 - INFO - The UAV has reached the next node
2024-10-24 14:20:07,374 - INFO - The UAV energy level is: 17023568.0 after going to the next node
2024-10-24 14:20:07,505 - INFO - The UAV has finished its business in the current node
2024-10-24 14:20:07,506 - INFO - The strategies at node 1 have converged to: [0.2       0.2       0.2004302 0.3585827 0.2       0.1       0.1
 0.1       0.1       0.1       0.1       0.1       0.1       0.1
 0.1      ]
2024-10-24 14:20:07,506 - INFO - The task intensities of the users at node 1 are: [1, 1, 1, 1, 1, 1, 1, 1, 1, 1, 1, 1, 1, 1, 1]
2024-10-24 14:20:07,506 - INFO - Converged with strategy difference: 0.0 in 2 iterations
2024-10-24 14:20:07,516 - INFO - The UAV has reached the next node
2024-10-24 14:20:07,516 - INFO - The UAV energy level is: 16824112.0 after going to the next node
2024-10-24 14:20:07,655 - INFO - The UAV has finished its business in the current node
2024-10-24 14:20:07,655 - INFO - The strategies at node 2 have converged to: [0.2        0.2        0.20119031 0.2        0.2        0.1
 0.1        0.1        0.1        0.1        0.1        0.1
 0.1        0.1        0.1       ]
2024-10-24 14:20:07,656 - INFO - The task intensities of the users at node 2 are: [1, 1, 1, 1, 1, 1, 1, 1, 1, 1, 1, 1, 1, 1, 1]
2024-10-24 14:20:07,656 - INFO - Converged with strategy difference: 0.0 in 2 iterations
2024-10-24 14:20:07,665 - INFO - The UAV has reached the next node
2024-10-24 14:20:07,665 - INFO - The UAV energy level is: 16823680.0 after going to the next node
2024-10-24 14:20:07,675 - INFO - The UAV has reached the next node
2024-10-24 14:20:07,675 - INFO - The UAV energy level is: 16567491.0 after going to the next node
2024-10-24 14:20:07,813 - INFO - The UAV has finished its business in the current node
2024-10-24 14:20:07,813 - INFO - The strategies at node 6 have converged to: [0.2        0.2        0.20044534 0.2        0.2        0.1
 0.1        0.1        0.1        0.1        0.1        0.1
 0.1        0.1        0.1       ]
2024-10-24 14:20:07,813 - INFO - The task intensities of the users at node 6 are: [1, 1, 1, 1, 1, 1, 1, 1, 1, 1, 1, 1, 1, 1, 1]
2024-10-24 14:20:07,813 - INFO - Converged with strategy difference: 0.0 in 2 iterations
2024-10-24 14:20:07,823 - INFO - The UAV has reached the next node
2024-10-24 14:20:07,823 - INFO - The UAV energy level is: 16357863.0 after going to the next node
2024-10-24 14:20:07,930 - INFO - The UAV has finished its business in the current node
2024-10-24 14:20:07,930 - INFO - The strategies at node 7 have converged to: [0.2        0.2        0.20119031 0.2        0.2        0.1
 0.1        0.1        0.1        0.1        0.1        0.1
 0.1        0.1        0.1       ]
2024-10-24 14:20:07,930 - INFO - The task intensities of the users at node 7 are: [1, 1, 1, 1, 1, 1, 1, 1, 1, 1, 1, 1, 1, 1, 1]
2024-10-24 14:20:07,930 - INFO - Converged with strategy difference: 0.0 in 2 iterations
2024-10-24 14:20:07,940 - INFO - The UAV has reached the next node
2024-10-24 14:20:07,940 - INFO - The UAV energy level is: 16332105.0 after going to the next node
2024-10-24 14:20:07,940 - INFO - The UAV has reached the final node
2024-10-24 14:20:08,064 - INFO - The UAV has finished its business in the current node
2024-10-24 14:20:08,064 - INFO - The strategies at node 9 have converged to: [0.2        0.2        0.20161985 0.2        0.2        0.1
 0.1        0.1        0.1        0.1        0.1        0.1
 0.1        0.1        0.1       ]
2024-10-24 14:20:08,064 - INFO - The task intensities of the users at node 9 are: [1, 1, 1, 1, 1, 1, 1, 1, 1, 1, 1, 1, 1, 1, 1]
2024-10-24 14:20:08,064 - INFO - Converged with strategy difference: 0.0 in 2 iterations
2024-10-24 14:20:08,064 - INFO - The UAV has reached the final node and has finished its business
2024-10-24 14:20:08,064 - INFO - The UAV trajectory is: [0, 4, 6, 3, 6, 3, 7, 8, 0, 5, 2, 3, 0, 1, 2, 2, 6, 7, 9]
2024-10-24 14:20:08,064 - INFO - The UAV energy level is: 16331672.0 at the end of the algorithm
2024-10-24 14:20:08,064 - INFO - B-Logit Algorithm has successfully reached the final node!
2024-10-24 14:20:08,064 - INFO - The UAV processed in total: 32026184.0 bits
2024-10-24 14:20:08,065 - INFO - B-Logit Algorithm took: 2.4270360469818115 seconds
2024-10-24 14:21:48,047 - INFO - Running the B-Logit Algorithm
2024-10-24 14:21:48,176 - INFO - The UAV has finished its business in the current node
2024-10-24 14:21:48,176 - INFO - The strategies at node 0 have converged to: [0.2        0.2        0.20119031 0.2        0.2        0.20022967
 0.1        0.1        0.1        0.1        0.1        0.1
 0.1        0.1        0.1       ]
2024-10-24 14:21:48,176 - INFO - The task intensities of the users at node 0 are: [1, 1, 1, 1, 1, 1, 1, 1, 1, 1, 1, 1, 1, 1, 1]
2024-10-24 14:21:48,176 - INFO - Converged with strategy difference: 0.0 in 2 iterations
2024-10-24 14:21:48,185 - INFO - The UAV has reached the next node
2024-10-24 14:21:48,185 - INFO - The UAV energy level is: 19571878.0 after going to the next node
2024-10-24 14:21:48,303 - INFO - The UAV has finished its business in the current node
2024-10-24 14:21:48,303 - INFO - The strategies at node 2 have converged to: [0.2        0.2        0.20036311 0.2        0.2        0.2
 0.1        0.1        0.1        0.1        0.1        0.1
 0.1        0.1        0.1       ]
2024-10-24 14:21:48,303 - INFO - The task intensities of the users at node 2 are: [1, 1, 1, 1, 1, 1, 1, 1, 1, 1, 1, 1, 1, 1, 1]
2024-10-24 14:21:48,303 - INFO - Converged with strategy difference: 0.0 in 2 iterations
2024-10-24 14:21:48,312 - INFO - The UAV has reached the next node
2024-10-24 14:21:48,312 - INFO - The UAV energy level is: 19364840.0 after going to the next node
2024-10-24 14:21:48,505 - INFO - The UAV has finished its business in the current node
2024-10-24 14:21:48,505 - INFO - The strategies at node 3 have converged to: [0.8        0.2        0.20119031 0.2        0.2        0.20104273
 0.09999968 0.1        0.10000002 0.1        0.1        0.1
 0.1        0.1        0.1       ]
2024-10-24 14:21:48,505 - INFO - The task intensities of the users at node 3 are: [1, 1, 1, 1, 1, 1, 1, 1, 1, 1, 1, 1, 1, 1, 1]
2024-10-24 14:21:48,505 - INFO - Converged with strategy difference: 0.0 in 4 iterations
2024-10-24 14:21:48,514 - INFO - The UAV has reached the next node
2024-10-24 14:21:48,514 - INFO - The UAV energy level is: 19062538.0 after going to the next node
2024-10-24 14:21:48,679 - INFO - The UAV has finished its business in the current node
2024-10-24 14:21:48,679 - INFO - The strategies at node 5 have converged to: [0.2        0.2        0.20119031 0.2        0.2        0.20104273
 0.09999994 0.1        0.10000001 0.1        0.1        0.1
 0.1        0.1        0.1       ]
2024-10-24 14:21:48,679 - INFO - The task intensities of the users at node 5 are: [1, 1, 1, 1, 1, 1, 1, 1, 1, 1, 1, 1, 1, 1, 1]
2024-10-24 14:21:48,679 - INFO - Converged with strategy difference: 0.0 in 3 iterations
2024-10-24 14:21:48,688 - INFO - The UAV has reached the next node
2024-10-24 14:21:48,689 - INFO - The UAV energy level is: 18830686.0 after going to the next node
2024-10-24 14:21:48,689 - INFO - The UAV has reached the final node
2024-10-24 14:21:48,814 - INFO - The UAV has finished its business in the current node
2024-10-24 14:21:48,814 - INFO - The strategies at node 9 have converged to: [0.2        0.2        0.20036301 0.20113187 0.2        0.2
 0.1        0.1        0.1        0.1        0.1        0.1
 0.1        0.1        0.1       ]
2024-10-24 14:21:48,815 - INFO - The task intensities of the users at node 9 are: [1, 1, 1, 1, 1, 1, 1, 1, 1, 1, 1, 1, 1, 1, 1]
2024-10-24 14:21:48,815 - INFO - Converged with strategy difference: 0.0 in 2 iterations
2024-10-24 14:21:48,815 - INFO - The UAV has reached the final node and has finished its business
2024-10-24 14:21:48,815 - INFO - The UAV trajectory is: [0, 2, 3, 5, 9]
2024-10-24 14:21:48,815 - INFO - The UAV energy level is: 18830254.0 at the end of the algorithm
2024-10-24 14:21:48,815 - INFO - B-Logit Algorithm has successfully reached the final node!
2024-10-24 14:21:48,815 - INFO - The UAV processed in total: 10799092.0 bits
2024-10-24 14:21:48,815 - INFO - B-Logit Algorithm took: 0.7679800987243652 seconds
2024-10-24 14:23:28,467 - INFO - Running the B-Logit Algorithm
2024-10-24 14:23:28,609 - INFO - The UAV has finished its business in the current node
2024-10-24 14:23:28,609 - INFO - The strategies at node 0 have converged to: [0.2        0.2        0.20119031 0.2        0.2        0.20000751
 0.10499737 0.1        0.1        0.1        0.1        0.1
 0.1        0.1        0.1       ]
2024-10-24 14:23:28,609 - INFO - The task intensities of the users at node 0 are: [1, 1, 1, 1, 1, 1, 1, 1, 1, 1, 1, 1, 1, 1, 1]
2024-10-24 14:23:28,609 - INFO - Converged with strategy difference: 0.0 in 2 iterations
2024-10-24 14:23:28,619 - INFO - The UAV has reached the next node
2024-10-24 14:23:28,619 - INFO - The UAV energy level is: 19692562.0 after going to the next node
2024-10-24 14:23:28,733 - INFO - The UAV has finished its business in the current node
2024-10-24 14:23:28,733 - INFO - The strategies at node 1 have converged to: [0.2        0.2        0.20119031 0.2        0.2        0.2000075
 0.10583641 0.1        0.1        0.1        0.1        0.1
 0.1        0.1        0.1       ]
2024-10-24 14:23:28,734 - INFO - The task intensities of the users at node 1 are: [1, 1, 1, 1, 1, 1, 1, 1, 1, 1, 1, 1, 1, 1, 1]
2024-10-24 14:23:28,734 - INFO - Converged with strategy difference: 0.0 in 2 iterations
2024-10-24 14:23:28,743 - INFO - The UAV has reached the next node
2024-10-24 14:23:28,743 - INFO - The UAV energy level is: 19692130.0 after going to the next node
2024-10-24 14:23:28,753 - INFO - The UAV has reached the next node
2024-10-24 14:23:28,753 - INFO - The UAV energy level is: 19493106.0 after going to the next node
2024-10-24 14:23:28,903 - INFO - The UAV has finished its business in the current node
2024-10-24 14:23:28,903 - INFO - The strategies at node 2 have converged to: [0.2        0.2        0.20119031 0.2        0.2        0.2000075
 0.10510442 0.1        0.1        0.1        0.1        0.1
 0.1        0.1        0.1       ]
2024-10-24 14:23:28,903 - INFO - The task intensities of the users at node 2 are: [1, 1, 1, 1, 1, 1, 1, 1, 1, 1, 1, 1, 1, 1, 1]
2024-10-24 14:23:28,903 - INFO - Converged with strategy difference: 0.0 in 2 iterations
2024-10-24 14:23:28,913 - INFO - The UAV has reached the next node
2024-10-24 14:23:28,913 - INFO - The UAV energy level is: 19261710.0 after going to the next node
2024-10-24 14:23:29,058 - INFO - The UAV has finished its business in the current node
2024-10-24 14:23:29,058 - INFO - The strategies at node 8 have converged to: [0.2        0.2        0.20119031 0.2        0.2        0.20000753
 0.10499737 0.1        0.1        0.1        0.1        0.1
 0.1        0.1        0.1       ]
2024-10-24 14:23:29,058 - INFO - The task intensities of the users at node 8 are: [1, 1, 1, 1, 1, 1, 1, 1, 1, 1, 1, 1, 1, 1, 1]
2024-10-24 14:23:29,058 - INFO - Converged with strategy difference: 0.0 in 2 iterations
2024-10-24 14:23:29,068 - INFO - The UAV has reached the next node
2024-10-24 14:23:29,068 - INFO - The UAV energy level is: 19203846.0 after going to the next node
2024-10-24 14:23:29,212 - INFO - The UAV has finished its business in the current node
2024-10-24 14:23:29,212 - INFO - The strategies at node 6 have converged to: [0.2        0.2        0.20046695 0.2        0.2        0.2
 0.10499737 0.1        0.1        0.1        0.1        0.1
 0.1        0.1        0.1       ]
2024-10-24 14:23:29,212 - INFO - The task intensities of the users at node 6 are: [1, 1, 1, 1, 1, 1, 1, 1, 1, 1, 1, 1, 1, 1, 1]
2024-10-24 14:23:29,212 - INFO - Converged with strategy difference: 0.0 in 2 iterations
2024-10-24 14:23:29,222 - INFO - The UAV has reached the next node
2024-10-24 14:23:29,222 - INFO - The UAV energy level is: 18973480.0 after going to the next node
2024-10-24 14:23:29,222 - INFO - The UAV has reached the final node
2024-10-24 14:23:29,363 - INFO - The UAV has finished its business in the current node
2024-10-24 14:23:29,363 - INFO - The strategies at node 9 have converged to: [0.2        0.2        0.20119031 0.2        0.2        0.20000753
 0.10499737 0.1        0.1        0.1        0.1        0.1
 0.1        0.1        0.1       ]
2024-10-24 14:23:29,363 - INFO - The task intensities of the users at node 9 are: [1, 1, 1, 1, 1, 1, 1, 1, 1, 1, 1, 1, 1, 1, 1]
2024-10-24 14:23:29,363 - INFO - Converged with strategy difference: 0.0 in 2 iterations
2024-10-24 14:23:29,363 - INFO - The UAV has reached the final node and has finished its business
2024-10-24 14:23:29,363 - INFO - The UAV trajectory is: [0, 1, 1, 2, 8, 6, 9]
2024-10-24 14:23:29,363 - INFO - The UAV energy level is: 18973048.0 at the end of the algorithm
2024-10-24 14:23:29,363 - INFO - B-Logit Algorithm has successfully reached the final node!
2024-10-24 14:23:29,363 - INFO - The UAV processed in total: 9047226.0 bits
2024-10-24 14:23:29,363 - INFO - B-Logit Algorithm took: 0.8959956169128418 seconds
2024-10-24 14:25:08,560 - INFO - Running the B-Logit Algorithm
2024-10-24 14:25:08,752 - INFO - The UAV has finished its business in the current node
2024-10-24 14:25:08,753 - INFO - The strategies at node 0 have converged to: [0.2        0.2        0.20119031 0.2        0.16457154 0.2
 0.11555447 0.1        0.1        0.1        0.1        0.1
 0.1        0.1        0.1       ]
2024-10-24 14:25:08,753 - INFO - The task intensities of the users at node 0 are: [1, 1, 1, 1, 1, 1, 1, 1, 1, 1, 1, 1, 1, 1, 1]
2024-10-24 14:25:08,753 - INFO - Converged with strategy difference: 0.0 in 2 iterations
2024-10-24 14:25:08,762 - INFO - The UAV has reached the next node
2024-10-24 14:25:08,762 - INFO - The UAV energy level is: 19771238.0 after going to the next node
2024-10-24 14:25:08,763 - INFO - The UAV has reached the final node
2024-10-24 14:25:09,129 - INFO - The UAV has finished its business in the current node
2024-10-24 14:25:09,129 - INFO - The strategies at node 9 have converged to: [0.2        0.2        0.8        0.2        0.15757489 0.2
 0.11555901 0.1        0.1        0.1        0.1        0.1
 0.1        0.1        0.1       ]
2024-10-24 14:25:09,129 - INFO - The task intensities of the users at node 9 are: [1, 1, 1, 1, 1, 1, 1, 1, 1, 1, 1, 1, 1, 1, 1]
2024-10-24 14:25:09,129 - INFO - Converged with strategy difference: 0.0 in 3 iterations
2024-10-24 14:25:09,129 - INFO - The UAV has reached the final node and has finished its business
2024-10-24 14:25:09,129 - INFO - The UAV trajectory is: [0, 9]
2024-10-24 14:25:09,129 - INFO - The UAV energy level is: 19770806.0 at the end of the algorithm
2024-10-24 14:25:09,129 - INFO - B-Logit Algorithm has successfully reached the final node!
2024-10-24 14:25:09,129 - INFO - The UAV processed in total: 3324438.8 bits
2024-10-24 14:25:09,130 - INFO - B-Logit Algorithm took: 0.5700013637542725 seconds
2024-10-24 14:26:54,600 - INFO - Running the B-Logit Algorithm
2024-10-24 14:26:54,808 - INFO - The UAV has finished its business in the current node
2024-10-24 14:26:54,808 - INFO - The strategies at node 0 have converged to: [0.2        0.2        0.8        0.2        0.2        0.20016976
 0.11035523 0.1        0.1        0.1        0.1        0.1
 0.1        0.1        0.1       ]
2024-10-24 14:26:54,809 - INFO - The task intensities of the users at node 0 are: [1, 1, 1, 1, 1, 1, 1, 1, 1, 1, 1, 1, 1, 1, 1]
2024-10-24 14:26:54,809 - INFO - Converged with strategy difference: 0.0 in 3 iterations
2024-10-24 14:26:54,819 - INFO - The UAV has reached the next node
2024-10-24 14:26:54,819 - INFO - The UAV energy level is: 19771238.0 after going to the next node
2024-10-24 14:26:54,819 - INFO - The UAV has reached the final node
2024-10-24 14:26:55,004 - INFO - The UAV has finished its business in the current node
2024-10-24 14:26:55,004 - INFO - The strategies at node 9 have converged to: [0.2        0.2        0.8        0.2        0.2        0.20016977
 0.11035523 0.1        0.1        0.1        0.1        0.1
 0.1        0.1        0.1       ]
2024-10-24 14:26:55,004 - INFO - The task intensities of the users at node 9 are: [1, 1, 1, 1, 1, 1, 1, 1, 1, 1, 1, 1, 1, 1, 1]
2024-10-24 14:26:55,004 - INFO - Converged with strategy difference: 0.0 in 3 iterations
2024-10-24 14:26:55,004 - INFO - The UAV has reached the final node and has finished its business
2024-10-24 14:26:55,004 - INFO - The UAV trajectory is: [0, 9]
2024-10-24 14:26:55,004 - INFO - The UAV energy level is: 19770806.0 at the end of the algorithm
2024-10-24 14:26:55,004 - INFO - B-Logit Algorithm has successfully reached the final node!
2024-10-24 14:26:55,004 - INFO - The UAV processed in total: 2799809.2 bits
2024-10-24 14:26:55,004 - INFO - B-Logit Algorithm took: 0.4039428234100342 seconds
2024-10-24 14:28:40,328 - INFO - Running the B-Logit Algorithm
2024-10-24 14:28:40,469 - INFO - The UAV has finished its business in the current node
2024-10-24 14:28:40,469 - INFO - The strategies at node 0 have converged to: [0.2        0.2        0.20119031 0.2        0.2        0.1
 0.1        0.1        0.1        0.1        0.1        0.1
 0.1        0.1        0.1       ]
2024-10-24 14:28:40,469 - INFO - The task intensities of the users at node 0 are: [1, 1, 1, 1, 1, 1, 1, 1, 1, 1, 1, 1, 1, 1, 1]
2024-10-24 14:28:40,469 - INFO - Converged with strategy difference: 0.0 in 2 iterations
2024-10-24 14:28:40,479 - INFO - The UAV has reached the next node
2024-10-24 14:28:40,479 - INFO - The UAV energy level is: 19603470.0 after going to the next node
2024-10-24 14:28:40,614 - INFO - The UAV has finished its business in the current node
2024-10-24 14:28:40,614 - INFO - The strategies at node 4 have converged to: [0.2        0.2        0.20119031 0.2        0.2        0.1
 0.1        0.1        0.1        0.1        0.1        0.1
 0.1        0.1        0.1       ]
2024-10-24 14:28:40,614 - INFO - The task intensities of the users at node 4 are: [1, 1, 1, 1, 1, 1, 1, 1, 1, 1, 1, 1, 1, 1, 1]
2024-10-24 14:28:40,615 - INFO - Converged with strategy difference: 0.0 in 2 iterations
2024-10-24 14:28:40,624 - INFO - The UAV has reached the next node
2024-10-24 14:28:40,624 - INFO - The UAV energy level is: 19506178.0 after going to the next node
2024-10-24 14:28:40,759 - INFO - The UAV has finished its business in the current node
2024-10-24 14:28:40,759 - INFO - The strategies at node 3 have converged to: [0.2        0.2        0.20119031 0.2        0.2        0.1
 0.1        0.1        0.1        0.1        0.1        0.1
 0.1        0.1        0.1       ]
2024-10-24 14:28:40,759 - INFO - The task intensities of the users at node 3 are: [1, 1, 1, 1, 1, 1, 1, 1, 1, 1, 1, 1, 1, 1, 1]
2024-10-24 14:28:40,759 - INFO - Converged with strategy difference: 0.0 in 2 iterations
2024-10-24 14:28:40,769 - INFO - The UAV has reached the next node
2024-10-24 14:28:40,769 - INFO - The UAV energy level is: 19376964.0 after going to the next node
2024-10-24 14:28:40,910 - INFO - The UAV has finished its business in the current node
2024-10-24 14:28:40,910 - INFO - The strategies at node 7 have converged to: [0.2        0.2        0.20119031 0.2        0.2        0.1
 0.1        0.1        0.1        0.1        0.1        0.1
 0.1        0.1        0.1       ]
2024-10-24 14:28:40,911 - INFO - The task intensities of the users at node 7 are: [1, 1, 1, 1, 1, 1, 1, 1, 1, 1, 1, 1, 1, 1, 1]
2024-10-24 14:28:40,911 - INFO - Converged with strategy difference: 0.0 in 2 iterations
2024-10-24 14:28:40,921 - INFO - The UAV has reached the next node
2024-10-24 14:28:40,921 - INFO - The UAV energy level is: 19163776.0 after going to the next node
2024-10-24 14:28:41,056 - INFO - The UAV has finished its business in the current node
2024-10-24 14:28:41,056 - INFO - The strategies at node 5 have converged to: [0.2        0.2        0.20039047 0.2        0.2        0.1
 0.1        0.1        0.1        0.1        0.1        0.1
 0.1        0.1        0.1       ]
2024-10-24 14:28:41,056 - INFO - The task intensities of the users at node 5 are: [1, 1, 1, 1, 1, 1, 1, 1, 1, 1, 1, 1, 1, 1, 1]
2024-10-24 14:28:41,056 - INFO - Converged with strategy difference: 0.0 in 2 iterations
2024-10-24 14:28:41,065 - INFO - The UAV has reached the next node
2024-10-24 14:28:41,066 - INFO - The UAV energy level is: 19163344.0 after going to the next node
2024-10-24 14:28:41,075 - INFO - The UAV has reached the next node
2024-10-24 14:28:41,075 - INFO - The UAV energy level is: 19121668.0 after going to the next node
2024-10-24 14:28:41,209 - INFO - The UAV has finished its business in the current node
2024-10-24 14:28:41,209 - INFO - The strategies at node 6 have converged to: [0.2        0.2        0.20039047 0.2        0.2        0.1
 0.1        0.1        0.1        0.1        0.1        0.1
 0.1        0.1        0.1       ]
2024-10-24 14:28:41,209 - INFO - The task intensities of the users at node 6 are: [1, 1, 1, 1, 1, 1, 1, 1, 1, 1, 1, 1, 1, 1, 1]
2024-10-24 14:28:41,209 - INFO - Converged with strategy difference: 0.0 in 2 iterations
2024-10-24 14:28:41,219 - INFO - The UAV has reached the next node
2024-10-24 14:28:41,219 - INFO - The UAV energy level is: 18911804.0 after going to the next node
2024-10-24 14:28:41,348 - INFO - The UAV has finished its business in the current node
2024-10-24 14:28:41,348 - INFO - The strategies at node 0 have converged to: [0.2        0.2        0.20119031 0.2        0.2        0.1
 0.1        0.1        0.1        0.1        0.1        0.1
 0.1        0.1        0.1       ]
2024-10-24 14:28:41,348 - INFO - The task intensities of the users at node 0 are: [1, 1, 1, 1, 1, 1, 1, 1, 1, 1, 1, 1, 1, 1, 1]
2024-10-24 14:28:41,348 - INFO - Converged with strategy difference: 0.0 in 2 iterations
2024-10-24 14:28:41,358 - INFO - The UAV has reached the next node
2024-10-24 14:28:41,358 - INFO - The UAV energy level is: 18699026.0 after going to the next node
2024-10-24 14:28:41,482 - INFO - The UAV has finished its business in the current node
2024-10-24 14:28:41,482 - INFO - The strategies at node 5 have converged to: [0.2        0.2        0.20039849 0.2        0.2        0.1
 0.1        0.1        0.1        0.1        0.1        0.1
 0.1        0.1        0.1       ]
2024-10-24 14:28:41,482 - INFO - The task intensities of the users at node 5 are: [1, 1, 1, 1, 1, 1, 1, 1, 1, 1, 1, 1, 1, 1, 1]
2024-10-24 14:28:41,482 - INFO - Converged with strategy difference: 0.0 in 2 iterations
2024-10-24 14:28:41,492 - INFO - The UAV has reached the next node
2024-10-24 14:28:41,492 - INFO - The UAV energy level is: 18473518.0 after going to the next node
2024-10-24 14:28:41,675 - INFO - The UAV has finished its business in the current node
2024-10-24 14:28:41,675 - INFO - The strategies at node 2 have converged to: [0.2        0.2        0.20147365 0.2        0.2        0.1
 0.1        0.1        0.1        0.1        0.1        0.1
 0.1        0.1        0.1       ]
2024-10-24 14:28:41,676 - INFO - The task intensities of the users at node 2 are: [1, 1, 1, 1, 1, 1, 1, 1, 1, 1, 1, 1, 1, 1, 1]
2024-10-24 14:28:41,676 - INFO - Converged with strategy difference: 0.0 in 3 iterations
2024-10-24 14:28:41,685 - INFO - The UAV has reached the next node
2024-10-24 14:28:41,685 - INFO - The UAV energy level is: 18235108.0 after going to the next node
2024-10-24 14:28:41,685 - INFO - The UAV has reached the final node
2024-10-24 14:28:41,821 - INFO - The UAV has finished its business in the current node
2024-10-24 14:28:41,821 - INFO - The strategies at node 9 have converged to: [0.2       0.2       0.2003905 0.2       0.2       0.1       0.1
 0.1       0.1       0.1       0.1       0.1       0.1       0.1
 0.1      ]
2024-10-24 14:28:41,821 - INFO - The task intensities of the users at node 9 are: [1, 1, 1, 1, 1, 1, 1, 1, 1, 1, 1, 1, 1, 1, 1]
2024-10-24 14:28:41,821 - INFO - Converged with strategy difference: 0.0 in 2 iterations
2024-10-24 14:28:41,822 - INFO - The UAV has reached the final node and has finished its business
2024-10-24 14:28:41,822 - INFO - The UAV trajectory is: [0, 4, 3, 7, 5, 5, 6, 0, 5, 2, 9]
2024-10-24 14:28:41,822 - INFO - The UAV energy level is: 18234676.0 at the end of the algorithm
2024-10-24 14:28:41,822 - INFO - B-Logit Algorithm has successfully reached the final node!
2024-10-24 14:28:41,822 - INFO - The UAV processed in total: 17991650.0 bits
2024-10-24 14:28:41,822 - INFO - B-Logit Algorithm took: 1.4942948818206787 seconds
2024-10-24 14:30:21,988 - INFO - Running the B-Logit Algorithm
2024-10-24 14:30:22,102 - INFO - The UAV has finished its business in the current node
2024-10-24 14:30:22,102 - INFO - The strategies at node 0 have converged to: [0.2        0.2        0.20119031 0.2        0.2        0.1
 0.1        0.1        0.1        0.1        0.1        0.1
 0.1        0.1        0.1       ]
2024-10-24 14:30:22,102 - INFO - The task intensities of the users at node 0 are: [1, 1, 1, 1, 1, 1, 1, 1, 1, 1, 1, 1, 1, 1, 1]
2024-10-24 14:30:22,102 - INFO - Converged with strategy difference: 0.0 in 2 iterations
2024-10-24 14:30:22,111 - INFO - The UAV has reached the next node
2024-10-24 14:30:22,111 - INFO - The UAV energy level is: 19571878.0 after going to the next node
2024-10-24 14:30:22,232 - INFO - The UAV has finished its business in the current node
2024-10-24 14:30:22,232 - INFO - The strategies at node 2 have converged to: [0.2        0.2        0.20119031 0.2        0.2        0.1
 0.1        0.1        0.1        0.1        0.1        0.1
 0.1        0.1        0.1       ]
2024-10-24 14:30:22,233 - INFO - The task intensities of the users at node 2 are: [1, 1, 1, 1, 1, 1, 1, 1, 1, 1, 1, 1, 1, 1, 1]
2024-10-24 14:30:22,233 - INFO - Converged with strategy difference: 0.0 in 2 iterations
2024-10-24 14:30:22,241 - INFO - The UAV has reached the next node
2024-10-24 14:30:22,241 - INFO - The UAV energy level is: 19571446.0 after going to the next node
2024-10-24 14:30:22,250 - INFO - The UAV has reached the next node
2024-10-24 14:30:22,250 - INFO - The UAV energy level is: 19333468.0 after going to the next node
2024-10-24 14:30:22,250 - INFO - The UAV has reached the final node
2024-10-24 14:30:22,355 - INFO - The UAV has finished its business in the current node
2024-10-24 14:30:22,355 - INFO - The strategies at node 9 have converged to: [0.2        0.2        0.20043081 0.2        0.2        0.1
 0.1        0.1        0.1        0.1        0.1        0.1
 0.1        0.1        0.1       ]
2024-10-24 14:30:22,356 - INFO - The task intensities of the users at node 9 are: [1, 1, 1, 1, 1, 1, 1, 1, 1, 1, 1, 1, 1, 1, 1]
2024-10-24 14:30:22,356 - INFO - Converged with strategy difference: 0.0 in 2 iterations
2024-10-24 14:30:22,356 - INFO - The UAV has reached the final node and has finished its business
2024-10-24 14:30:22,356 - INFO - The UAV trajectory is: [0, 2, 2, 9]
2024-10-24 14:30:22,356 - INFO - The UAV energy level is: 19333036.0 at the end of the algorithm
2024-10-24 14:30:22,356 - INFO - B-Logit Algorithm has successfully reached the final node!
2024-10-24 14:30:22,356 - INFO - The UAV processed in total: 5789055.0 bits
2024-10-24 14:30:22,356 - INFO - B-Logit Algorithm took: 0.3679935932159424 seconds
2024-10-24 14:32:00,974 - INFO - Running the B-Logit Algorithm
2024-10-24 14:32:01,106 - INFO - The UAV has finished its business in the current node
2024-10-24 14:32:01,106 - INFO - The strategies at node 0 have converged to: [0.2        0.2        0.20119031 0.2        0.17441142 0.2
 0.1        0.1        0.1        0.1        0.1        0.1
 0.1        0.1        0.1       ]
2024-10-24 14:32:01,106 - INFO - The task intensities of the users at node 0 are: [1, 1, 1, 1, 1, 1, 1, 1, 1, 1, 1, 1, 1, 1, 1]
2024-10-24 14:32:01,106 - INFO - Converged with strategy difference: 0.0 in 2 iterations
2024-10-24 14:32:01,116 - INFO - The UAV has reached the next node
2024-10-24 14:32:01,116 - INFO - The UAV energy level is: 19590136.0 after going to the next node
2024-10-24 14:32:01,347 - INFO - The UAV has finished its business in the current node
2024-10-24 14:32:01,347 - INFO - The strategies at node 6 have converged to: [0.2        0.2        0.20119031 0.2        0.2        0.2000964
 0.1        0.1        0.1        0.1        0.1        0.1
 0.1        0.1        0.1       ]
2024-10-24 14:32:01,347 - INFO - The task intensities of the users at node 6 are: [1, 1, 1, 1, 1, 1, 1, 1, 1, 1, 1, 1, 1, 1, 1]
2024-10-24 14:32:01,347 - INFO - Converged with strategy difference: 0.0 in 2 iterations
2024-10-24 14:32:01,357 - INFO - The UAV has reached the next node
2024-10-24 14:32:01,357 - INFO - The UAV energy level is: 19333516.0 after going to the next node
2024-10-24 14:32:01,483 - INFO - The UAV has finished its business in the current node
2024-10-24 14:32:01,483 - INFO - The strategies at node 2 have converged to: [0.2        0.2        0.20119031 0.2        0.17630912 0.2
 0.1        0.1        0.1        0.1        0.1        0.1
 0.1        0.1        0.1       ]
2024-10-24 14:32:01,483 - INFO - The task intensities of the users at node 2 are: [1, 1, 1, 1, 1, 1, 1, 1, 1, 1, 1, 1, 1, 1, 1]
2024-10-24 14:32:01,483 - INFO - Converged with strategy difference: 0.0 in 2 iterations
2024-10-24 14:32:01,493 - INFO - The UAV has reached the next node
2024-10-24 14:32:01,493 - INFO - The UAV energy level is: 19333084.0 after going to the next node
2024-10-24 14:32:01,503 - INFO - The UAV has reached the next node
2024-10-24 14:32:01,503 - INFO - The UAV energy level is: 19099860.0 after going to the next node
2024-10-24 14:32:01,635 - INFO - The UAV has finished its business in the current node
2024-10-24 14:32:01,635 - INFO - The strategies at node 7 have converged to: [0.2        0.2        0.20119031 0.2        0.2        0.20009631
 0.1        0.1        0.1        0.1        0.1        0.1
 0.1        0.1        0.1       ]
2024-10-24 14:32:01,635 - INFO - The task intensities of the users at node 7 are: [1, 1, 1, 1, 1, 1, 1, 1, 1, 1, 1, 1, 1, 1, 1]
2024-10-24 14:32:01,635 - INFO - Converged with strategy difference: 0.0 in 2 iterations
2024-10-24 14:32:01,644 - INFO - The UAV has reached the next node
2024-10-24 14:32:01,645 - INFO - The UAV energy level is: 19074104.0 after going to the next node
2024-10-24 14:32:01,645 - INFO - The UAV has reached the final node
2024-10-24 14:32:01,833 - INFO - The UAV has finished its business in the current node
2024-10-24 14:32:01,833 - INFO - The strategies at node 9 have converged to: [0.2        0.2        0.20119031 0.2        0.2        0.20009631
 0.1        0.1        0.1        0.1        0.1        0.1
 0.1        0.1        0.1       ]
2024-10-24 14:32:01,833 - INFO - The task intensities of the users at node 9 are: [1, 1, 1, 1, 1, 1, 1, 1, 1, 1, 1, 1, 1, 1, 1]
2024-10-24 14:32:01,833 - INFO - Converged with strategy difference: 0.0 in 2 iterations
2024-10-24 14:32:01,833 - INFO - The UAV has reached the final node and has finished its business
2024-10-24 14:32:01,833 - INFO - The UAV trajectory is: [0, 6, 2, 2, 7, 9]
2024-10-24 14:32:01,833 - INFO - The UAV energy level is: 19073672.0 at the end of the algorithm
2024-10-24 14:32:01,833 - INFO - B-Logit Algorithm has successfully reached the final node!
2024-10-24 14:32:01,833 - INFO - The UAV processed in total: 10253034.0 bits
2024-10-24 14:32:01,833 - INFO - B-Logit Algorithm took: 0.85903000831604 seconds
2024-10-24 14:33:40,872 - INFO - Running the B-Logit Algorithm
2024-10-24 14:33:41,019 - INFO - The UAV has finished its business in the current node
2024-10-24 14:33:41,019 - INFO - The strategies at node 0 have converged to: [0.2        0.2        0.20119031 0.2        0.16657102 0.10886322
 0.1        0.1        0.1        0.1        0.1        0.1
 0.1        0.1        0.1       ]
2024-10-24 14:33:41,019 - INFO - The task intensities of the users at node 0 are: [1, 1, 1, 1, 1, 1, 1, 1, 1, 1, 1, 1, 1, 1, 1]
2024-10-24 14:33:41,019 - INFO - Converged with strategy difference: 0.0 in 2 iterations
2024-10-24 14:33:41,029 - INFO - The UAV has reached the next node
2024-10-24 14:33:41,029 - INFO - The UAV energy level is: 19647540.0 after going to the next node
2024-10-24 14:33:41,224 - INFO - The UAV has finished its business in the current node
2024-10-24 14:33:41,224 - INFO - The strategies at node 8 have converged to: [0.2        0.2        0.20119031 0.2        0.16660404 0.1088765
 0.10000001 0.10000001 0.1        0.1        0.1        0.1
 0.1        0.1        0.1       ]
2024-10-24 14:33:41,224 - INFO - The task intensities of the users at node 8 are: [1, 1, 1, 1, 1, 1, 1, 1, 1, 1, 1, 1, 1, 1, 1]
2024-10-24 14:33:41,224 - INFO - Converged with strategy difference: 0.0 in 3 iterations
2024-10-24 14:33:41,233 - INFO - The UAV has reached the next node
2024-10-24 14:33:41,233 - INFO - The UAV energy level is: 19416144.0 after going to the next node
2024-10-24 14:33:41,354 - INFO - The UAV has finished its business in the current node
2024-10-24 14:33:41,354 - INFO - The strategies at node 2 have converged to: [0.2        0.2        0.20119031 0.2        1.         0.10887037
 0.1        0.1        0.1        0.1        0.1        0.1
 0.1        0.1        0.1       ]
2024-10-24 14:33:41,354 - INFO - The task intensities of the users at node 2 are: [1, 1, 1, 1, 1, 1, 1, 1, 1, 1, 1, 1, 1, 1, 1]
2024-10-24 14:33:41,354 - INFO - Converged with strategy difference: 0.0 in 2 iterations
2024-10-24 14:33:41,363 - INFO - The UAV has reached the next node
2024-10-24 14:33:41,364 - INFO - The UAV energy level is: 19159524.0 after going to the next node
2024-10-24 14:33:41,499 - INFO - The UAV has finished its business in the current node
2024-10-24 14:33:41,499 - INFO - The strategies at node 6 have converged to: [0.2        0.2        0.20036367 0.2        0.19987758 0.1088765
 0.1        0.1        0.1        0.1        0.1        0.1
 0.1        0.1        0.1       ]
2024-10-24 14:33:41,500 - INFO - The task intensities of the users at node 6 are: [1, 1, 1, 1, 1, 1, 1, 1, 1, 1, 1, 1, 1, 1, 1]
2024-10-24 14:33:41,500 - INFO - Converged with strategy difference: 0.0 in 2 iterations
2024-10-24 14:33:41,509 - INFO - The UAV has reached the next node
2024-10-24 14:33:41,509 - INFO - The UAV energy level is: 18823136.0 after going to the next node
2024-10-24 14:33:41,619 - INFO - The UAV has finished its business in the current node
2024-10-24 14:33:41,619 - INFO - The strategies at node 4 have converged to: [0.2        0.2        0.20119031 0.2        0.16698033 0.10888059
 0.1        0.1        0.1        0.1        0.1        0.1
 0.1        0.1        0.1       ]
2024-10-24 14:33:41,619 - INFO - The task intensities of the users at node 4 are: [1, 1, 1, 1, 1, 1, 1, 1, 1, 1, 1, 1, 1, 1, 1]
2024-10-24 14:33:41,619 - INFO - Converged with strategy difference: 0.0 in 2 iterations
2024-10-24 14:33:41,628 - INFO - The UAV has reached the next node
2024-10-24 14:33:41,628 - INFO - The UAV energy level is: 18620676.0 after going to the next node
2024-10-24 14:33:41,804 - INFO - The UAV has finished its business in the current node
2024-10-24 14:33:41,805 - INFO - The strategies at node 7 have converged to: [0.42423594 0.2        0.20036365 0.2        0.1747522  0.10886117
 0.1        0.1        0.1        0.1        0.1        0.1
 0.1        0.1        0.1       ]
2024-10-24 14:33:41,805 - INFO - The task intensities of the users at node 7 are: [1, 1, 1, 1, 1, 1, 1, 1, 1, 1, 1, 1, 1, 1, 1]
2024-10-24 14:33:41,805 - INFO - Converged with strategy difference: 0.0 in 3 iterations
2024-10-24 14:33:41,813 - INFO - The UAV has reached the next node
2024-10-24 14:33:41,814 - INFO - The UAV energy level is: 18620244.0 after going to the next node
2024-10-24 14:33:41,822 - INFO - The UAV has reached the next node
2024-10-24 14:33:41,822 - INFO - The UAV energy level is: 18418216.0 after going to the next node
2024-10-24 14:33:41,950 - INFO - The UAV has finished its business in the current node
2024-10-24 14:33:41,950 - INFO - The strategies at node 4 have converged to: [0.2        0.2        0.20119031 0.2        0.2        0.12045964
 0.1        0.1        0.1        0.1        0.1        0.1
 0.1        0.1        0.1       ]
2024-10-24 14:33:41,950 - INFO - The task intensities of the users at node 4 are: [1, 1, 1, 1, 1, 1, 1, 1, 1, 1, 1, 1, 1, 1, 1]
2024-10-24 14:33:41,950 - INFO - Converged with strategy difference: 0.0 in 2 iterations
2024-10-24 14:33:41,959 - INFO - The UAV has reached the next node
2024-10-24 14:33:41,959 - INFO - The UAV energy level is: 18314616.0 after going to the next node
2024-10-24 14:33:42,071 - INFO - The UAV has finished its business in the current node
2024-10-24 14:33:42,071 - INFO - The strategies at node 1 have converged to: [0.2        0.2        0.20119031 0.2        0.17477834 0.1088857
 0.1        0.1        0.1        0.1        0.1        0.1
 0.1        0.1        0.1       ]
2024-10-24 14:33:42,071 - INFO - The task intensities of the users at node 1 are: [1, 1, 1, 1, 1, 1, 1, 1, 1, 1, 1, 1, 1, 1, 1]
2024-10-24 14:33:42,071 - INFO - Converged with strategy difference: 0.0 in 2 iterations
2024-10-24 14:33:42,080 - INFO - The UAV has reached the next node
2024-10-24 14:33:42,080 - INFO - The UAV energy level is: 18295476.0 after going to the next node
2024-10-24 14:33:42,216 - INFO - The UAV has finished its business in the current node
2024-10-24 14:33:42,216 - INFO - The strategies at node 3 have converged to: [0.2        0.2        0.20119031 0.2        0.16649167 0.10888059
 0.1        0.1        0.1        0.1        0.1        0.1
 0.1        0.1        0.1       ]
2024-10-24 14:33:42,216 - INFO - The task intensities of the users at node 3 are: [1, 1, 1, 1, 1, 1, 1, 1, 1, 1, 1, 1, 1, 1, 1]
2024-10-24 14:33:42,216 - INFO - Converged with strategy difference: 0.0 in 2 iterations
2024-10-24 14:33:42,224 - INFO - The UAV has reached the next node
2024-10-24 14:33:42,224 - INFO - The UAV energy level is: 18171122.0 after going to the next node
2024-10-24 14:33:42,411 - INFO - The UAV has finished its business in the current node
2024-10-24 14:33:42,411 - INFO - The strategies at node 0 have converged to: [0.2        0.2        0.20119031 0.2        0.2        0.12044272
 0.1        0.1        0.1        0.1        0.1        0.1
 0.1        0.1        0.1       ]
2024-10-24 14:33:42,411 - INFO - The task intensities of the users at node 0 are: [1, 1, 1, 1, 1, 1, 1, 1, 1, 1, 1, 1, 1, 1, 1]
2024-10-24 14:33:42,411 - INFO - Converged with strategy difference: 0.0 in 2 iterations
2024-10-24 14:33:42,422 - INFO - The UAV has reached the next node
2024-10-24 14:33:42,422 - INFO - The UAV energy level is: 17958344.0 after going to the next node
2024-10-24 14:33:42,559 - INFO - The UAV has finished its business in the current node
2024-10-24 14:33:42,559 - INFO - The strategies at node 5 have converged to: [0.2        0.2        0.20119031 0.2        0.16861454 0.10887957
 0.1        0.1        0.1        0.1        0.1        0.1
 0.1        0.1        0.1       ]
2024-10-24 14:33:42,559 - INFO - The task intensities of the users at node 5 are: [1, 1, 1, 1, 1, 1, 1, 1, 1, 1, 1, 1, 1, 1, 1]
2024-10-24 14:33:42,559 - INFO - Converged with strategy difference: 0.0 in 2 iterations
2024-10-24 14:33:42,569 - INFO - The UAV has reached the next node
2024-10-24 14:33:42,569 - INFO - The UAV energy level is: 17916236.0 after going to the next node
2024-10-24 14:33:42,751 - INFO - The UAV has finished its business in the current node
2024-10-24 14:33:42,751 - INFO - The strategies at node 6 have converged to: [0.2        0.2        0.20226347 0.2        0.2        0.12045638
 0.1        0.1        0.1        0.1        0.1        0.1
 0.1        0.1        0.1       ]
2024-10-24 14:33:42,751 - INFO - The task intensities of the users at node 6 are: [1, 1, 1, 1, 1, 1, 1, 1, 1, 1, 1, 1, 1, 1, 1]
2024-10-24 14:33:42,751 - INFO - Converged with strategy difference: 0.0 in 3 iterations
2024-10-24 14:33:42,760 - INFO - The UAV has reached the next node
2024-10-24 14:33:42,760 - INFO - The UAV energy level is: 17685870.0 after going to the next node
2024-10-24 14:33:42,760 - INFO - The UAV has reached the final node
2024-10-24 14:33:42,879 - INFO - The UAV has finished its business in the current node
2024-10-24 14:33:42,879 - INFO - The strategies at node 9 have converged to: [0.2        0.2        0.20036368 0.2        0.16658585 0.10888877
 0.1        0.1        0.1        0.1        0.1        0.1
 0.1        0.1        0.1       ]
2024-10-24 14:33:42,879 - INFO - The task intensities of the users at node 9 are: [1, 1, 1, 1, 1, 1, 1, 1, 1, 1, 1, 1, 1, 1, 1]
2024-10-24 14:33:42,879 - INFO - Converged with strategy difference: 0.0 in 2 iterations
2024-10-24 14:33:42,879 - INFO - The UAV has reached the final node and has finished its business
2024-10-24 14:33:42,879 - INFO - The UAV trajectory is: [0, 8, 2, 6, 4, 7, 7, 4, 1, 3, 0, 5, 6, 9]
2024-10-24 14:33:42,879 - INFO - The UAV energy level is: 17685438.0 at the end of the algorithm
2024-10-24 14:33:42,879 - INFO - B-Logit Algorithm has successfully reached the final node!
2024-10-24 14:33:42,879 - INFO - The UAV processed in total: 31184776.0 bits
2024-10-24 14:33:42,879 - INFO - B-Logit Algorithm took: 2.0078368186950684 seconds
