2024-10-24 16:31:48,357 - INFO - Running the Brave Greedy Algorithm
2024-10-24 16:31:48,477 - INFO - The UAV has finished its business in the current node
2024-10-24 16:31:48,477 - INFO - The strategies at node 0 have converged to: [0.2        0.2        0.20119031 0.2        0.2        0.17086057
 0.11937391 0.1        0.1        0.1        0.1        0.1
 0.1        0.1        0.1       ]
2024-10-24 16:31:48,477 - INFO - The task intensities of the users at node 0 are: [1, 1, 1, 1, 1, 1, 1, 1, 1, 1, 1, 1, 1, 1, 1]
2024-10-24 16:31:48,477 - INFO - Converged with strategy difference: 0.0 in 2 iterations
2024-10-24 16:31:48,484 - INFO - The UAV has reached the next node
2024-10-24 16:31:48,640 - INFO - The UAV has finished its business in the current node
2024-10-24 16:31:48,640 - INFO - The strategies at node 1 have converged to: [0.2        0.2        0.20119031 0.2        0.2        0.19999999
 0.11937169 0.1        0.1        0.1        0.1        0.1
 0.1        0.1        0.1       ]
2024-10-24 16:31:48,641 - INFO - The task intensities of the users at node 1 are: [1, 1, 1, 1, 1, 1, 1, 1, 1, 1, 1, 1, 1, 1, 1]
2024-10-24 16:31:48,641 - INFO - Converged with strategy difference: 0.0 in 2 iterations
2024-10-24 16:31:48,647 - INFO - The UAV has reached the next node
2024-10-24 16:31:48,828 - INFO - The UAV has finished its business in the current node
2024-10-24 16:31:48,828 - INFO - The strategies at node 2 have converged to: [0.2        0.2        0.20119031 0.2        0.2        0.17080149
 0.11841749 0.1        0.1        0.1        0.1        0.1
 0.1        0.1        0.1       ]
2024-10-24 16:31:48,828 - INFO - The task intensities of the users at node 2 are: [1, 1, 1, 1, 1, 1, 1, 1, 1, 1, 1, 1, 1, 1, 1]
2024-10-24 16:31:48,828 - INFO - Converged with strategy difference: 0.0 in 3 iterations
2024-10-24 16:31:48,835 - INFO - The UAV has reached the next node
2024-10-24 16:31:48,975 - INFO - The UAV has finished its business in the current node
2024-10-24 16:31:48,975 - INFO - The strategies at node 3 have converged to: [0.2        0.2        0.20045082 0.2        0.2        0.17077516
 0.11936505 0.1        0.1        0.1        0.1        0.1
 0.1        0.1        0.1       ]
2024-10-24 16:31:48,975 - INFO - The task intensities of the users at node 3 are: [1, 1, 1, 1, 1, 1, 1, 1, 1, 1, 1, 1, 1, 1, 1]
2024-10-24 16:31:48,976 - INFO - Converged with strategy difference: 0.0 in 2 iterations
2024-10-24 16:31:48,982 - INFO - The UAV has reached the next node
2024-10-24 16:31:49,130 - INFO - The UAV has finished its business in the current node
2024-10-24 16:31:49,130 - INFO - The strategies at node 4 have converged to: [0.2        0.2        0.20119031 0.2        0.2        0.17082939
 0.11936284 0.1        0.1        0.1        0.1        0.1
 0.1        0.1        0.1       ]
2024-10-24 16:31:49,130 - INFO - The task intensities of the users at node 4 are: [1, 1, 1, 1, 1, 1, 1, 1, 1, 1, 1, 1, 1, 1, 1]
2024-10-24 16:31:49,130 - INFO - Converged with strategy difference: 0.0 in 2 iterations
2024-10-24 16:31:49,137 - INFO - The UAV has reached the next node
2024-10-24 16:31:49,273 - INFO - The UAV has finished its business in the current node
2024-10-24 16:31:49,273 - INFO - The strategies at node 7 have converged to: [0.2        0.2        0.20119031 0.2        0.2        0.17086057
 0.11835989 0.1        0.1        0.1        0.1        0.1
 0.1        0.1        0.1       ]
2024-10-24 16:31:49,273 - INFO - The task intensities of the users at node 7 are: [1, 1, 1, 1, 1, 1, 1, 1, 1, 1, 1, 1, 1, 1, 1]
2024-10-24 16:31:49,273 - INFO - Converged with strategy difference: 0.0 in 2 iterations
2024-10-24 16:31:49,280 - INFO - The UAV has reached the next node
2024-10-24 16:31:49,280 - INFO - The UAV has reached the final node
2024-10-24 16:31:49,413 - INFO - The UAV has finished its business in the current node
2024-10-24 16:31:49,413 - INFO - The strategies at node 9 have converged to: [0.2        0.2        0.20119031 0.2        0.2        0.16305721
 0.11844216 0.1        0.1        0.1        0.1        0.1
 0.1        0.1        0.1       ]
2024-10-24 16:31:49,413 - INFO - The task intensities of the users at node 9 are: [1, 1, 1, 1, 1, 1, 1, 1, 1, 1, 1, 1, 1, 1, 1]
2024-10-24 16:31:49,413 - INFO - Converged with strategy difference: 0.0 in 2 iterations
2024-10-24 16:31:49,413 - INFO - The UAV has reached the final node and has finished its business
2024-10-24 16:31:49,413 - INFO - The UAV trajectory is: [0, 1, 2, 3, 4, 7, 9]
2024-10-24 16:31:49,413 - INFO - The UAV energy level is: 230540.14 at the end of the algorithm
2024-10-24 16:31:49,413 - INFO - Brave Greedy Algorithm has successfully reached the final node!
2024-10-24 16:31:49,413 - INFO - The UAV processed in total: 11379945.0 bits
2024-10-24 16:31:49,413 - INFO - Brave Greedy Algorithm took: 1.0551953315734863 seconds
