2024-10-24 16:31:46,783 - INFO - Running the Max-Logit Algorithm
2024-10-24 16:31:46,909 - INFO - The UAV has finished its business in the current node
2024-10-24 16:31:46,909 - INFO - The strategies at node 0 have converged to: [0.2        0.2        0.20119031 0.2        0.2        0.17086057
 0.11937391 0.1        0.1        0.1        0.1        0.1
 0.1        0.1        0.1       ]
2024-10-24 16:31:46,910 - INFO - The task intensities of the users at node 0 are: [1, 1, 1, 1, 1, 1, 1, 1, 1, 1, 1, 1, 1, 1, 1]
2024-10-24 16:31:46,910 - INFO - Converged with strategy difference: 0.0 in 2 iterations
2024-10-24 16:31:46,947 - INFO - The UAV has reached the next node
2024-10-24 16:31:46,947 - INFO - The UAV energy level is: 838165.6 after going to the next node
2024-10-24 16:31:47,137 - INFO - The UAV has finished its business in the current node
2024-10-24 16:31:47,137 - INFO - The strategies at node 2 have converged to: [0.2        0.2        0.20119031 0.2        0.2        0.17080149
 0.11841749 0.1        0.1        0.1        0.1        0.1
 0.1        0.1        0.1       ]
2024-10-24 16:31:47,138 - INFO - The task intensities of the users at node 2 are: [1, 1, 1, 1, 1, 1, 1, 1, 1, 1, 1, 1, 1, 1, 1]
2024-10-24 16:31:47,138 - INFO - Converged with strategy difference: 0.0 in 3 iterations
2024-10-24 16:31:47,147 - INFO - The UAV has reached the next node
2024-10-24 16:31:47,147 - INFO - The UAV energy level is: 607456.44 after going to the next node
2024-10-24 16:31:47,278 - INFO - The UAV has finished its business in the current node
2024-10-24 16:31:47,278 - INFO - The strategies at node 8 have converged to: [0.2        0.2        0.20119031 0.2        0.2        0.16303419
 0.11844216 0.1        0.1        0.1        0.1        0.1
 0.1        0.1        0.1       ]
2024-10-24 16:31:47,278 - INFO - The task intensities of the users at node 8 are: [1, 1, 1, 1, 1, 1, 1, 1, 1, 1, 1, 1, 1, 1, 1]
2024-10-24 16:31:47,278 - INFO - Converged with strategy difference: 0.0 in 2 iterations
2024-10-24 16:31:47,288 - INFO - The UAV has reached the next node
2024-10-24 16:31:47,288 - INFO - The UAV energy level is: 537827.6 after going to the next node
2024-10-24 16:31:47,418 - INFO - The UAV has finished its business in the current node
2024-10-24 16:31:47,418 - INFO - The strategies at node 5 have converged to: [0.2        0.2        0.20119031 0.2        0.2        0.16303419
 0.11844216 0.1        0.1        0.1        0.1        0.1
 0.1        0.1        0.1       ]
2024-10-24 16:31:47,418 - INFO - The task intensities of the users at node 5 are: [1, 1, 1, 1, 1, 1, 1, 1, 1, 1, 1, 1, 1, 1, 1]
2024-10-24 16:31:47,418 - INFO - Converged with strategy difference: 0.0 in 2 iterations
2024-10-24 16:31:47,428 - INFO - The UAV has reached the next node
2024-10-24 16:31:47,428 - INFO - The UAV energy level is: 236212.97 after going to the next node
2024-10-24 16:31:47,576 - INFO - The UAV has finished its business in the current node
2024-10-24 16:31:47,576 - INFO - The strategies at node 3 have converged to: [0.2        0.2        0.20045082 0.2        0.2        0.17077516
 0.11936505 0.1        0.1        0.1        0.1        0.1
 0.1        0.1        0.1       ]
2024-10-24 16:31:47,576 - INFO - The task intensities of the users at node 3 are: [1, 1, 1, 1, 1, 1, 1, 1, 1, 1, 1, 1, 1, 1, 1]
2024-10-24 16:31:47,576 - INFO - Converged with strategy difference: 0.0 in 2 iterations
2024-10-24 16:31:47,704 - INFO - The UAV has reached the next node
2024-10-24 16:31:47,704 - INFO - The UAV energy level is: 107686.516 after going to the next node
2024-10-24 16:31:47,842 - INFO - The UAV has finished its business in the current node
2024-10-24 16:31:47,842 - INFO - The strategies at node 7 have converged to: [0.2        0.2        0.20119031 0.2        0.2        0.17086057
 0.11835989 0.1        0.1        0.1        0.1        0.1
 0.1        0.1        0.1       ]
2024-10-24 16:31:47,842 - INFO - The task intensities of the users at node 7 are: [1, 1, 1, 1, 1, 1, 1, 1, 1, 1, 1, 1, 1, 1, 1]
2024-10-24 16:31:47,842 - INFO - Converged with strategy difference: 0.0 in 2 iterations
2024-10-24 16:31:47,991 - INFO - The UAV has reached the next node
2024-10-24 16:31:47,991 - INFO - The UAV energy level is: 82617.39 after going to the next node
2024-10-24 16:31:47,991 - INFO - The UAV has reached the final node
2024-10-24 16:31:48,132 - INFO - The UAV has finished its business in the current node
2024-10-24 16:31:48,133 - INFO - The strategies at node 9 have converged to: [0.2        0.2        0.20119031 0.2        0.2        0.16305721
 0.11844216 0.1        0.1        0.1        0.1        0.1
 0.1        0.1        0.1       ]
2024-10-24 16:31:48,133 - INFO - The task intensities of the users at node 9 are: [1, 1, 1, 1, 1, 1, 1, 1, 1, 1, 1, 1, 1, 1, 1]
2024-10-24 16:31:48,133 - INFO - Converged with strategy difference: 0.0 in 2 iterations
2024-10-24 16:31:48,133 - INFO - The UAV has reached the final node and has finished its business
2024-10-24 16:31:48,133 - INFO - The UAV trajectory is: [0, 2, 8, 5, 3, 7, 9]
2024-10-24 16:31:48,133 - INFO - The UAV energy level is: 82872.78 at the end of the algorithm
2024-10-24 16:31:48,133 - INFO - Max-Logit Algorithm has successfully reached the final node!
2024-10-24 16:31:48,133 - INFO - The UAV processed in total: 11355716.0 bits
2024-10-24 16:31:48,133 - INFO - Max-Logit Algorithm took: 1.350778579711914 seconds
