2024-11-01 22:00:28,801 - INFO - Running the Multi-Agent Coop Q-Brave Algorithm
2024-11-01 22:00:28,835 - INFO - EPISODE START
2024-11-01 22:00:53,971 - INFO - The total bits processed for episode 0 is: 98094424.0
2024-11-01 22:00:53,971 - INFO - The total reward for episode 0 is: 1948191900.0
2024-11-01 22:00:53,971 - INFO - The UAVs have visited 32 nodes in episode 0
2024-11-01 22:00:53,971 - INFO - The UAVs have visited the nodes: [[0, 4, 2, 2, 7, 0, 9, 9, 8, 3, 3, 1, 3], [3, 9, 3, 2, 7, 0, 8, 8, 8, 0], [6, 9, 5, 4, 8, 9, 9, 9, 0]]
2024-11-01 22:00:53,971 - INFO - The UAVs have expended 3142779.5 energy in episode 0
2024-11-01 22:00:53,971 - INFO - EPISODE FINISHED
2024-11-01 22:00:53,972 - INFO - EPISODE START
2024-11-01 22:01:27,497 - INFO - The total bits processed for episode 1 is: 24738230.0
2024-11-01 22:01:27,498 - INFO - The total reward for episode 1 is: 632605600.0
2024-11-01 22:01:27,498 - INFO - The UAVs have visited 34 nodes in episode 1
2024-11-01 22:01:27,498 - INFO - The UAVs have visited the nodes: [[0, 8, 5, 6, 0, 6, 1, 3, 3, 3, 3], [3, 6, 1, 0, 7, 8, 8, 0, 0], [6, 3, 9, 3, 0, 0, 8, 3, 3, 3, 3, 1, 1, 3]]
2024-11-01 22:01:27,498 - INFO - The UAVs have expended 3092604.2 energy in episode 1
2024-11-01 22:01:27,498 - INFO - EPISODE FINISHED
2024-11-01 22:01:27,498 - INFO - EPISODE START
2024-11-01 22:02:00,298 - INFO - The total bits processed for episode 2 is: 23923468.0
2024-11-01 22:02:00,298 - INFO - The total reward for episode 2 is: 574460800.0
2024-11-01 22:02:00,298 - INFO - The UAVs have visited 29 nodes in episode 2
2024-11-01 22:02:00,298 - INFO - The UAVs have visited the nodes: [[0, 1, 1, 2, 9, 1, 0, 3, 3, 1], [3, 3, 8, 3, 3, 2, 0, 9, 1, 0, 0, 8, 8], [6, 0, 6, 1, 6, 7]]
2024-11-01 22:02:00,298 - INFO - The UAVs have expended 3135495.0 energy in episode 2
2024-11-01 22:02:00,298 - INFO - EPISODE FINISHED
2024-11-01 22:02:00,299 - INFO - EPISODE START
2024-11-01 22:02:33,907 - INFO - The total bits processed for episode 3 is: 35015572.0
2024-11-01 22:02:33,908 - INFO - The total reward for episode 3 is: 823235100.0
2024-11-01 22:02:33,908 - INFO - The UAVs have visited 35 nodes in episode 3
2024-11-01 22:02:33,908 - INFO - The UAVs have visited the nodes: [[0, 5, 0, 9, 1, 8, 4, 4, 4, 4, 4, 4], [3, 5, 6, 4, 4, 6, 5, 5, 5, 5], [6, 8, 5, 5, 4, 1, 1, 8, 8, 0, 0, 0, 0]]
2024-11-01 22:02:33,908 - INFO - The UAVs have expended 3029757.5 energy in episode 3
2024-11-01 22:02:33,908 - INFO - EPISODE FINISHED
2024-11-01 22:02:33,908 - INFO - EPISODE START
2024-11-01 22:03:02,133 - INFO - The total bits processed for episode 4 is: 10565208.0
2024-11-01 22:03:02,135 - INFO - The total reward for episode 4 is: 290038700.0
2024-11-01 22:03:02,135 - INFO - The UAVs have visited 28 nodes in episode 4
2024-11-01 22:03:02,135 - INFO - The UAVs have visited the nodes: [[0, 5, 1, 8, 6, 6, 0, 0, 0, 0, 8, 8], [3, 7, 4, 5, 5, 9, 9], [6, 1, 3, 6, 9, 9, 8, 7, 7]]
2024-11-01 22:03:02,135 - INFO - The UAVs have expended 3169750.8 energy in episode 4
2024-11-01 22:03:02,135 - INFO - EPISODE FINISHED
2024-11-01 22:03:02,136 - INFO - The rewards per episode are: [Array(1.9481919e+09, dtype=float32), Array(6.326056e+08, dtype=float32), Array(5.744608e+08, dtype=float32), Array(8.232351e+08, dtype=float32), Array(2.900387e+08, dtype=float32)]
2024-11-01 22:03:02,136 - INFO - Q Table is: [[ 9853600.   9350315.   8844707.  10623555.  11343536.  11262072.
  12370419.  11357358.  10300140.  11297991. ]
 [ 4237975.   3737503.   7466870.   8326905.   1869994.9  9327844.
   6292946.   4812511.5  8871433.   7768304.5]
 [ 1507376.9        0.    875719.8        0.         0.         0.
         0.   2035313.2        0.   1038343.8]
 [11997828.   6295503.  11414387.  11651565.   7050591.  11217643.
   5557803.  12841721.  10388957.  12180892. ]
 [ 1037139.   3625321.5  2417507.2  2194195.5  6876860.   3578200.
   2927924.   6026532.   3293393.5  2301580.5]
 [ 5422831.5  5594652.   2615367.8  2220125.   4715372.   5816856.5
   9436239.   1943967.9  6793296.5  4740962.5]
 [ 4246558.   4599924.   1804766.5  1335863.    751943.7  1218301.2
   1844351.5   912918.3  1524567.9  1371179.2]
 [ 8449630.   4210108.5  8358042.5  6921901.   3403782.5  3064537.8
   8471564.   1143966.4  6178652.5  5886492.5]
 [ 6075546.   6330850.5  8678245.  13050495.  10465213.   3945952.2
  13263322.   9496194.   9928638.   9082700. ]
 [ 3532890.   6803044.   6378944.   7436663.   3236317.8  5103243.
   5095875.5  2811871.8  5353879.   6910459. ]]
2024-11-01 22:03:02,185 - INFO - Mean reward per episode: 853706430.0
2024-11-01 22:03:02,199 - INFO - Max reward: 1948191900.0
2024-11-01 22:03:02,221 - INFO - Q-Brave Algorithm took: 153.42070269584656 seconds
2024-11-01 22:03:02,221 - INFO - Q-Brave Algorithm has successfully reached the final node!
2024-11-01 22:03:02,635 - INFO - Running the Multi-Agent Coop Q-Brave Algorithm
2024-11-01 22:03:02,635 - INFO - EPISODE START
2024-11-01 22:03:30,826 - INFO - The total reward for episode 0 is: 1805823400.0
2024-11-01 22:03:30,827 - INFO - The UAVs have visited 30 nodes in episode 0
2024-11-01 22:03:30,827 - INFO - The UAVs have visited the nodes: [[0, 8, 6, 3, 1, 4, 2, 1, 3, 3, 3, 3, 3], [3, 5, 8, 3, 7, 9, 9, 9, 9], [6, 8, 3, 0, 6, 4, 4, 4]]
2024-11-01 22:03:30,827 - INFO - The UAVs have expended 3087777.0 energy in episode 0
2024-11-01 22:03:30,827 - INFO - EPISODE FINISHED
2024-11-01 22:03:30,827 - INFO - EPISODE START
2024-11-01 22:04:08,002 - INFO - The total reward for episode 1 is: 1211769000.0
2024-11-01 22:04:08,002 - INFO - The UAVs have visited 24 nodes in episode 1
2024-11-01 22:04:08,002 - INFO - The UAVs have visited the nodes: [[0, 5, 3, 7, 8, 8, 1, 1], [3, 5, 1, 1, 0, 7, 7, 9, 0], [6, 9, 5, 3, 2, 4, 4]]
2024-11-01 22:04:08,002 - INFO - The UAVs have expended 3119346.2 energy in episode 1
2024-11-01 22:04:08,002 - INFO - EPISODE FINISHED
2024-11-01 22:04:08,002 - INFO - EPISODE START
2024-11-01 22:04:35,578 - INFO - The total reward for episode 2 is: 612247230.0
2024-11-01 22:04:35,579 - INFO - The UAVs have visited 25 nodes in episode 2
2024-11-01 22:04:35,579 - INFO - The UAVs have visited the nodes: [[0, 0, 2, 1, 5, 5, 3, 3, 3, 1], [3, 0, 3, 6, 2, 8], [6, 0, 3, 7, 6, 0, 4, 4, 4]]
2024-11-01 22:04:35,579 - INFO - The UAVs have expended 3113263.0 energy in episode 2
2024-11-01 22:04:35,579 - INFO - EPISODE FINISHED
2024-11-01 22:04:35,579 - INFO - EPISODE START
2024-11-01 22:04:59,609 - INFO - The total reward for episode 3 is: 582403840.0
2024-11-01 22:04:59,609 - INFO - The UAVs have visited 31 nodes in episode 3
2024-11-01 22:04:59,609 - INFO - The UAVs have visited the nodes: [[0, 8, 5, 4, 9, 3, 3], [3, 2, 3, 3, 0, 4, 2, 2, 2, 2, 2], [6, 7, 8, 5, 7, 2, 5, 5, 5, 6, 6, 5, 5]]
2024-11-01 22:04:59,609 - INFO - The UAVs have expended 2984781.5 energy in episode 3
2024-11-01 22:04:59,609 - INFO - EPISODE FINISHED
2024-11-01 22:04:59,610 - INFO - EPISODE START
2024-11-01 22:05:25,829 - INFO - The total reward for episode 4 is: 289537540.0
2024-11-01 22:05:25,829 - INFO - The UAVs have visited 25 nodes in episode 4
2024-11-01 22:05:25,829 - INFO - The UAVs have visited the nodes: [[0, 3, 8, 6, 2, 9, 9], [3, 2, 6, 9, 9, 2, 2, 2], [6, 4, 7, 7, 2, 1, 1, 1, 1, 1]]
2024-11-01 22:05:25,829 - INFO - The UAVs have expended 2979103.8 energy in episode 4
2024-11-01 22:05:25,829 - INFO - EPISODE FINISHED
2024-11-01 22:05:25,830 - INFO - The rewards per episode are: [Array(1.8058234e+09, dtype=float32), Array(1.211769e+09, dtype=float32), Array(6.1224723e+08, dtype=float32), Array(5.8240384e+08, dtype=float32), Array(2.8953754e+08, dtype=float32)]
2024-11-01 22:05:25,831 - INFO - Q Tables are: [Array([[  530274.4 ,        0.  ,   726672.75,  1748294.5 ,        0.  ,
          678370.9 ,        0.  ,        0.  ,   760258.9 ,   302337.03],
       [ 2258962.8 ,  2028184.  ,  5293984.5 ,  2001883.2 ,  6794687.  ,
         6066022.5 ,  5556149.  ,  1321519.9 ,  9822313.  ,  5376456.  ],
       [       0.  ,  2947389.  ,        0.  ,        0.  ,        0.  ,
               0.  ,        0.  ,        0.  ,        0.  ,   432356.25],
       [11628689.  ,  9433431.  , 10675057.  , 12892832.  ,  7043418.  ,
        12502450.  ,  5647710.  , 11079452.  , 11449407.  ,  8938484.  ],
       [       0.  ,        0.  ,  1556799.9 ,        0.  ,        0.  ,
               0.  ,        0.  ,        0.  ,        0.  ,   332757.47],
       [       0.  ,        0.  ,        0.  ,  3108401.8 ,   482627.72,
          730127.5 ,        0.  ,        0.  ,        0.  ,        0.  ],
       [       0.  ,        0.  ,   565078.6 ,   875586.1 ,        0.  ,
               0.  ,        0.  ,        0.  ,        0.  ,        0.  ],
       [       0.  ,        0.  ,        0.  ,        0.  ,        0.  ,
               0.  ,        0.  ,        0.  ,   835485.06,        0.  ],
       [       0.  ,  1214225.6 ,        0.  ,        0.  ,        0.  ,
          636210.7 ,   970792.6 ,        0.  ,   960517.5 ,        0.  ],
       [ 1198392.8 ,   449822.56,  1275167.9 ,  2165269.8 ,  1739261.4 ,
          881762.1 ,   511498.5 ,   877502.4 ,  1922462.9 ,   434906.72]],      dtype=float32), Array([[       0.  ,        0.  ,  5489636.  ,  5572332.  ,  3112755.2 ,
         4584769.  , 10316506.  ,  8727247.  ,  5474947.  ,  3173890.  ],
       [  897604.7 ,   701435.8 ,        0.  ,        0.  ,        0.  ,
               0.  ,        0.  ,        0.  ,        0.  ,        0.  ],
       [       0.  ,  2624955.  ,  4049107.8 ,  4546298.  ,   666296.75,
         5259512.5 ,  3974282.2 ,  4068230.5 ,  2153173.  ,  2621650.2 ],
       [ 2647622.2 ,   327441.3 ,   938164.4 ,   446263.22,        0.  ,
          865317.4 ,   704454.5 ,  1284511.4 ,        0.  ,   489185.84],
       [       0.  ,        0.  ,   430801.4 ,        0.  ,        0.  ,
               0.  ,        0.  ,        0.  ,        0.  ,        0.  ],
       [       0.  ,   559718.2 ,        0.  ,        0.  ,        0.  ,
               0.  ,        0.  ,        0.  ,   622055.06,        0.  ],
       [       0.  ,        0.  ,   495272.1 ,        0.  ,        0.  ,
               0.  ,        0.  ,        0.  ,        0.  ,  1349139.4 ],
       [       0.  ,        0.  ,        0.  ,        0.  ,        0.  ,
               0.  ,        0.  ,  1326715.5 ,        0.  ,  3349384.  ],
       [ 2424193.2 ,        0.  ,  6802943.5 ,  4013511.  ,  2260020.  ,
         4262286.  ,  6961627.  ,        0.  ,        0.  ,  5731601.5 ],
       [10797948.  ,  4810205.  ,  8689845.  ,  2983403.8 ,  1437145.4 ,
        10122580.  ,  8824084.  ,  6090350.  ,  6429774.  ,  7925478.  ]],      dtype=float32), Array([[       0.  ,        0.  ,        0.  ,   329662.6 ,  1909885.4 ,
          634532.25,  1111843.9 ,        0.  ,        0.  ,        0.  ],
       [  441647.16,  1739732.8 ,  1468795.  ,  1017423.8 ,   537575.44,
         2251842.2 ,        0.  ,  1716365.8 ,   999245.75,  1081229.8 ],
       [       0.  ,  1451450.6 ,        0.  ,  1639300.2 ,  2294501.2 ,
          710589.44,        0.  ,  1288713.4 ,        0.  ,        0.  ],
       [  875734.1 ,        0.  ,   580721.7 ,        0.  ,        0.  ,
               0.  ,        0.  ,   365971.34,        0.  ,        0.  ],
       [13003861.  , 13293955.  , 10176730.  ,  7627369.  , 10282448.  ,
        12497489.  , 13525727.  , 11943654.  , 10741577.  , 15015108.  ],
       [ 1212316.9 ,   943346.5 ,  1903616.6 ,  4090156.5 ,        0.  ,
         4021878.5 ,  1261315.8 ,  4278018.  ,  1274415.1 ,  2639418.5 ],
       [ 3549358.  ,   895498.75,        0.  ,  1908290.4 ,  2851734.5 ,
         2491137.8 ,  1773238.9 ,  2319607.  ,   421591.47,  2241164.5 ],
       [       0.  ,        0.  ,  1339929.9 ,        0.  ,        0.  ,
               0.  ,   632716.1 ,   463973.16,   402347.38,        0.  ],
       [       0.  ,        0.  ,        0.  ,   648662.7 ,        0.  ,
          469886.6 ,        0.  ,        0.  ,        0.  ,        0.  ],
       [       0.  ,        0.  ,        0.  ,        0.  ,        0.  ,
          379134.47,        0.  ,        0.  ,        0.  ,        0.  ]],      dtype=float32)]
2024-11-01 22:05:25,834 - INFO - Mean reward per episode: 900356200.0
2024-11-01 22:05:25,835 - INFO - Max reward: 1805823400.0
2024-11-01 22:05:25,839 - INFO - Q-Brave Algorithm took: 143.20394706726074 seconds
2024-11-01 22:05:25,839 - INFO - Q-Brave Algorithm has successfully reached the final node!
