2024-10-17 17:20:36,852 - INFO - Running the Q-Brave Algorithm
2024-10-17 17:20:36,863 - INFO - EPISODE START
2024-10-17 17:20:41,214 - INFO - The reward for episode 0 is: 751132540.0
2024-10-17 17:20:41,214 - INFO - The UAV has visited 30 nodes in episode 0
2024-10-17 17:20:41,214 - INFO - The UAV has visited the nodes: [0, 3, 7, 4, 2, 9, 8, 8, 7, 8, 0, 3, 8, 4, 5, 2, 4, 5, 5, 7, 0, 9, 6, 0, 8, 5, 0, 2, 3, 3]
2024-10-17 17:20:41,214 - INFO - EPISODE FINISHED
2024-10-17 17:20:41,214 - INFO - EPISODE START
2024-10-17 17:20:45,860 - INFO - The reward for episode 1 is: 541309400.0
2024-10-17 17:20:45,861 - INFO - The UAV has visited 30 nodes in episode 1
2024-10-17 17:20:45,861 - INFO - The UAV has visited the nodes: [0, 1, 6, 6, 9, 2, 8, 3, 1, 2, 4, 5, 5, 5, 9, 0, 6, 8, 4, 8, 8, 7, 8, 5, 3, 0, 0, 7, 6, 2]
2024-10-17 17:20:45,861 - INFO - EPISODE FINISHED
2024-10-17 17:20:45,861 - INFO - EPISODE START
2024-10-17 17:20:50,502 - INFO - The reward for episode 2 is: 388599400.0
2024-10-17 17:20:50,502 - INFO - The UAV has visited 30 nodes in episode 2
2024-10-17 17:20:50,502 - INFO - The UAV has visited the nodes: [0, 7, 1, 2, 5, 3, 2, 6, 9, 9, 7, 0, 4, 6, 7, 7, 5, 3, 4, 0, 8, 7, 4, 2, 1, 9, 1, 7, 4, 4]
2024-10-17 17:20:50,502 - INFO - EPISODE FINISHED
2024-10-17 17:20:50,503 - INFO - EPISODE START
2024-10-17 17:20:54,928 - INFO - The reward for episode 3 is: 269015200.0
2024-10-17 17:20:54,928 - INFO - The UAV has visited 30 nodes in episode 3
2024-10-17 17:20:54,928 - INFO - The UAV has visited the nodes: [0, 5, 8, 9, 9, 4, 4, 7, 1, 3, 6, 7, 9, 4, 1, 5, 0, 1, 4, 6, 9, 2, 6, 4, 0, 8, 6, 1, 1, 6]
2024-10-17 17:20:54,928 - INFO - EPISODE FINISHED
2024-10-17 17:20:54,928 - INFO - EPISODE START
2024-10-17 17:20:59,511 - INFO - The reward for episode 4 is: 176274180.0
2024-10-17 17:20:59,511 - INFO - The UAV has visited 30 nodes in episode 4
2024-10-17 17:20:59,511 - INFO - The UAV has visited the nodes: [0, 7, 9, 4, 8, 0, 2, 4, 7, 6, 2, 2, 8, 0, 7, 8, 4, 7, 7, 2, 0, 6, 2, 0, 0, 9, 2, 6, 6, 0]
2024-10-17 17:20:59,511 - INFO - EPISODE FINISHED
2024-10-17 17:20:59,512 - INFO - EPISODE START
2024-10-17 17:21:04,208 - INFO - The reward for episode 5 is: 149722370.0
2024-10-17 17:21:04,208 - INFO - The UAV has visited 30 nodes in episode 5
2024-10-17 17:21:04,208 - INFO - The UAV has visited the nodes: [0, 0, 9, 8, 8, 2, 1, 6, 9, 8, 0, 5, 2, 8, 1, 2, 7, 8, 9, 3, 3, 7, 5, 7, 0, 1, 0, 9, 2, 3]
2024-10-17 17:21:04,208 - INFO - EPISODE FINISHED
2024-10-17 17:21:04,208 - INFO - EPISODE START
2024-10-17 17:21:09,095 - INFO - The reward for episode 6 is: 121319180.0
2024-10-17 17:21:09,096 - INFO - The UAV has visited 30 nodes in episode 6
2024-10-17 17:21:09,096 - INFO - The UAV has visited the nodes: [0, 2, 7, 6, 3, 1, 2, 6, 2, 5, 4, 0, 7, 3, 5, 0, 6, 8, 6, 1, 6, 5, 1, 8, 2, 8, 1, 7, 4, 8]
2024-10-17 17:21:09,096 - INFO - EPISODE FINISHED
2024-10-17 17:21:09,096 - INFO - EPISODE START
2024-10-17 17:21:14,335 - INFO - The reward for episode 7 is: 108439380.0
2024-10-17 17:21:14,335 - INFO - The UAV has visited 30 nodes in episode 7
2024-10-17 17:21:14,335 - INFO - The UAV has visited the nodes: [0, 2, 9, 6, 3, 3, 4, 9, 9, 4, 3, 9, 7, 5, 5, 3, 0, 0, 1, 8, 5, 8, 6, 7, 9, 2, 0, 1, 0, 9]
2024-10-17 17:21:14,335 - INFO - EPISODE FINISHED
2024-10-17 17:21:14,336 - INFO - EPISODE START
2024-10-17 17:21:19,349 - INFO - The reward for episode 8 is: 81940250.0
2024-10-17 17:21:19,349 - INFO - The UAV has visited 30 nodes in episode 8
2024-10-17 17:21:19,349 - INFO - The UAV has visited the nodes: [0, 4, 9, 2, 2, 2, 1, 8, 7, 3, 2, 2, 8, 2, 6, 1, 6, 5, 9, 8, 3, 8, 8, 8, 0, 1, 7, 5, 3, 5]
2024-10-17 17:21:19,349 - INFO - EPISODE FINISHED
2024-10-17 17:21:19,349 - INFO - EPISODE START
2024-10-17 17:21:24,260 - INFO - The reward for episode 9 is: 76867620.0
2024-10-17 17:21:24,260 - INFO - The UAV has visited 30 nodes in episode 9
2024-10-17 17:21:24,260 - INFO - The UAV has visited the nodes: [0, 5, 6, 8, 9, 6, 4, 1, 6, 4, 3, 9, 5, 4, 1, 2, 0, 0, 4, 5, 2, 9, 2, 6, 0, 0, 1, 5, 4, 9]
2024-10-17 17:21:24,260 - INFO - EPISODE FINISHED
2024-10-17 17:21:24,260 - INFO - EPISODE START
2024-10-17 17:21:28,770 - INFO - The reward for episode 10 is: 65760816.0
2024-10-17 17:21:28,770 - INFO - The UAV has visited 30 nodes in episode 10
2024-10-17 17:21:28,770 - INFO - The UAV has visited the nodes: [0, 4, 8, 2, 6, 2, 5, 2, 4, 5, 9, 8, 6, 2, 9, 0, 7, 0, 9, 4, 2, 6, 7, 5, 1, 2, 5, 0, 2, 6]
2024-10-17 17:21:28,770 - INFO - EPISODE FINISHED
2024-10-17 17:21:28,770 - INFO - EPISODE START
2024-10-17 17:21:33,444 - INFO - The reward for episode 11 is: 64721830.0
2024-10-17 17:21:33,444 - INFO - The UAV has visited 30 nodes in episode 11
2024-10-17 17:21:33,444 - INFO - The UAV has visited the nodes: [0, 0, 7, 5, 2, 9, 6, 0, 1, 5, 2, 7, 8, 3, 6, 8, 2, 8, 3, 6, 7, 1, 0, 7, 7, 6, 0, 7, 8, 0]
2024-10-17 17:21:33,444 - INFO - EPISODE FINISHED
2024-10-17 17:21:33,445 - INFO - EPISODE START
2024-10-17 17:21:38,074 - INFO - The reward for episode 12 is: 65612736.0
2024-10-17 17:21:38,074 - INFO - The UAV has visited 30 nodes in episode 12
2024-10-17 17:21:38,074 - INFO - The UAV has visited the nodes: [0, 8, 3, 4, 3, 7, 2, 1, 9, 8, 3, 4, 1, 0, 3, 1, 4, 1, 1, 9, 0, 9, 8, 9, 7, 9, 0, 4, 4, 8]
2024-10-17 17:21:38,074 - INFO - EPISODE FINISHED
2024-10-17 17:21:38,074 - INFO - EPISODE START
2024-10-17 17:21:42,754 - INFO - The reward for episode 13 is: 60254716.0
2024-10-17 17:21:42,755 - INFO - The UAV has visited 30 nodes in episode 13
2024-10-17 17:21:42,755 - INFO - The UAV has visited the nodes: [0, 6, 7, 6, 2, 3, 3, 1, 8, 2, 5, 0, 5, 2, 0, 0, 2, 9, 4, 4, 9, 3, 9, 5, 4, 9, 4, 8, 5, 1]
2024-10-17 17:21:42,755 - INFO - EPISODE FINISHED
2024-10-17 17:21:42,755 - INFO - EPISODE START
2024-10-17 17:21:47,563 - INFO - The reward for episode 14 is: 59404750.0
2024-10-17 17:21:47,563 - INFO - The UAV has visited 30 nodes in episode 14
2024-10-17 17:21:47,563 - INFO - The UAV has visited the nodes: [0, 2, 4, 9, 3, 8, 3, 1, 4, 5, 1, 3, 0, 6, 5, 3, 7, 7, 7, 8, 5, 9, 3, 5, 6, 7, 8, 4, 5, 7]
2024-10-17 17:21:47,563 - INFO - EPISODE FINISHED
2024-10-17 17:21:47,564 - INFO - EPISODE START
2024-10-17 17:21:52,321 - INFO - The reward for episode 15 is: 56546956.0
2024-10-17 17:21:52,321 - INFO - The UAV has visited 30 nodes in episode 15
2024-10-17 17:21:52,321 - INFO - The UAV has visited the nodes: [0, 6, 8, 5, 9, 2, 9, 6, 2, 4, 0, 5, 6, 5, 7, 8, 5, 4, 7, 2, 3, 2, 9, 8, 6, 8, 9, 5, 4, 4]
2024-10-17 17:21:52,321 - INFO - EPISODE FINISHED
2024-10-17 17:21:52,321 - INFO - EPISODE START
2024-10-17 17:21:56,785 - INFO - The reward for episode 16 is: 56422230.0
2024-10-17 17:21:56,785 - INFO - The UAV has visited 30 nodes in episode 16
2024-10-17 17:21:56,785 - INFO - The UAV has visited the nodes: [0, 9, 0, 5, 4, 0, 0, 0, 3, 7, 4, 3, 6, 0, 9, 2, 2, 8, 3, 0, 8, 0, 6, 8, 5, 6, 1, 2, 3, 4]
2024-10-17 17:21:56,785 - INFO - EPISODE FINISHED
2024-10-17 17:21:56,785 - INFO - EPISODE START
2024-10-17 17:22:01,091 - INFO - The reward for episode 17 is: 56065704.0
2024-10-17 17:22:01,091 - INFO - The UAV has visited 30 nodes in episode 17
2024-10-17 17:22:01,091 - INFO - The UAV has visited the nodes: [0, 5, 0, 6, 2, 9, 8, 1, 8, 7, 0, 4, 0, 5, 6, 0, 6, 6, 3, 1, 2, 7, 8, 0, 7, 3, 1, 1, 2, 8]
2024-10-17 17:22:01,091 - INFO - EPISODE FINISHED
2024-10-17 17:22:01,091 - INFO - EPISODE START
2024-10-17 17:22:05,049 - INFO - The reward for episode 18 is: 55763276.0
2024-10-17 17:22:05,049 - INFO - The UAV has visited 30 nodes in episode 18
2024-10-17 17:22:05,049 - INFO - The UAV has visited the nodes: [0, 6, 2, 6, 1, 4, 2, 7, 4, 3, 5, 0, 9, 2, 7, 8, 2, 3, 8, 4, 3, 6, 7, 8, 2, 1, 9, 2, 4, 2]
2024-10-17 17:22:05,049 - INFO - EPISODE FINISHED
2024-10-17 17:22:05,049 - INFO - EPISODE START
2024-10-17 17:22:08,971 - INFO - The reward for episode 19 is: 55646424.0
2024-10-17 17:22:08,971 - INFO - The UAV has visited 30 nodes in episode 19
2024-10-17 17:22:08,971 - INFO - The UAV has visited the nodes: [0, 0, 2, 5, 9, 4, 1, 6, 9, 1, 1, 0, 0, 7, 2, 9, 1, 1, 1, 5, 4, 8, 9, 5, 8, 1, 6, 8, 1, 3]
2024-10-17 17:22:08,971 - INFO - EPISODE FINISHED
2024-10-17 17:22:08,972 - INFO - EPISODE START
2024-10-17 17:22:12,628 - INFO - The reward for episode 20 is: 55443000.0
2024-10-17 17:22:12,628 - INFO - The UAV has visited 30 nodes in episode 20
2024-10-17 17:22:12,628 - INFO - The UAV has visited the nodes: [0, 7, 3, 2, 1, 5, 9, 8, 8, 0, 5, 8, 4, 0, 8, 5, 6, 3, 0, 5, 5, 1, 5, 6, 6, 8, 1, 1, 0, 0]
2024-10-17 17:22:12,628 - INFO - EPISODE FINISHED
2024-10-17 17:22:12,628 - INFO - EPISODE START
2024-10-17 17:22:16,357 - INFO - The reward for episode 21 is: 55409256.0
2024-10-17 17:22:16,357 - INFO - The UAV has visited 30 nodes in episode 21
2024-10-17 17:22:16,357 - INFO - The UAV has visited the nodes: [0, 3, 7, 4, 1, 6, 2, 6, 8, 5, 5, 3, 7, 9, 6, 8, 6, 4, 7, 0, 0, 2, 2, 6, 3, 7, 3, 5, 8, 8]
2024-10-17 17:22:16,357 - INFO - EPISODE FINISHED
2024-10-17 17:22:16,357 - INFO - EPISODE START
2024-10-17 17:22:20,040 - INFO - The reward for episode 22 is: 55319508.0
2024-10-17 17:22:20,040 - INFO - The UAV has visited 30 nodes in episode 22
2024-10-17 17:22:20,040 - INFO - The UAV has visited the nodes: [0, 8, 4, 0, 2, 9, 7, 2, 7, 9, 1, 7, 3, 6, 9, 1, 2, 9, 0, 2, 3, 6, 3, 6, 4, 9, 6, 2, 2, 8]
2024-10-17 17:22:20,040 - INFO - EPISODE FINISHED
2024-10-17 17:22:20,040 - INFO - EPISODE START
2024-10-17 17:22:23,721 - INFO - The reward for episode 23 is: 55303524.0
2024-10-17 17:22:23,721 - INFO - The UAV has visited 30 nodes in episode 23
2024-10-17 17:22:23,721 - INFO - The UAV has visited the nodes: [0, 1, 7, 5, 1, 3, 5, 8, 1, 4, 4, 6, 9, 6, 3, 6, 3, 3, 1, 9, 0, 2, 8, 2, 9, 5, 6, 2, 1, 7]
2024-10-17 17:22:23,721 - INFO - EPISODE FINISHED
2024-10-17 17:22:23,721 - INFO - EPISODE START
2024-10-17 17:22:27,409 - INFO - The reward for episode 24 is: 55272470.0
2024-10-17 17:22:27,409 - INFO - The UAV has visited 30 nodes in episode 24
2024-10-17 17:22:27,409 - INFO - The UAV has visited the nodes: [0, 5, 2, 0, 3, 4, 1, 1, 9, 2, 6, 6, 7, 1, 6, 4, 6, 5, 4, 0, 0, 0, 3, 2, 0, 3, 2, 7, 0, 6]
2024-10-17 17:22:27,409 - INFO - EPISODE FINISHED
2024-10-17 17:22:27,409 - INFO - EPISODE START
2024-10-17 17:22:31,110 - INFO - The reward for episode 25 is: 55267056.0
2024-10-17 17:22:31,110 - INFO - The UAV has visited 30 nodes in episode 25
2024-10-17 17:22:31,110 - INFO - The UAV has visited the nodes: [0, 4, 6, 9, 7, 7, 5, 5, 6, 4, 0, 7, 3, 0, 3, 5, 9, 7, 7, 9, 3, 9, 8, 5, 3, 1, 0, 7, 7, 3]
2024-10-17 17:22:31,110 - INFO - EPISODE FINISHED
2024-10-17 17:22:31,111 - INFO - EPISODE START
2024-10-17 17:22:34,821 - INFO - The reward for episode 26 is: 55261560.0
2024-10-17 17:22:34,821 - INFO - The UAV has visited 30 nodes in episode 26
2024-10-17 17:22:34,821 - INFO - The UAV has visited the nodes: [0, 3, 5, 3, 4, 8, 4, 1, 2, 1, 6, 8, 3, 7, 2, 2, 1, 6, 9, 3, 7, 5, 9, 3, 0, 5, 5, 1, 6, 5]
2024-10-17 17:22:34,821 - INFO - EPISODE FINISHED
2024-10-17 17:22:34,821 - INFO - EPISODE START
2024-10-17 17:22:38,545 - INFO - The reward for episode 27 is: 55257884.0
2024-10-17 17:22:38,545 - INFO - The UAV has visited 30 nodes in episode 27
2024-10-17 17:22:38,545 - INFO - The UAV has visited the nodes: [0, 6, 0, 1, 1, 0, 6, 0, 7, 0, 6, 2, 1, 0, 8, 3, 9, 9, 7, 7, 0, 5, 6, 6, 2, 8, 7, 5, 3, 2]
2024-10-17 17:22:38,545 - INFO - EPISODE FINISHED
2024-10-17 17:22:38,545 - INFO - EPISODE START
2024-10-17 17:22:42,268 - INFO - The reward for episode 28 is: 55257476.0
2024-10-17 17:22:42,268 - INFO - The UAV has visited 30 nodes in episode 28
2024-10-17 17:22:42,268 - INFO - The UAV has visited the nodes: [0, 4, 5, 0, 3, 0, 5, 6, 7, 0, 8, 0, 2, 6, 7, 3, 0, 5, 5, 5, 3, 6, 6, 9, 5, 2, 0, 4, 3, 9]
2024-10-17 17:22:42,268 - INFO - EPISODE FINISHED
2024-10-17 17:22:42,268 - INFO - EPISODE START
2024-10-17 17:22:45,957 - INFO - The reward for episode 29 is: 55257320.0
2024-10-17 17:22:45,958 - INFO - The UAV has visited 24 nodes in episode 29
2024-10-17 17:22:45,958 - INFO - The UAV has visited the nodes: [0, 2, 0, 9, 8, 3, 5, 2, 5, 1, 0, 6, 4, 7, 5, 5, 1, 7, 9, 1, 4, 4, 7, 7]
2024-10-17 17:22:45,958 - INFO - EPISODE FINISHED
2024-10-17 17:22:45,958 - INFO - EPISODE START
2024-10-17 17:22:49,698 - INFO - The reward for episode 30 is: 55256810.0
2024-10-17 17:22:49,698 - INFO - The UAV has visited 15 nodes in episode 30
2024-10-17 17:22:49,698 - INFO - The UAV has visited the nodes: [0, 1, 8, 2, 0, 7, 9, 9, 1, 0, 1, 6, 6, 5, 5]
2024-10-17 17:22:49,698 - INFO - EPISODE FINISHED
2024-10-17 17:22:49,699 - INFO - EPISODE START
2024-10-17 17:22:53,361 - INFO - The reward for episode 31 is: 55256896.0
2024-10-17 17:22:53,361 - INFO - The UAV has visited 30 nodes in episode 31
2024-10-17 17:22:53,361 - INFO - The UAV has visited the nodes: [0, 8, 7, 1, 3, 1, 2, 1, 2, 4, 0, 8, 6, 9, 6, 3, 4, 9, 4, 4, 0, 9, 6, 8, 5, 0, 7, 2, 9, 9]
2024-10-17 17:22:53,361 - INFO - EPISODE FINISHED
2024-10-17 17:22:53,361 - INFO - EPISODE START
2024-10-17 17:22:57,080 - INFO - The reward for episode 32 is: 55256692.0
2024-10-17 17:22:57,080 - INFO - The UAV has visited 29 nodes in episode 32
2024-10-17 17:22:57,080 - INFO - The UAV has visited the nodes: [0, 4, 1, 8, 4, 0, 2, 9, 5, 7, 8, 4, 1, 9, 2, 8, 1, 4, 8, 9, 8, 0, 1, 0, 6, 4, 9, 4, 6]
2024-10-17 17:22:57,080 - INFO - EPISODE FINISHED
2024-10-17 17:22:57,080 - INFO - EPISODE START
2024-10-17 17:23:00,731 - INFO - The reward for episode 33 is: 55256584.0
2024-10-17 17:23:00,731 - INFO - The UAV has visited 27 nodes in episode 33
2024-10-17 17:23:00,731 - INFO - The UAV has visited the nodes: [0, 1, 4, 4, 2, 2, 6, 6, 7, 8, 4, 4, 4, 6, 0, 6, 5, 6, 2, 7, 5, 0, 6, 3, 3, 4, 4]
2024-10-17 17:23:00,731 - INFO - EPISODE FINISHED
2024-10-17 17:23:00,732 - INFO - EPISODE START
2024-10-17 17:23:04,463 - INFO - The reward for episode 34 is: 55256588.0
2024-10-17 17:23:04,463 - INFO - The UAV has visited 17 nodes in episode 34
2024-10-17 17:23:04,463 - INFO - The UAV has visited the nodes: [0, 0, 6, 2, 3, 1, 6, 6, 4, 1, 3, 6, 3, 2, 2, 4, 4]
2024-10-17 17:23:04,463 - INFO - EPISODE FINISHED
2024-10-17 17:23:04,463 - INFO - EPISODE START
2024-10-17 17:23:08,175 - INFO - The reward for episode 35 is: 55256536.0
2024-10-17 17:23:08,175 - INFO - The UAV has visited 24 nodes in episode 35
2024-10-17 17:23:08,175 - INFO - The UAV has visited the nodes: [0, 7, 1, 4, 8, 6, 3, 8, 1, 3, 9, 7, 3, 4, 7, 0, 6, 6, 9, 2, 6, 6, 6, 6]
2024-10-17 17:23:08,175 - INFO - EPISODE FINISHED
2024-10-17 17:23:08,176 - INFO - EPISODE START
2024-10-17 17:23:11,840 - INFO - The reward for episode 36 is: 55256524.0
2024-10-17 17:23:11,840 - INFO - The UAV has visited 23 nodes in episode 36
2024-10-17 17:23:11,840 - INFO - The UAV has visited the nodes: [0, 0, 4, 9, 2, 6, 8, 2, 2, 1, 6, 1, 8, 0, 5, 5, 0, 1, 1, 3, 3, 3, 3]
2024-10-17 17:23:11,840 - INFO - EPISODE FINISHED
2024-10-17 17:23:11,840 - INFO - EPISODE START
2024-10-17 17:23:15,432 - INFO - The reward for episode 37 is: 55256524.0
2024-10-17 17:23:15,433 - INFO - The UAV has visited 16 nodes in episode 37
2024-10-17 17:23:15,433 - INFO - The UAV has visited the nodes: [0, 4, 2, 3, 5, 5, 9, 6, 6, 9, 9, 9, 4, 3, 9, 0]
2024-10-17 17:23:15,433 - INFO - EPISODE FINISHED
2024-10-17 17:23:15,433 - INFO - EPISODE START
2024-10-17 17:23:19,109 - INFO - The reward for episode 38 is: 55256524.0
2024-10-17 17:23:19,109 - INFO - The UAV has visited 28 nodes in episode 38
2024-10-17 17:23:19,109 - INFO - The UAV has visited the nodes: [0, 6, 5, 0, 5, 5, 4, 2, 6, 9, 8, 5, 3, 2, 3, 6, 6, 0, 0, 4, 0, 8, 3, 6, 6, 4, 3, 8]
2024-10-17 17:23:19,109 - INFO - EPISODE FINISHED
2024-10-17 17:23:19,110 - INFO - EPISODE START
2024-10-17 17:23:22,734 - INFO - The reward for episode 39 is: 55256524.0
2024-10-17 17:23:22,734 - INFO - The UAV has visited 15 nodes in episode 39
2024-10-17 17:23:22,734 - INFO - The UAV has visited the nodes: [0, 6, 2, 6, 7, 7, 1, 1, 7, 8, 6, 5, 8, 8, 8]
2024-10-17 17:23:22,734 - INFO - EPISODE FINISHED
2024-10-17 17:23:22,735 - INFO - EPISODE START
2024-10-17 17:23:26,424 - INFO - The reward for episode 40 is: 55256524.0
2024-10-17 17:23:26,424 - INFO - The UAV has visited 30 nodes in episode 40
2024-10-17 17:23:26,424 - INFO - The UAV has visited the nodes: [0, 4, 5, 7, 7, 5, 5, 9, 4, 4, 2, 6, 4, 5, 5, 4, 0, 3, 5, 2, 6, 4, 6, 6, 2, 8, 6, 5, 6, 2]
2024-10-17 17:23:26,425 - INFO - EPISODE FINISHED
2024-10-17 17:23:26,425 - INFO - EPISODE START
2024-10-17 17:23:30,062 - INFO - The reward for episode 41 is: 55256524.0
2024-10-17 17:23:30,062 - INFO - The UAV has visited 26 nodes in episode 41
2024-10-17 17:23:30,062 - INFO - The UAV has visited the nodes: [0, 1, 5, 6, 8, 1, 3, 2, 2, 5, 9, 8, 1, 2, 8, 7, 0, 4, 1, 1, 2, 4, 1, 6, 0, 4]
2024-10-17 17:23:30,062 - INFO - EPISODE FINISHED
2024-10-17 17:23:30,062 - INFO - EPISODE START
2024-10-17 17:23:33,759 - INFO - The reward for episode 42 is: 55256524.0
2024-10-17 17:23:33,759 - INFO - The UAV has visited 30 nodes in episode 42
2024-10-17 17:23:33,759 - INFO - The UAV has visited the nodes: [0, 9, 7, 8, 2, 1, 1, 6, 3, 7, 8, 8, 9, 2, 5, 9, 0, 0, 1, 8, 8, 5, 4, 1, 5, 0, 6, 1, 1, 2]
2024-10-17 17:23:33,759 - INFO - EPISODE FINISHED
2024-10-17 17:23:33,759 - INFO - EPISODE START
2024-10-17 17:23:37,418 - INFO - The reward for episode 43 is: 55256524.0
2024-10-17 17:23:37,418 - INFO - The UAV has visited 30 nodes in episode 43
2024-10-17 17:23:37,418 - INFO - The UAV has visited the nodes: [0, 8, 4, 9, 9, 1, 6, 5, 2, 6, 9, 5, 0, 6, 7, 1, 7, 5, 7, 9, 6, 3, 2, 0, 6, 4, 9, 3, 9, 8]
2024-10-17 17:23:37,418 - INFO - EPISODE FINISHED
2024-10-17 17:23:37,419 - INFO - EPISODE START
2024-10-17 17:23:41,071 - INFO - The reward for episode 44 is: 55256524.0
2024-10-17 17:23:41,071 - INFO - The UAV has visited 30 nodes in episode 44
2024-10-17 17:23:41,071 - INFO - The UAV has visited the nodes: [0, 5, 9, 5, 1, 1, 1, 8, 1, 7, 4, 4, 2, 8, 7, 1, 1, 7, 0, 1, 5, 3, 4, 0, 4, 6, 6, 7, 4, 0]
2024-10-17 17:23:41,071 - INFO - EPISODE FINISHED
2024-10-17 17:23:41,071 - INFO - EPISODE START
2024-10-17 17:23:44,742 - INFO - The reward for episode 45 is: 55256524.0
2024-10-17 17:23:44,743 - INFO - The UAV has visited 30 nodes in episode 45
2024-10-17 17:23:44,743 - INFO - The UAV has visited the nodes: [0, 2, 1, 6, 5, 5, 4, 2, 1, 7, 6, 9, 3, 5, 3, 0, 7, 9, 6, 5, 5, 1, 5, 4, 5, 1, 2, 2, 6, 4]
2024-10-17 17:23:44,743 - INFO - EPISODE FINISHED
2024-10-17 17:23:44,743 - INFO - EPISODE START
2024-10-17 17:23:48,374 - INFO - The reward for episode 46 is: 55256524.0
2024-10-17 17:23:48,374 - INFO - The UAV has visited 30 nodes in episode 46
2024-10-17 17:23:48,374 - INFO - The UAV has visited the nodes: [0, 9, 9, 4, 3, 8, 8, 5, 5, 3, 1, 0, 0, 8, 8, 8, 1, 9, 1, 9, 2, 8, 7, 6, 7, 2, 3, 8, 7, 1]
2024-10-17 17:23:48,374 - INFO - EPISODE FINISHED
2024-10-17 17:23:48,374 - INFO - EPISODE START
2024-10-17 17:23:52,113 - INFO - The reward for episode 47 is: 55256524.0
2024-10-17 17:23:52,113 - INFO - The UAV has visited 30 nodes in episode 47
2024-10-17 17:23:52,113 - INFO - The UAV has visited the nodes: [0, 3, 6, 2, 1, 5, 6, 0, 4, 0, 6, 9, 7, 2, 4, 8, 5, 0, 2, 1, 1, 8, 1, 1, 9, 6, 1, 2, 1, 5]
2024-10-17 17:23:52,113 - INFO - EPISODE FINISHED
2024-10-17 17:23:52,113 - INFO - EPISODE START
2024-10-17 17:23:55,850 - INFO - The reward for episode 48 is: 55256524.0
2024-10-17 17:23:55,850 - INFO - The UAV has visited 30 nodes in episode 48
2024-10-17 17:23:55,850 - INFO - The UAV has visited the nodes: [0, 6, 7, 5, 8, 7, 1, 2, 7, 6, 0, 8, 3, 8, 3, 7, 2, 1, 0, 0, 5, 7, 6, 0, 5, 5, 5, 5, 6, 1]
2024-10-17 17:23:55,850 - INFO - EPISODE FINISHED
2024-10-17 17:23:55,850 - INFO - EPISODE START
2024-10-17 17:23:59,529 - INFO - The reward for episode 49 is: 55256524.0
2024-10-17 17:23:59,529 - INFO - The UAV has visited 30 nodes in episode 49
2024-10-17 17:23:59,529 - INFO - The UAV has visited the nodes: [0, 6, 8, 2, 6, 5, 2, 5, 8, 6, 3, 8, 7, 3, 3, 7, 4, 2, 5, 0, 7, 6, 1, 8, 4, 6, 3, 7, 4, 2]
2024-10-17 17:23:59,529 - INFO - EPISODE FINISHED
2024-10-17 17:23:59,529 - INFO - EPISODE START
2024-10-17 17:24:03,248 - INFO - The reward for episode 50 is: 55256524.0
2024-10-17 17:24:03,248 - INFO - The UAV has visited 30 nodes in episode 50
2024-10-17 17:24:03,248 - INFO - The UAV has visited the nodes: [0, 3, 0, 6, 8, 4, 2, 7, 4, 3, 6, 6, 2, 9, 7, 8, 0, 6, 4, 2, 4, 5, 5, 4, 5, 4, 8, 7, 4, 2]
2024-10-17 17:24:03,248 - INFO - EPISODE FINISHED
2024-10-17 17:24:03,249 - INFO - EPISODE START
2024-10-17 17:24:06,905 - INFO - The reward for episode 51 is: 55256524.0
2024-10-17 17:24:06,905 - INFO - The UAV has visited 30 nodes in episode 51
2024-10-17 17:24:06,905 - INFO - The UAV has visited the nodes: [0, 9, 0, 2, 4, 1, 0, 9, 1, 9, 1, 2, 0, 8, 6, 5, 9, 9, 9, 1, 5, 4, 9, 9, 1, 9, 3, 3, 1, 0]
2024-10-17 17:24:06,905 - INFO - EPISODE FINISHED
2024-10-17 17:24:06,905 - INFO - EPISODE START
2024-10-17 17:24:10,538 - INFO - The reward for episode 52 is: 55256524.0
2024-10-17 17:24:10,538 - INFO - The UAV has visited 30 nodes in episode 52
2024-10-17 17:24:10,538 - INFO - The UAV has visited the nodes: [0, 8, 5, 6, 4, 6, 6, 4, 0, 8, 2, 6, 6, 8, 5, 2, 3, 1, 9, 4, 0, 9, 0, 8, 9, 3, 6, 5, 1, 8]
2024-10-17 17:24:10,538 - INFO - EPISODE FINISHED
2024-10-17 17:24:10,539 - INFO - EPISODE START
2024-10-17 17:24:14,221 - INFO - The reward for episode 53 is: 55256524.0
2024-10-17 17:24:14,221 - INFO - The UAV has visited 30 nodes in episode 53
2024-10-17 17:24:14,221 - INFO - The UAV has visited the nodes: [0, 6, 2, 1, 6, 5, 5, 1, 7, 7, 3, 8, 1, 6, 9, 8, 6, 4, 2, 1, 1, 5, 6, 5, 1, 3, 9, 6, 2, 8]
2024-10-17 17:24:14,221 - INFO - EPISODE FINISHED
2024-10-17 17:24:14,221 - INFO - EPISODE START
2024-10-17 17:24:17,906 - INFO - The reward for episode 54 is: 55256524.0
2024-10-17 17:24:17,906 - INFO - The UAV has visited 30 nodes in episode 54
2024-10-17 17:24:17,906 - INFO - The UAV has visited the nodes: [0, 4, 7, 9, 9, 0, 6, 7, 5, 1, 9, 8, 7, 1, 4, 7, 9, 7, 1, 6, 0, 1, 0, 3, 2, 8, 7, 4, 3, 2]
2024-10-17 17:24:17,906 - INFO - EPISODE FINISHED
2024-10-17 17:24:17,906 - INFO - EPISODE START
2024-10-17 17:24:21,567 - INFO - The reward for episode 55 is: 55256524.0
2024-10-17 17:24:21,567 - INFO - The UAV has visited 30 nodes in episode 55
2024-10-17 17:24:21,567 - INFO - The UAV has visited the nodes: [0, 2, 1, 6, 3, 5, 1, 5, 3, 8, 2, 9, 2, 6, 7, 7, 2, 3, 1, 6, 6, 5, 5, 2, 3, 1, 2, 3, 9, 7]
2024-10-17 17:24:21,567 - INFO - EPISODE FINISHED
2024-10-17 17:24:21,567 - INFO - EPISODE START
2024-10-17 17:24:25,225 - INFO - The reward for episode 56 is: 55256524.0
2024-10-17 17:24:25,225 - INFO - The UAV has visited 30 nodes in episode 56
2024-10-17 17:24:25,225 - INFO - The UAV has visited the nodes: [0, 8, 7, 2, 3, 2, 2, 6, 5, 8, 4, 3, 8, 8, 9, 9, 0, 5, 8, 7, 7, 9, 9, 4, 1, 5, 9, 4, 4, 2]
2024-10-17 17:24:25,225 - INFO - EPISODE FINISHED
2024-10-17 17:24:25,225 - INFO - EPISODE START
2024-10-17 17:24:28,890 - INFO - The reward for episode 57 is: 55256524.0
2024-10-17 17:24:28,890 - INFO - The UAV has visited 30 nodes in episode 57
2024-10-17 17:24:28,890 - INFO - The UAV has visited the nodes: [0, 8, 6, 7, 0, 3, 4, 2, 7, 1, 5, 2, 1, 4, 0, 1, 9, 0, 2, 9, 7, 1, 5, 1, 7, 5, 6, 7, 3, 3]
2024-10-17 17:24:28,890 - INFO - EPISODE FINISHED
2024-10-17 17:24:28,890 - INFO - EPISODE START
2024-10-17 17:24:32,501 - INFO - The reward for episode 58 is: 55256524.0
2024-10-17 17:24:32,501 - INFO - The UAV has visited 30 nodes in episode 58
2024-10-17 17:24:32,501 - INFO - The UAV has visited the nodes: [0, 9, 3, 5, 5, 0, 7, 4, 2, 0, 0, 8, 7, 0, 4, 7, 5, 6, 4, 4, 7, 2, 6, 5, 8, 3, 9, 1, 4, 3]
2024-10-17 17:24:32,501 - INFO - EPISODE FINISHED
2024-10-17 17:24:32,502 - INFO - EPISODE START
2024-10-17 17:24:36,221 - INFO - The reward for episode 59 is: 55256524.0
2024-10-17 17:24:36,221 - INFO - The UAV has visited 30 nodes in episode 59
2024-10-17 17:24:36,222 - INFO - The UAV has visited the nodes: [0, 2, 0, 7, 3, 7, 4, 1, 7, 4, 7, 5, 7, 0, 0, 4, 4, 1, 5, 9, 5, 9, 8, 5, 1, 8, 8, 3, 9, 2]
2024-10-17 17:24:36,222 - INFO - EPISODE FINISHED
2024-10-17 17:24:36,222 - INFO - EPISODE START
2024-10-17 17:24:39,929 - INFO - The reward for episode 60 is: 55256524.0
2024-10-17 17:24:39,929 - INFO - The UAV has visited 30 nodes in episode 60
2024-10-17 17:24:39,929 - INFO - The UAV has visited the nodes: [0, 5, 6, 1, 5, 4, 1, 0, 2, 1, 3, 2, 6, 1, 3, 6, 9, 8, 4, 1, 0, 9, 2, 9, 3, 3, 5, 7, 9, 1]
2024-10-17 17:24:39,929 - INFO - EPISODE FINISHED
2024-10-17 17:24:39,929 - INFO - EPISODE START
2024-10-17 17:24:43,689 - INFO - The reward for episode 61 is: 55256524.0
2024-10-17 17:24:43,689 - INFO - The UAV has visited 30 nodes in episode 61
2024-10-17 17:24:43,689 - INFO - The UAV has visited the nodes: [0, 1, 2, 9, 5, 6, 4, 5, 7, 7, 1, 2, 1, 6, 8, 7, 1, 2, 5, 8, 4, 7, 3, 9, 2, 2, 2, 8, 7, 2]
2024-10-17 17:24:43,689 - INFO - EPISODE FINISHED
2024-10-17 17:24:43,690 - INFO - EPISODE START
2024-10-17 17:24:47,405 - INFO - The reward for episode 62 is: 55256524.0
2024-10-17 17:24:47,405 - INFO - The UAV has visited 30 nodes in episode 62
2024-10-17 17:24:47,405 - INFO - The UAV has visited the nodes: [0, 7, 3, 0, 9, 4, 5, 2, 0, 1, 6, 8, 8, 4, 3, 1, 1, 8, 6, 4, 9, 1, 5, 7, 0, 6, 1, 3, 3, 2]
2024-10-17 17:24:47,405 - INFO - EPISODE FINISHED
2024-10-17 17:24:47,406 - INFO - EPISODE START
2024-10-17 17:24:51,132 - INFO - The reward for episode 63 is: 55256524.0
2024-10-17 17:24:51,132 - INFO - The UAV has visited 30 nodes in episode 63
2024-10-17 17:24:51,132 - INFO - The UAV has visited the nodes: [0, 6, 1, 0, 7, 0, 5, 3, 7, 0, 7, 7, 3, 9, 1, 2, 0, 3, 2, 1, 0, 1, 9, 1, 3, 9, 2, 9, 7, 2]
2024-10-17 17:24:51,132 - INFO - EPISODE FINISHED
2024-10-17 17:24:51,132 - INFO - EPISODE START
2024-10-17 17:24:54,856 - INFO - The reward for episode 64 is: 55256524.0
2024-10-17 17:24:54,856 - INFO - The UAV has visited 30 nodes in episode 64
2024-10-17 17:24:54,856 - INFO - The UAV has visited the nodes: [0, 0, 7, 2, 2, 3, 6, 3, 1, 9, 8, 7, 7, 3, 6, 5, 0, 0, 9, 9, 7, 2, 5, 7, 0, 3, 4, 6, 4, 7]
2024-10-17 17:24:54,856 - INFO - EPISODE FINISHED
2024-10-17 17:24:54,857 - INFO - EPISODE START
2024-10-17 17:24:58,515 - INFO - The reward for episode 65 is: 55256524.0
2024-10-17 17:24:58,515 - INFO - The UAV has visited 30 nodes in episode 65
2024-10-17 17:24:58,515 - INFO - The UAV has visited the nodes: [0, 4, 9, 9, 3, 0, 0, 5, 0, 7, 2, 8, 7, 0, 3, 0, 9, 5, 9, 6, 3, 2, 4, 5, 1, 9, 6, 9, 0, 1]
2024-10-17 17:24:58,515 - INFO - EPISODE FINISHED
2024-10-17 17:24:58,515 - INFO - EPISODE START
2024-10-17 17:25:02,231 - INFO - The reward for episode 66 is: 55256524.0
2024-10-17 17:25:02,231 - INFO - The UAV has visited 30 nodes in episode 66
2024-10-17 17:25:02,231 - INFO - The UAV has visited the nodes: [0, 2, 3, 2, 5, 5, 2, 5, 7, 5, 1, 0, 3, 2, 1, 2, 6, 1, 2, 0, 2, 3, 9, 6, 8, 9, 5, 8, 4, 5]
2024-10-17 17:25:02,231 - INFO - EPISODE FINISHED
2024-10-17 17:25:02,231 - INFO - EPISODE START
2024-10-17 17:25:05,938 - INFO - The reward for episode 67 is: 55256524.0
2024-10-17 17:25:05,938 - INFO - The UAV has visited 30 nodes in episode 67
2024-10-17 17:25:05,938 - INFO - The UAV has visited the nodes: [0, 9, 7, 4, 0, 2, 3, 3, 7, 5, 2, 6, 7, 6, 5, 6, 1, 7, 2, 0, 6, 5, 2, 9, 9, 3, 1, 4, 2, 2]
2024-10-17 17:25:05,938 - INFO - EPISODE FINISHED
2024-10-17 17:25:05,939 - INFO - EPISODE START
2024-10-17 17:25:09,611 - INFO - The reward for episode 68 is: 55256524.0
2024-10-17 17:25:09,611 - INFO - The UAV has visited 30 nodes in episode 68
2024-10-17 17:25:09,611 - INFO - The UAV has visited the nodes: [0, 8, 8, 3, 3, 0, 6, 9, 3, 3, 1, 8, 8, 2, 1, 5, 1, 0, 9, 3, 5, 4, 7, 2, 5, 3, 7, 3, 0, 1]
2024-10-17 17:25:09,611 - INFO - EPISODE FINISHED
2024-10-17 17:25:09,611 - INFO - EPISODE START
2024-10-17 17:25:13,264 - INFO - The reward for episode 69 is: 55256524.0
2024-10-17 17:25:13,264 - INFO - The UAV has visited 30 nodes in episode 69
2024-10-17 17:25:13,264 - INFO - The UAV has visited the nodes: [0, 6, 6, 5, 3, 4, 9, 1, 1, 3, 9, 6, 0, 9, 8, 6, 4, 6, 1, 4, 3, 5, 6, 5, 9, 3, 6, 9, 6, 6]
2024-10-17 17:25:13,264 - INFO - EPISODE FINISHED
2024-10-17 17:25:13,264 - INFO - EPISODE START
2024-10-17 17:25:16,880 - INFO - The reward for episode 70 is: 55256524.0
2024-10-17 17:25:16,880 - INFO - The UAV has visited 30 nodes in episode 70
2024-10-17 17:25:16,880 - INFO - The UAV has visited the nodes: [0, 2, 9, 2, 6, 9, 3, 3, 1, 1, 9, 1, 5, 4, 5, 1, 0, 4, 2, 9, 7, 3, 9, 2, 8, 7, 3, 1, 3, 7]
2024-10-17 17:25:16,880 - INFO - EPISODE FINISHED
2024-10-17 17:25:16,880 - INFO - EPISODE START
2024-10-17 17:25:20,572 - INFO - The reward for episode 71 is: 55256524.0
2024-10-17 17:25:20,572 - INFO - The UAV has visited 30 nodes in episode 71
2024-10-17 17:25:20,572 - INFO - The UAV has visited the nodes: [0, 6, 3, 5, 9, 5, 1, 4, 1, 9, 4, 4, 6, 7, 7, 4, 2, 4, 2, 5, 6, 2, 6, 5, 8, 5, 0, 6, 0, 4]
2024-10-17 17:25:20,573 - INFO - EPISODE FINISHED
2024-10-17 17:25:20,573 - INFO - EPISODE START
2024-10-17 17:25:24,231 - INFO - The reward for episode 72 is: 55256524.0
2024-10-17 17:25:24,231 - INFO - The UAV has visited 30 nodes in episode 72
2024-10-17 17:25:24,231 - INFO - The UAV has visited the nodes: [0, 1, 7, 5, 9, 2, 0, 8, 1, 6, 4, 0, 1, 7, 8, 4, 4, 0, 4, 2, 2, 3, 9, 5, 7, 0, 3, 8, 2, 3]
2024-10-17 17:25:24,231 - INFO - EPISODE FINISHED
2024-10-17 17:25:24,232 - INFO - EPISODE START
2024-10-17 17:25:27,891 - INFO - The reward for episode 73 is: 55256524.0
2024-10-17 17:25:27,891 - INFO - The UAV has visited 30 nodes in episode 73
2024-10-17 17:25:27,891 - INFO - The UAV has visited the nodes: [0, 6, 9, 1, 9, 8, 4, 1, 3, 1, 4, 8, 5, 0, 3, 3, 6, 3, 1, 3, 7, 3, 4, 9, 6, 5, 9, 1, 3, 0]
2024-10-17 17:25:27,891 - INFO - EPISODE FINISHED
2024-10-17 17:25:27,892 - INFO - EPISODE START
2024-10-17 17:25:31,516 - INFO - The reward for episode 74 is: 55256524.0
2024-10-17 17:25:31,516 - INFO - The UAV has visited 30 nodes in episode 74
2024-10-17 17:25:31,516 - INFO - The UAV has visited the nodes: [0, 9, 8, 7, 1, 3, 8, 6, 5, 3, 5, 3, 5, 0, 2, 5, 9, 5, 2, 3, 3, 2, 1, 5, 5, 4, 1, 8, 7, 3]
2024-10-17 17:25:31,516 - INFO - EPISODE FINISHED
2024-10-17 17:25:31,517 - INFO - EPISODE START
2024-10-17 17:25:35,201 - INFO - The reward for episode 75 is: 55256524.0
2024-10-17 17:25:35,201 - INFO - The UAV has visited 30 nodes in episode 75
2024-10-17 17:25:35,201 - INFO - The UAV has visited the nodes: [0, 3, 3, 1, 0, 5, 5, 3, 0, 3, 8, 4, 6, 1, 3, 7, 1, 3, 2, 1, 2, 1, 5, 6, 5, 2, 5, 0, 5, 8]
2024-10-17 17:25:35,201 - INFO - EPISODE FINISHED
2024-10-17 17:25:35,201 - INFO - EPISODE START
2024-10-17 17:25:38,883 - INFO - The reward for episode 76 is: 55256524.0
2024-10-17 17:25:38,884 - INFO - The UAV has visited 30 nodes in episode 76
2024-10-17 17:25:38,884 - INFO - The UAV has visited the nodes: [0, 8, 5, 4, 6, 6, 7, 2, 1, 0, 8, 6, 9, 3, 3, 3, 5, 7, 8, 5, 1, 9, 9, 2, 4, 8, 0, 7, 3, 4]
2024-10-17 17:25:38,884 - INFO - EPISODE FINISHED
2024-10-17 17:25:38,884 - INFO - EPISODE START
2024-10-17 17:25:42,556 - INFO - The reward for episode 77 is: 55256524.0
2024-10-17 17:25:42,556 - INFO - The UAV has visited 30 nodes in episode 77
2024-10-17 17:25:42,556 - INFO - The UAV has visited the nodes: [0, 7, 1, 2, 8, 5, 5, 4, 5, 7, 8, 8, 4, 2, 3, 2, 7, 0, 0, 1, 1, 2, 6, 8, 3, 5, 9, 9, 2, 7]
2024-10-17 17:25:42,556 - INFO - EPISODE FINISHED
2024-10-17 17:25:42,556 - INFO - EPISODE START
2024-10-17 17:25:46,244 - INFO - The reward for episode 78 is: 55256524.0
2024-10-17 17:25:46,244 - INFO - The UAV has visited 30 nodes in episode 78
2024-10-17 17:25:46,244 - INFO - The UAV has visited the nodes: [0, 7, 0, 0, 3, 4, 8, 2, 1, 5, 7, 2, 4, 2, 4, 9, 4, 9, 0, 6, 6, 9, 5, 5, 6, 9, 1, 3, 1, 4]
2024-10-17 17:25:46,244 - INFO - EPISODE FINISHED
2024-10-17 17:25:46,244 - INFO - EPISODE START
2024-10-17 17:25:49,924 - INFO - The reward for episode 79 is: 55256524.0
2024-10-17 17:25:49,924 - INFO - The UAV has visited 30 nodes in episode 79
2024-10-17 17:25:49,924 - INFO - The UAV has visited the nodes: [0, 4, 5, 7, 0, 5, 0, 9, 6, 4, 0, 8, 3, 2, 0, 2, 1, 8, 5, 4, 5, 0, 3, 4, 1, 7, 0, 4, 7, 6]
2024-10-17 17:25:49,924 - INFO - EPISODE FINISHED
2024-10-17 17:25:49,925 - INFO - EPISODE START
2024-10-17 17:25:53,593 - INFO - The reward for episode 80 is: 55256524.0
2024-10-17 17:25:53,593 - INFO - The UAV has visited 30 nodes in episode 80
2024-10-17 17:25:53,593 - INFO - The UAV has visited the nodes: [0, 8, 1, 5, 3, 2, 9, 1, 2, 0, 5, 4, 0, 7, 9, 2, 0, 0, 9, 5, 1, 9, 1, 0, 8, 1, 6, 9, 2, 9]
2024-10-17 17:25:53,593 - INFO - EPISODE FINISHED
2024-10-17 17:25:53,593 - INFO - EPISODE START
2024-10-17 17:25:57,286 - INFO - The reward for episode 81 is: 55256524.0
2024-10-17 17:25:57,286 - INFO - The UAV has visited 30 nodes in episode 81
2024-10-17 17:25:57,286 - INFO - The UAV has visited the nodes: [0, 2, 9, 3, 5, 3, 5, 6, 4, 5, 2, 3, 5, 4, 7, 2, 0, 5, 5, 9, 9, 7, 3, 3, 7, 2, 7, 1, 6, 1]
2024-10-17 17:25:57,286 - INFO - EPISODE FINISHED
2024-10-17 17:25:57,287 - INFO - EPISODE START
2024-10-17 17:26:01,006 - INFO - The reward for episode 82 is: 55256524.0
2024-10-17 17:26:01,006 - INFO - The UAV has visited 30 nodes in episode 82
2024-10-17 17:26:01,006 - INFO - The UAV has visited the nodes: [0, 2, 9, 9, 1, 3, 4, 1, 9, 4, 9, 3, 3, 8, 8, 9, 7, 5, 2, 0, 1, 9, 9, 5, 2, 9, 4, 5, 1, 1]
2024-10-17 17:26:01,006 - INFO - EPISODE FINISHED
2024-10-17 17:26:01,006 - INFO - EPISODE START
2024-10-17 17:26:04,699 - INFO - The reward for episode 83 is: 55256524.0
2024-10-17 17:26:04,699 - INFO - The UAV has visited 30 nodes in episode 83
2024-10-17 17:26:04,699 - INFO - The UAV has visited the nodes: [0, 8, 7, 1, 3, 7, 0, 4, 4, 8, 9, 9, 7, 0, 7, 7, 3, 2, 5, 4, 8, 0, 0, 5, 0, 3, 3, 9, 4, 8]
2024-10-17 17:26:04,699 - INFO - EPISODE FINISHED
2024-10-17 17:26:04,699 - INFO - EPISODE START
2024-10-17 17:26:08,470 - INFO - The reward for episode 84 is: 55256524.0
2024-10-17 17:26:08,470 - INFO - The UAV has visited 30 nodes in episode 84
2024-10-17 17:26:08,470 - INFO - The UAV has visited the nodes: [0, 8, 7, 9, 8, 9, 3, 5, 8, 8, 5, 8, 5, 8, 7, 6, 5, 7, 5, 1, 2, 1, 0, 2, 4, 6, 9, 9, 6, 2]
2024-10-17 17:26:08,470 - INFO - EPISODE FINISHED
2024-10-17 17:26:08,470 - INFO - EPISODE START
2024-10-17 17:26:12,175 - INFO - The reward for episode 85 is: 55256524.0
2024-10-17 17:26:12,176 - INFO - The UAV has visited 30 nodes in episode 85
2024-10-17 17:26:12,176 - INFO - The UAV has visited the nodes: [0, 4, 7, 3, 2, 2, 1, 5, 3, 0, 5, 8, 2, 1, 8, 0, 1, 8, 3, 7, 4, 9, 2, 8, 7, 9, 4, 9, 6, 2]
2024-10-17 17:26:12,176 - INFO - EPISODE FINISHED
2024-10-17 17:26:12,176 - INFO - EPISODE START
2024-10-17 17:26:15,893 - INFO - The reward for episode 86 is: 55256524.0
2024-10-17 17:26:15,893 - INFO - The UAV has visited 30 nodes in episode 86
2024-10-17 17:26:15,893 - INFO - The UAV has visited the nodes: [0, 8, 2, 9, 8, 3, 7, 1, 8, 6, 3, 1, 3, 7, 7, 2, 6, 1, 6, 6, 9, 7, 2, 1, 0, 7, 2, 4, 1, 1]
2024-10-17 17:26:15,893 - INFO - EPISODE FINISHED
2024-10-17 17:26:15,894 - INFO - EPISODE START
2024-10-17 17:26:19,615 - INFO - The reward for episode 87 is: 55256524.0
2024-10-17 17:26:19,616 - INFO - The UAV has visited 30 nodes in episode 87
2024-10-17 17:26:19,616 - INFO - The UAV has visited the nodes: [0, 2, 2, 7, 6, 4, 2, 8, 8, 6, 6, 3, 6, 2, 8, 9, 0, 1, 7, 9, 0, 5, 7, 9, 2, 6, 7, 2, 2, 2]
2024-10-17 17:26:19,616 - INFO - EPISODE FINISHED
2024-10-17 17:26:19,616 - INFO - EPISODE START
2024-10-17 17:26:23,367 - INFO - The reward for episode 88 is: 55256524.0
2024-10-17 17:26:23,368 - INFO - The UAV has visited 30 nodes in episode 88
2024-10-17 17:26:23,368 - INFO - The UAV has visited the nodes: [0, 1, 4, 1, 4, 0, 5, 1, 2, 3, 1, 1, 1, 8, 4, 7, 7, 4, 4, 5, 2, 8, 0, 9, 8, 3, 0, 2, 6, 3]
2024-10-17 17:26:23,368 - INFO - EPISODE FINISHED
2024-10-17 17:26:23,368 - INFO - EPISODE START
2024-10-17 17:26:27,058 - INFO - The reward for episode 89 is: 55256524.0
2024-10-17 17:26:27,058 - INFO - The UAV has visited 30 nodes in episode 89
2024-10-17 17:26:27,058 - INFO - The UAV has visited the nodes: [0, 1, 9, 0, 0, 3, 9, 4, 7, 7, 5, 9, 7, 9, 9, 6, 6, 1, 4, 2, 1, 9, 0, 6, 8, 6, 5, 5, 8, 7]
2024-10-17 17:26:27,058 - INFO - EPISODE FINISHED
2024-10-17 17:26:27,058 - INFO - EPISODE START
2024-10-17 17:26:30,775 - INFO - The reward for episode 90 is: 55256524.0
2024-10-17 17:26:30,775 - INFO - The UAV has visited 30 nodes in episode 90
2024-10-17 17:26:30,775 - INFO - The UAV has visited the nodes: [0, 3, 2, 8, 3, 3, 5, 6, 3, 8, 3, 1, 4, 5, 5, 1, 9, 7, 6, 1, 8, 6, 9, 7, 9, 3, 8, 4, 4, 8]
2024-10-17 17:26:30,775 - INFO - EPISODE FINISHED
2024-10-17 17:26:30,775 - INFO - EPISODE START
2024-10-17 17:26:34,461 - INFO - The reward for episode 91 is: 55256524.0
2024-10-17 17:26:34,461 - INFO - The UAV has visited 30 nodes in episode 91
2024-10-17 17:26:34,461 - INFO - The UAV has visited the nodes: [0, 5, 9, 3, 2, 2, 2, 7, 8, 4, 3, 3, 1, 4, 2, 8, 1, 3, 4, 0, 0, 1, 2, 5, 2, 7, 8, 5, 3, 8]
2024-10-17 17:26:34,461 - INFO - EPISODE FINISHED
2024-10-17 17:26:34,461 - INFO - EPISODE START
2024-10-17 17:26:38,191 - INFO - The reward for episode 92 is: 55256524.0
2024-10-17 17:26:38,191 - INFO - The UAV has visited 30 nodes in episode 92
2024-10-17 17:26:38,191 - INFO - The UAV has visited the nodes: [0, 8, 8, 1, 0, 0, 5, 2, 5, 0, 6, 1, 8, 1, 9, 0, 6, 5, 4, 2, 3, 3, 9, 4, 0, 0, 0, 0, 8, 7]
2024-10-17 17:26:38,191 - INFO - EPISODE FINISHED
2024-10-17 17:26:38,192 - INFO - EPISODE START
2024-10-17 17:26:41,929 - INFO - The reward for episode 93 is: 55256524.0
2024-10-17 17:26:41,929 - INFO - The UAV has visited 30 nodes in episode 93
2024-10-17 17:26:41,929 - INFO - The UAV has visited the nodes: [0, 7, 3, 3, 9, 4, 3, 0, 9, 7, 8, 3, 2, 4, 2, 2, 1, 1, 4, 4, 7, 8, 7, 0, 6, 8, 9, 3, 5, 4]
2024-10-17 17:26:41,929 - INFO - EPISODE FINISHED
2024-10-17 17:26:41,930 - INFO - EPISODE START
2024-10-17 17:26:45,663 - INFO - The reward for episode 94 is: 55256524.0
2024-10-17 17:26:45,663 - INFO - The UAV has visited 30 nodes in episode 94
2024-10-17 17:26:45,663 - INFO - The UAV has visited the nodes: [0, 8, 7, 4, 3, 2, 4, 4, 4, 9, 1, 9, 0, 7, 1, 5, 9, 3, 3, 2, 5, 0, 9, 4, 8, 9, 0, 3, 9, 9]
2024-10-17 17:26:45,663 - INFO - EPISODE FINISHED
2024-10-17 17:26:45,663 - INFO - EPISODE START
2024-10-17 17:26:49,384 - INFO - The reward for episode 95 is: 55256524.0
2024-10-17 17:26:49,384 - INFO - The UAV has visited 30 nodes in episode 95
2024-10-17 17:26:49,384 - INFO - The UAV has visited the nodes: [0, 5, 6, 0, 1, 6, 6, 6, 4, 8, 3, 6, 9, 7, 9, 7, 8, 3, 7, 7, 6, 2, 0, 5, 1, 7, 2, 2, 7, 1]
2024-10-17 17:26:49,384 - INFO - EPISODE FINISHED
2024-10-17 17:26:49,384 - INFO - EPISODE START
2024-10-17 17:26:53,053 - INFO - The reward for episode 96 is: 55256524.0
2024-10-17 17:26:53,053 - INFO - The UAV has visited 30 nodes in episode 96
2024-10-17 17:26:53,053 - INFO - The UAV has visited the nodes: [0, 7, 3, 4, 6, 5, 0, 3, 0, 9, 6, 1, 0, 7, 9, 9, 3, 9, 2, 5, 0, 2, 6, 7, 0, 0, 5, 8, 8, 7]
2024-10-17 17:26:53,053 - INFO - EPISODE FINISHED
2024-10-17 17:26:53,053 - INFO - EPISODE START
2024-10-17 17:26:56,718 - INFO - The reward for episode 97 is: 55256524.0
2024-10-17 17:26:56,718 - INFO - The UAV has visited 30 nodes in episode 97
2024-10-17 17:26:56,718 - INFO - The UAV has visited the nodes: [0, 7, 2, 8, 7, 0, 6, 2, 9, 2, 7, 8, 0, 7, 7, 9, 7, 3, 0, 2, 1, 9, 7, 3, 0, 2, 1, 3, 4, 0]
2024-10-17 17:26:56,718 - INFO - EPISODE FINISHED
2024-10-17 17:26:56,718 - INFO - EPISODE START
2024-10-17 17:27:00,390 - INFO - The reward for episode 98 is: 55256524.0
2024-10-17 17:27:00,390 - INFO - The UAV has visited 30 nodes in episode 98
2024-10-17 17:27:00,390 - INFO - The UAV has visited the nodes: [0, 0, 3, 1, 8, 7, 2, 5, 6, 7, 5, 3, 8, 4, 0, 1, 4, 3, 9, 4, 1, 7, 2, 1, 3, 2, 6, 0, 0, 5]
2024-10-17 17:27:00,390 - INFO - EPISODE FINISHED
2024-10-17 17:27:00,390 - INFO - EPISODE START
2024-10-17 17:27:04,155 - INFO - The reward for episode 99 is: 55256524.0
2024-10-17 17:27:04,155 - INFO - The UAV has visited 30 nodes in episode 99
2024-10-17 17:27:04,155 - INFO - The UAV has visited the nodes: [0, 1, 0, 0, 3, 1, 5, 6, 8, 2, 3, 8, 4, 9, 7, 9, 7, 9, 7, 4, 6, 0, 8, 6, 0, 1, 9, 3, 6, 9]
2024-10-17 17:27:04,155 - INFO - EPISODE FINISHED
2024-10-17 17:27:04,155 - INFO - The rewards per episode are: [Array(7.5113254e+08, dtype=float32), Array(5.413094e+08, dtype=float32), Array(3.885994e+08, dtype=float32), Array(2.690152e+08, dtype=float32), Array(1.7627418e+08, dtype=float32), Array(1.4972237e+08, dtype=float32), Array(1.2131918e+08, dtype=float32), Array(1.0843938e+08, dtype=float32), Array(81940248., dtype=float32), Array(76867616., dtype=float32), Array(65760816., dtype=float32), Array(64721832., dtype=float32), Array(65612736., dtype=float32), Array(60254716., dtype=float32), Array(59404752., dtype=float32), Array(56546956., dtype=float32), Array(56422232., dtype=float32), Array(56065704., dtype=float32), Array(55763276., dtype=float32), Array(55646424., dtype=float32), Array(55443000., dtype=float32), Array(55409256., dtype=float32), Array(55319508., dtype=float32), Array(55303524., dtype=float32), Array(55272472., dtype=float32), Array(55267056., dtype=float32), Array(55261560., dtype=float32), Array(55257884., dtype=float32), Array(55257476., dtype=float32), Array(55257320., dtype=float32), Array(55256808., dtype=float32), Array(55256896., dtype=float32), Array(55256692., dtype=float32), Array(55256584., dtype=float32), Array(55256588., dtype=float32), Array(55256536., dtype=float32), Array(55256524., dtype=float32), Array(55256524., dtype=float32), Array(55256524., dtype=float32), Array(55256524., dtype=float32), Array(55256524., dtype=float32), Array(55256524., dtype=float32), Array(55256524., dtype=float32), Array(55256524., dtype=float32), Array(55256524., dtype=float32), Array(55256524., dtype=float32), Array(55256524., dtype=float32), Array(55256524., dtype=float32), Array(55256524., dtype=float32), Array(55256524., dtype=float32), Array(55256524., dtype=float32), Array(55256524., dtype=float32), Array(55256524., dtype=float32), Array(55256524., dtype=float32), Array(55256524., dtype=float32), Array(55256524., dtype=float32), Array(55256524., dtype=float32), Array(55256524., dtype=float32), Array(55256524., dtype=float32), Array(55256524., dtype=float32), Array(55256524., dtype=float32), Array(55256524., dtype=float32), Array(55256524., dtype=float32), Array(55256524., dtype=float32), Array(55256524., dtype=float32), Array(55256524., dtype=float32), Array(55256524., dtype=float32), Array(55256524., dtype=float32), Array(55256524., dtype=float32), Array(55256524., dtype=float32), Array(55256524., dtype=float32), Array(55256524., dtype=float32), Array(55256524., dtype=float32), Array(55256524., dtype=float32), Array(55256524., dtype=float32), Array(55256524., dtype=float32), Array(55256524., dtype=float32), Array(55256524., dtype=float32), Array(55256524., dtype=float32), Array(55256524., dtype=float32), Array(55256524., dtype=float32), Array(55256524., dtype=float32), Array(55256524., dtype=float32), Array(55256524., dtype=float32), Array(55256524., dtype=float32), Array(55256524., dtype=float32), Array(55256524., dtype=float32), Array(55256524., dtype=float32), Array(55256524., dtype=float32), Array(55256524., dtype=float32), Array(55256524., dtype=float32), Array(55256524., dtype=float32), Array(55256524., dtype=float32), Array(55256524., dtype=float32), Array(55256524., dtype=float32), Array(55256524., dtype=float32), Array(55256524., dtype=float32), Array(55256524., dtype=float32), Array(55256524., dtype=float32), Array(55256524., dtype=float32)]
2024-10-17 17:27:04,159 - INFO - Q Table is: [[14797980. 13922329. 14292296. 13781416. 13619478. 14262642. 13884407.
  14196408. 13965525. 13489056.]
 [13772307. 12141869. 12549131. 12598374. 12535243. 13023310. 12068830.
  11979990. 12556455. 13087149.]
 [12876170. 13887070. 12601827. 12076202. 11953154. 12807094. 12910229.
  11728729. 12806096. 12040604.]
 [13432886. 13129783. 13574981. 12952198. 11806208. 12862246. 11517161.
  12637642. 12448525. 12328136.]
 [13635541. 12363445. 13031216. 10623547. 12314649. 12853056. 11858918.
  12005313. 11994398. 11603773.]
 [13851027. 12741780. 12545399. 11981830. 12592099. 12884959. 12921248.
  12231847. 12166710. 11907914.]
 [12831940. 12555680. 12011600. 11212540. 12176942. 13187312. 12548594.
  11979820. 11861762. 12648007.]
 [13887740. 12119605. 13543440. 12625718. 12271880. 12371683. 10854186.
  12417934. 12684966. 12794366.]
 [11534630. 11137417. 11242684. 12273334. 12959490. 12760950. 11951134.
  14060283. 12298699. 10378943.]
 [13006604. 12514492. 12906735. 12848252. 12828381. 11299267. 12329925.
  14180139. 11832924. 12398464.]]
2024-10-17 17:27:04,207 - INFO - Mean reward per episode: 76818260.0
2024-10-17 17:27:04,226 - INFO - Max reward: 751132540.0
2024-10-17 17:27:04,247 - INFO - The UAV energy level is: [15712979.]
2024-10-17 17:27:04,247 - INFO - The UAV processed in total: 45423840.0 bits
2024-10-17 17:27:04,247 - INFO - Q-Brave Algorithm took: 387.3947660923004 seconds
2024-10-17 17:27:04,247 - INFO - Q-Brave Algorithm has successfully reached the final node!
