2024-11-01 16:37:20,597 - INFO - Running the Multi-Agent Coop Q-Brave Algorithm
2024-11-01 16:37:20,622 - INFO - EPISODE START
2024-11-01 16:37:35,935 - INFO - The total reward for episode 0 is: 1348340000.0
2024-11-01 16:37:35,935 - INFO - The UAVs have visited 90 nodes in episode 0
2024-11-01 16:37:35,935 - INFO - The UAVs have visited the nodes: [[7, 0, 0, 0, 0, 0, 0, 0, 0, 0, 0, 0, 0, 0, 0, 0, 0, 0, 0, 0, 0, 0, 0, 0, 0, 0, 0, 0, 0, 0], [9, 1, 1, 1, 1, 1, 1, 1, 1, 1, 1, 1, 1, 1, 1, 1, 1, 1, 1, 1, 1, 1, 1, 1, 1, 1, 1, 1, 1, 1], [3, 2, 2, 2, 2, 2, 2, 2, 2, 2, 2, 2, 2, 2, 2, 2, 2, 2, 2, 2, 2, 2, 2, 2, 2, 2, 2, 2, 2, 2]]
2024-11-01 16:37:35,935 - INFO - The UAVs have expended 291251.8 energy in episode 0
2024-11-01 16:37:35,935 - INFO - EPISODE FINISHED
2024-11-01 16:37:35,936 - INFO - EPISODE START
2024-11-01 16:37:37,221 - INFO - The episode has finished
2024-11-01 16:37:37,221 - INFO - The total reward for episode 1 is: 422767.25
2024-11-01 16:37:37,221 - INFO - The UAVs have visited 96 nodes in episode 1
2024-11-01 16:37:37,221 - INFO - The UAVs have visited the nodes: [[7, 0, 0, 0, 0, 0, 0, 0, 0, 0, 0, 0, 0, 0, 0, 0, 0, 0, 0, 0, 0, 0, 0, 0, 0, 0, 0, 0, 0, 0, 0, 0], [9, 1, 1, 1, 1, 1, 1, 1, 1, 1, 1, 1, 1, 1, 1, 1, 1, 1, 1, 1, 1, 1, 1, 1, 1, 1, 1, 1, 1, 1, 1, 1], [3, 2, 2, 2, 2, 2, 2, 2, 2, 2, 2, 2, 2, 2, 2, 2, 2, 2, 2, 2, 2, 2, 2, 2, 2, 2, 2, 2, 2, 2, 2, 2]]
2024-11-01 16:37:37,221 - INFO - The UAVs have expended 289719.56 energy in episode 1
2024-11-01 16:37:37,221 - INFO - EPISODE FINISHED
2024-11-01 16:37:37,221 - INFO - EPISODE START
2024-11-01 16:37:37,967 - INFO - The episode has finished
2024-11-01 16:37:37,968 - INFO - The total reward for episode 2 is: 112715.625
2024-11-01 16:37:37,968 - INFO - The UAVs have visited 99 nodes in episode 2
2024-11-01 16:37:37,968 - INFO - The UAVs have visited the nodes: [[7, 0, 0, 0, 0, 0, 0, 0, 0, 0, 0, 0, 0, 0, 0, 0, 0, 0, 0, 0, 0, 0, 0, 0, 0, 0, 0, 0, 0, 0, 0, 0, 0], [9, 1, 1, 1, 1, 1, 1, 1, 1, 1, 1, 1, 1, 1, 1, 1, 1, 1, 1, 1, 1, 1, 1, 1, 1, 1, 1, 1, 1, 1, 1, 1, 1], [3, 2, 2, 2, 2, 2, 2, 2, 2, 2, 2, 2, 2, 2, 2, 2, 2, 2, 2, 2, 2, 2, 2, 2, 2, 2, 2, 2, 2, 2, 2, 2, 2]]
2024-11-01 16:37:37,968 - INFO - The UAVs have expended 288953.44 energy in episode 2
2024-11-01 16:37:37,968 - INFO - EPISODE FINISHED
2024-11-01 16:37:37,968 - INFO - EPISODE START
2024-11-01 16:37:38,754 - INFO - The episode has finished
2024-11-01 16:37:38,754 - INFO - The total reward for episode 3 is: 99026.49
2024-11-01 16:37:38,754 - INFO - The UAVs have visited 102 nodes in episode 3
2024-11-01 16:37:38,754 - INFO - The UAVs have visited the nodes: [[7, 0, 0, 0, 0, 0, 0, 0, 0, 0, 0, 0, 0, 0, 0, 0, 0, 0, 0, 0, 0, 0, 0, 0, 0, 0, 0, 0, 0, 0, 0, 0, 0, 0], [9, 1, 1, 1, 1, 1, 1, 1, 1, 1, 1, 1, 1, 1, 1, 1, 1, 1, 1, 1, 1, 1, 1, 1, 1, 1, 1, 1, 1, 1, 1, 1, 1, 1], [3, 2, 2, 2, 2, 2, 2, 2, 2, 2, 2, 2, 2, 2, 2, 2, 2, 2, 2, 2, 2, 2, 2, 2, 2, 2, 2, 2, 2, 2, 2, 2, 2, 2]]
2024-11-01 16:37:38,754 - INFO - The UAVs have expended 288187.3 energy in episode 3
2024-11-01 16:37:38,754 - INFO - EPISODE FINISHED
2024-11-01 16:37:38,754 - INFO - EPISODE START
2024-11-01 16:37:39,524 - INFO - The episode has finished
2024-11-01 16:37:39,525 - INFO - The total reward for episode 4 is: 87190.055
2024-11-01 16:37:39,525 - INFO - The UAVs have visited 105 nodes in episode 4
2024-11-01 16:37:39,525 - INFO - The UAVs have visited the nodes: [[7, 0, 0, 0, 0, 0, 0, 0, 0, 0, 0, 0, 0, 0, 0, 0, 0, 0, 0, 0, 0, 0, 0, 0, 0, 0, 0, 0, 0, 0, 0, 0, 0, 0, 0], [9, 1, 1, 1, 1, 1, 1, 1, 1, 1, 1, 1, 1, 1, 1, 1, 1, 1, 1, 1, 1, 1, 1, 1, 1, 1, 1, 1, 1, 1, 1, 1, 1, 1, 1], [3, 2, 2, 2, 2, 2, 2, 2, 2, 2, 2, 2, 2, 2, 2, 2, 2, 2, 2, 2, 2, 2, 2, 2, 2, 2, 2, 2, 2, 2, 2, 2, 2, 2, 2]]
2024-11-01 16:37:39,525 - INFO - The UAVs have expended 287421.2 energy in episode 4
2024-11-01 16:37:39,525 - INFO - EPISODE FINISHED
2024-11-01 16:37:39,525 - INFO - EPISODE START
2024-11-01 16:37:40,217 - INFO - The episode has finished
2024-11-01 16:37:40,218 - INFO - The total reward for episode 5 is: 76924.22
2024-11-01 16:37:40,218 - INFO - The UAVs have visited 108 nodes in episode 5
2024-11-01 16:37:40,218 - INFO - The UAVs have visited the nodes: [[7, 0, 0, 0, 0, 0, 0, 0, 0, 0, 0, 0, 0, 0, 0, 0, 0, 0, 0, 0, 0, 0, 0, 0, 0, 0, 0, 0, 0, 0, 0, 0, 0, 0, 0, 0], [9, 1, 1, 1, 1, 1, 1, 1, 1, 1, 1, 1, 1, 1, 1, 1, 1, 1, 1, 1, 1, 1, 1, 1, 1, 1, 1, 1, 1, 1, 1, 1, 1, 1, 1, 1], [3, 2, 2, 2, 2, 2, 2, 2, 2, 2, 2, 2, 2, 2, 2, 2, 2, 2, 2, 2, 2, 2, 2, 2, 2, 2, 2, 2, 2, 2, 2, 2, 2, 2, 2, 2]]
2024-11-01 16:37:40,218 - INFO - The UAVs have expended 286655.06 energy in episode 5
2024-11-01 16:37:40,218 - INFO - EPISODE FINISHED
2024-11-01 16:37:40,218 - INFO - EPISODE START
2024-11-01 16:37:40,930 - INFO - The episode has finished
2024-11-01 16:37:40,930 - INFO - The total reward for episode 6 is: 67994.51
2024-11-01 16:37:40,930 - INFO - The UAVs have visited 111 nodes in episode 6
2024-11-01 16:37:40,930 - INFO - The UAVs have visited the nodes: [[7, 0, 0, 0, 0, 0, 0, 0, 0, 0, 0, 0, 0, 0, 0, 0, 0, 0, 0, 0, 0, 0, 0, 0, 0, 0, 0, 0, 0, 0, 0, 0, 0, 0, 0, 0, 0], [9, 1, 1, 1, 1, 1, 1, 1, 1, 1, 1, 1, 1, 1, 1, 1, 1, 1, 1, 1, 1, 1, 1, 1, 1, 1, 1, 1, 1, 1, 1, 1, 1, 1, 1, 1, 1], [3, 2, 2, 2, 2, 2, 2, 2, 2, 2, 2, 2, 2, 2, 2, 2, 2, 2, 2, 2, 2, 2, 2, 2, 2, 2, 2, 2, 2, 2, 2, 2, 2, 2, 2, 2, 2]]
2024-11-01 16:37:40,930 - INFO - The UAVs have expended 285888.94 energy in episode 6
2024-11-01 16:37:40,930 - INFO - EPISODE FINISHED
2024-11-01 16:37:40,930 - INFO - EPISODE START
2024-11-01 16:37:41,741 - INFO - The episode has finished
2024-11-01 16:37:41,741 - INFO - The total reward for episode 7 is: 60205.363
2024-11-01 16:37:41,741 - INFO - The UAVs have visited 114 nodes in episode 7
2024-11-01 16:37:41,741 - INFO - The UAVs have visited the nodes: [[7, 0, 0, 0, 0, 0, 0, 0, 0, 0, 0, 0, 0, 0, 0, 0, 0, 0, 0, 0, 0, 0, 0, 0, 0, 0, 0, 0, 0, 0, 0, 0, 0, 0, 0, 0, 0, 0], [9, 1, 1, 1, 1, 1, 1, 1, 1, 1, 1, 1, 1, 1, 1, 1, 1, 1, 1, 1, 1, 1, 1, 1, 1, 1, 1, 1, 1, 1, 1, 1, 1, 1, 1, 1, 1, 1], [3, 2, 2, 2, 2, 2, 2, 2, 2, 2, 2, 2, 2, 2, 2, 2, 2, 2, 2, 2, 2, 2, 2, 2, 2, 2, 2, 2, 2, 2, 2, 2, 2, 2, 2, 2, 2, 2]]
2024-11-01 16:37:41,741 - INFO - The UAVs have expended 285122.8 energy in episode 7
2024-11-01 16:37:41,741 - INFO - EPISODE FINISHED
2024-11-01 16:37:41,742 - INFO - EPISODE START
2024-11-01 16:37:42,568 - INFO - The episode has finished
2024-11-01 16:37:42,568 - INFO - The total reward for episode 8 is: 53393.17
2024-11-01 16:37:42,568 - INFO - The UAVs have visited 117 nodes in episode 8
2024-11-01 16:37:42,568 - INFO - The UAVs have visited the nodes: [[7, 0, 0, 0, 0, 0, 0, 0, 0, 0, 0, 0, 0, 0, 0, 0, 0, 0, 0, 0, 0, 0, 0, 0, 0, 0, 0, 0, 0, 0, 0, 0, 0, 0, 0, 0, 0, 0, 0], [9, 1, 1, 1, 1, 1, 1, 1, 1, 1, 1, 1, 1, 1, 1, 1, 1, 1, 1, 1, 1, 1, 1, 1, 1, 1, 1, 1, 1, 1, 1, 1, 1, 1, 1, 1, 1, 1, 1], [3, 2, 2, 2, 2, 2, 2, 2, 2, 2, 2, 2, 2, 2, 2, 2, 2, 2, 2, 2, 2, 2, 2, 2, 2, 2, 2, 2, 2, 2, 2, 2, 2, 2, 2, 2, 2, 2, 2]]
2024-11-01 16:37:42,568 - INFO - The UAVs have expended 284356.7 energy in episode 8
2024-11-01 16:37:42,568 - INFO - EPISODE FINISHED
2024-11-01 16:37:42,568 - INFO - EPISODE START
2024-11-01 16:37:43,348 - INFO - The episode has finished
2024-11-01 16:37:43,348 - INFO - The total reward for episode 9 is: 47420.625
2024-11-01 16:37:43,348 - INFO - The UAVs have visited 120 nodes in episode 9
2024-11-01 16:37:43,348 - INFO - The UAVs have visited the nodes: [[7, 0, 0, 0, 0, 0, 0, 0, 0, 0, 0, 0, 0, 0, 0, 0, 0, 0, 0, 0, 0, 0, 0, 0, 0, 0, 0, 0, 0, 0, 0, 0, 0, 0, 0, 0, 0, 0, 0, 0], [9, 1, 1, 1, 1, 1, 1, 1, 1, 1, 1, 1, 1, 1, 1, 1, 1, 1, 1, 1, 1, 1, 1, 1, 1, 1, 1, 1, 1, 1, 1, 1, 1, 1, 1, 1, 1, 1, 1, 1], [3, 2, 2, 2, 2, 2, 2, 2, 2, 2, 2, 2, 2, 2, 2, 2, 2, 2, 2, 2, 2, 2, 2, 2, 2, 2, 2, 2, 2, 2, 2, 2, 2, 2, 2, 2, 2, 2, 2, 2]]
2024-11-01 16:37:43,348 - INFO - The UAVs have expended 283590.56 energy in episode 9
2024-11-01 16:37:43,348 - INFO - EPISODE FINISHED
2024-11-01 16:37:43,348 - INFO - EPISODE START
2024-11-01 16:37:44,043 - INFO - The episode has finished
2024-11-01 16:37:44,043 - INFO - The total reward for episode 10 is: 42172.043
2024-11-01 16:37:44,043 - INFO - The UAVs have visited 123 nodes in episode 10
2024-11-01 16:37:44,043 - INFO - The UAVs have visited the nodes: [[7, 0, 0, 0, 0, 0, 0, 0, 0, 0, 0, 0, 0, 0, 0, 0, 0, 0, 0, 0, 0, 0, 0, 0, 0, 0, 0, 0, 0, 0, 0, 0, 0, 0, 0, 0, 0, 0, 0, 0, 0], [9, 1, 1, 1, 1, 1, 1, 1, 1, 1, 1, 1, 1, 1, 1, 1, 1, 1, 1, 1, 1, 1, 1, 1, 1, 1, 1, 1, 1, 1, 1, 1, 1, 1, 1, 1, 1, 1, 1, 1, 1], [3, 2, 2, 2, 2, 2, 2, 2, 2, 2, 2, 2, 2, 2, 2, 2, 2, 2, 2, 2, 2, 2, 2, 2, 2, 2, 2, 2, 2, 2, 2, 2, 2, 2, 2, 2, 2, 2, 2, 2, 2]]
2024-11-01 16:37:44,043 - INFO - The UAVs have expended 282824.44 energy in episode 10
2024-11-01 16:37:44,043 - INFO - EPISODE FINISHED
2024-11-01 16:37:44,043 - INFO - EPISODE START
2024-11-01 16:37:44,864 - INFO - The episode has finished
2024-11-01 16:37:44,864 - INFO - The total reward for episode 11 is: 37549.676
2024-11-01 16:37:44,864 - INFO - The UAVs have visited 126 nodes in episode 11
2024-11-01 16:37:44,864 - INFO - The UAVs have visited the nodes: [[7, 0, 0, 0, 0, 0, 0, 0, 0, 0, 0, 0, 0, 0, 0, 0, 0, 0, 0, 0, 0, 0, 0, 0, 0, 0, 0, 0, 0, 0, 0, 0, 0, 0, 0, 0, 0, 0, 0, 0, 0, 0], [9, 1, 1, 1, 1, 1, 1, 1, 1, 1, 1, 1, 1, 1, 1, 1, 1, 1, 1, 1, 1, 1, 1, 1, 1, 1, 1, 1, 1, 1, 1, 1, 1, 1, 1, 1, 1, 1, 1, 1, 1, 1], [3, 2, 2, 2, 2, 2, 2, 2, 2, 2, 2, 2, 2, 2, 2, 2, 2, 2, 2, 2, 2, 2, 2, 2, 2, 2, 2, 2, 2, 2, 2, 2, 2, 2, 2, 2, 2, 2, 2, 2, 2, 2]]
2024-11-01 16:37:44,864 - INFO - The UAVs have expended 282058.3 energy in episode 11
2024-11-01 16:37:44,865 - INFO - EPISODE FINISHED
2024-11-01 16:37:44,865 - INFO - EPISODE START
2024-11-01 16:37:45,627 - INFO - The episode has finished
2024-11-01 16:37:45,627 - INFO - The total reward for episode 12 is: 33470.62
2024-11-01 16:37:45,627 - INFO - The UAVs have visited 129 nodes in episode 12
2024-11-01 16:37:45,627 - INFO - The UAVs have visited the nodes: [[7, 0, 0, 0, 0, 0, 0, 0, 0, 0, 0, 0, 0, 0, 0, 0, 0, 0, 0, 0, 0, 0, 0, 0, 0, 0, 0, 0, 0, 0, 0, 0, 0, 0, 0, 0, 0, 0, 0, 0, 0, 0, 0], [9, 1, 1, 1, 1, 1, 1, 1, 1, 1, 1, 1, 1, 1, 1, 1, 1, 1, 1, 1, 1, 1, 1, 1, 1, 1, 1, 1, 1, 1, 1, 1, 1, 1, 1, 1, 1, 1, 1, 1, 1, 1, 1], [3, 2, 2, 2, 2, 2, 2, 2, 2, 2, 2, 2, 2, 2, 2, 2, 2, 2, 2, 2, 2, 2, 2, 2, 2, 2, 2, 2, 2, 2, 2, 2, 2, 2, 2, 2, 2, 2, 2, 2, 2, 2, 2]]
2024-11-01 16:37:45,627 - INFO - The UAVs have expended 281292.2 energy in episode 12
2024-11-01 16:37:45,627 - INFO - EPISODE FINISHED
2024-11-01 16:37:45,628 - INFO - EPISODE START
2024-11-01 16:37:46,249 - INFO - The episode has finished
2024-11-01 16:37:46,249 - INFO - The total reward for episode 13 is: 30477.918
2024-11-01 16:37:46,249 - INFO - The UAVs have visited 132 nodes in episode 13
2024-11-01 16:37:46,249 - INFO - The UAVs have visited the nodes: [[7, 0, 0, 0, 0, 0, 0, 0, 0, 0, 0, 0, 0, 0, 0, 0, 0, 0, 0, 0, 0, 0, 0, 0, 0, 0, 0, 0, 0, 0, 0, 0, 0, 0, 0, 0, 0, 0, 0, 0, 0, 0, 0, 0], [9, 1, 1, 1, 1, 1, 1, 1, 1, 1, 1, 1, 1, 1, 1, 1, 1, 1, 1, 1, 1, 1, 1, 1, 1, 1, 1, 1, 1, 1, 1, 1, 1, 1, 1, 1, 1, 1, 1, 1, 1, 1, 1, 1], [3, 2, 2, 2, 2, 2, 2, 2, 2, 2, 2, 2, 2, 2, 2, 2, 2, 2, 2, 2, 2, 2, 2, 2, 2, 2, 2, 2, 2, 2, 2, 2, 2, 2, 2, 2, 2, 2, 2, 2, 2, 2, 2, 2]]
2024-11-01 16:37:46,249 - INFO - The UAVs have expended 280526.06 energy in episode 13
2024-11-01 16:37:46,249 - INFO - EPISODE FINISHED
2024-11-01 16:37:46,249 - INFO - EPISODE START
2024-11-01 16:37:46,894 - INFO - The episode has finished
2024-11-01 16:37:46,894 - INFO - The total reward for episode 14 is: 27703.676
2024-11-01 16:37:46,894 - INFO - The UAVs have visited 135 nodes in episode 14
2024-11-01 16:37:46,894 - INFO - The UAVs have visited the nodes: [[7, 0, 0, 0, 0, 0, 0, 0, 0, 0, 0, 0, 0, 0, 0, 0, 0, 0, 0, 0, 0, 0, 0, 0, 0, 0, 0, 0, 0, 0, 0, 0, 0, 0, 0, 0, 0, 0, 0, 0, 0, 0, 0, 0, 0], [9, 1, 1, 1, 1, 1, 1, 1, 1, 1, 1, 1, 1, 1, 1, 1, 1, 1, 1, 1, 1, 1, 1, 1, 1, 1, 1, 1, 1, 1, 1, 1, 1, 1, 1, 1, 1, 1, 1, 1, 1, 1, 1, 1, 1], [3, 2, 2, 2, 2, 2, 2, 2, 2, 2, 2, 2, 2, 2, 2, 2, 2, 2, 2, 2, 2, 2, 2, 2, 2, 2, 2, 2, 2, 2, 2, 2, 2, 2, 2, 2, 2, 2, 2, 2, 2, 2, 2, 2, 2]]
2024-11-01 16:37:46,894 - INFO - The UAVs have expended 279759.94 energy in episode 14
2024-11-01 16:37:46,894 - INFO - EPISODE FINISHED
2024-11-01 16:37:46,895 - INFO - EPISODE START
2024-11-01 16:37:47,637 - INFO - The episode has finished
2024-11-01 16:37:47,637 - INFO - The total reward for episode 15 is: 25364.422
2024-11-01 16:37:47,637 - INFO - The UAVs have visited 138 nodes in episode 15
2024-11-01 16:37:47,637 - INFO - The UAVs have visited the nodes: [[7, 0, 0, 0, 0, 0, 0, 0, 0, 0, 0, 0, 0, 0, 0, 0, 0, 0, 0, 0, 0, 0, 0, 0, 0, 0, 0, 0, 0, 0, 0, 0, 0, 0, 0, 0, 0, 0, 0, 0, 0, 0, 0, 0, 0, 0], [9, 1, 1, 1, 1, 1, 1, 1, 1, 1, 1, 1, 1, 1, 1, 1, 1, 1, 1, 1, 1, 1, 1, 1, 1, 1, 1, 1, 1, 1, 1, 1, 1, 1, 1, 1, 1, 1, 1, 1, 1, 1, 1, 1, 1, 1], [3, 2, 2, 2, 2, 2, 2, 2, 2, 2, 2, 2, 2, 2, 2, 2, 2, 2, 2, 2, 2, 2, 2, 2, 2, 2, 2, 2, 2, 2, 2, 2, 2, 2, 2, 2, 2, 2, 2, 2, 2, 2, 2, 2, 2, 2]]
2024-11-01 16:37:47,637 - INFO - The UAVs have expended 278993.8 energy in episode 15
2024-11-01 16:37:47,637 - INFO - EPISODE FINISHED
2024-11-01 16:37:47,638 - INFO - EPISODE START
2024-11-01 16:37:48,281 - INFO - The episode has finished
2024-11-01 16:37:48,281 - INFO - The total reward for episode 16 is: 23137.605
2024-11-01 16:37:48,281 - INFO - The UAVs have visited 141 nodes in episode 16
2024-11-01 16:37:48,281 - INFO - The UAVs have visited the nodes: [[7, 0, 0, 0, 0, 0, 0, 0, 0, 0, 0, 0, 0, 0, 0, 0, 0, 0, 0, 0, 0, 0, 0, 0, 0, 0, 0, 0, 0, 0, 0, 0, 0, 0, 0, 0, 0, 0, 0, 0, 0, 0, 0, 0, 0, 0, 0], [9, 1, 1, 1, 1, 1, 1, 1, 1, 1, 1, 1, 1, 1, 1, 1, 1, 1, 1, 1, 1, 1, 1, 1, 1, 1, 1, 1, 1, 1, 1, 1, 1, 1, 1, 1, 1, 1, 1, 1, 1, 1, 1, 1, 1, 1, 1], [3, 2, 2, 2, 2, 2, 2, 2, 2, 2, 2, 2, 2, 2, 2, 2, 2, 2, 2, 2, 2, 2, 2, 2, 2, 2, 2, 2, 2, 2, 2, 2, 2, 2, 2, 2, 2, 2, 2, 2, 2, 2, 2, 2, 2, 2, 2]]
2024-11-01 16:37:48,281 - INFO - The UAVs have expended 278227.7 energy in episode 16
2024-11-01 16:37:48,281 - INFO - EPISODE FINISHED
2024-11-01 16:37:48,281 - INFO - EPISODE START
2024-11-01 16:37:48,893 - INFO - The episode has finished
2024-11-01 16:37:48,893 - INFO - The total reward for episode 17 is: 21005.016
2024-11-01 16:37:48,893 - INFO - The UAVs have visited 144 nodes in episode 17
2024-11-01 16:37:48,893 - INFO - The UAVs have visited the nodes: [[7, 0, 0, 0, 0, 0, 0, 0, 0, 0, 0, 0, 0, 0, 0, 0, 0, 0, 0, 0, 0, 0, 0, 0, 0, 0, 0, 0, 0, 0, 0, 0, 0, 0, 0, 0, 0, 0, 0, 0, 0, 0, 0, 0, 0, 0, 0, 0], [9, 1, 1, 1, 1, 1, 1, 1, 1, 1, 1, 1, 1, 1, 1, 1, 1, 1, 1, 1, 1, 1, 1, 1, 1, 1, 1, 1, 1, 1, 1, 1, 1, 1, 1, 1, 1, 1, 1, 1, 1, 1, 1, 1, 1, 1, 1, 1], [3, 2, 2, 2, 2, 2, 2, 2, 2, 2, 2, 2, 2, 2, 2, 2, 2, 2, 2, 2, 2, 2, 2, 2, 2, 2, 2, 2, 2, 2, 2, 2, 2, 2, 2, 2, 2, 2, 2, 2, 2, 2, 2, 2, 2, 2, 2, 2]]
2024-11-01 16:37:48,893 - INFO - The UAVs have expended 277461.56 energy in episode 17
2024-11-01 16:37:48,893 - INFO - EPISODE FINISHED
2024-11-01 16:37:48,894 - INFO - EPISODE START
2024-11-01 16:37:49,644 - INFO - The episode has finished
2024-11-01 16:37:49,644 - INFO - The total reward for episode 18 is: 18455.742
2024-11-01 16:37:49,644 - INFO - The UAVs have visited 147 nodes in episode 18
2024-11-01 16:37:49,644 - INFO - The UAVs have visited the nodes: [[7, 0, 0, 0, 0, 0, 0, 0, 0, 0, 0, 0, 0, 0, 0, 0, 0, 0, 0, 0, 0, 0, 0, 0, 0, 0, 0, 0, 0, 0, 0, 0, 0, 0, 0, 0, 0, 0, 0, 0, 0, 0, 0, 0, 0, 0, 0, 0, 0], [9, 1, 1, 1, 1, 1, 1, 1, 1, 1, 1, 1, 1, 1, 1, 1, 1, 1, 1, 1, 1, 1, 1, 1, 1, 1, 1, 1, 1, 1, 1, 1, 1, 1, 1, 1, 1, 1, 1, 1, 1, 1, 1, 1, 1, 1, 1, 1, 1], [3, 2, 2, 2, 2, 2, 2, 2, 2, 2, 2, 2, 2, 2, 2, 2, 2, 2, 2, 2, 2, 2, 2, 2, 2, 2, 2, 2, 2, 2, 2, 2, 2, 2, 2, 2, 2, 2, 2, 2, 2, 2, 2, 2, 2, 2, 2, 2, 2]]
2024-11-01 16:37:49,644 - INFO - The UAVs have expended 276695.44 energy in episode 18
2024-11-01 16:37:49,644 - INFO - EPISODE FINISHED
2024-11-01 16:37:49,644 - INFO - EPISODE START
2024-11-01 16:37:50,284 - INFO - The episode has finished
2024-11-01 16:37:50,284 - INFO - The total reward for episode 19 is: 16347.176
2024-11-01 16:37:50,285 - INFO - The UAVs have visited 150 nodes in episode 19
2024-11-01 16:37:50,285 - INFO - The UAVs have visited the nodes: [[7, 0, 0, 0, 0, 0, 0, 0, 0, 0, 0, 0, 0, 0, 0, 0, 0, 0, 0, 0, 0, 0, 0, 0, 0, 0, 0, 0, 0, 0, 0, 0, 0, 0, 0, 0, 0, 0, 0, 0, 0, 0, 0, 0, 0, 0, 0, 0, 0, 0], [9, 1, 1, 1, 1, 1, 1, 1, 1, 1, 1, 1, 1, 1, 1, 1, 1, 1, 1, 1, 1, 1, 1, 1, 1, 1, 1, 1, 1, 1, 1, 1, 1, 1, 1, 1, 1, 1, 1, 1, 1, 1, 1, 1, 1, 1, 1, 1, 1, 1], [3, 2, 2, 2, 2, 2, 2, 2, 2, 2, 2, 2, 2, 2, 2, 2, 2, 2, 2, 2, 2, 2, 2, 2, 2, 2, 2, 2, 2, 2, 2, 2, 2, 2, 2, 2, 2, 2, 2, 2, 2, 2, 2, 2, 2, 2, 2, 2, 2, 2]]
2024-11-01 16:37:50,285 - INFO - The UAVs have expended 275929.3 energy in episode 19
2024-11-01 16:37:50,285 - INFO - EPISODE FINISHED
2024-11-01 16:37:50,285 - INFO - EPISODE START
2024-11-01 16:37:51,068 - INFO - The episode has finished
2024-11-01 16:37:51,068 - INFO - The total reward for episode 20 is: 14528.74
2024-11-01 16:37:51,068 - INFO - The UAVs have visited 153 nodes in episode 20
2024-11-01 16:37:51,068 - INFO - The UAVs have visited the nodes: [[7, 0, 0, 0, 0, 0, 0, 0, 0, 0, 0, 0, 0, 0, 0, 0, 0, 0, 0, 0, 0, 0, 0, 0, 0, 0, 0, 0, 0, 0, 0, 0, 0, 0, 0, 0, 0, 0, 0, 0, 0, 0, 0, 0, 0, 0, 0, 0, 0, 0, 0], [9, 1, 1, 1, 1, 1, 1, 1, 1, 1, 1, 1, 1, 1, 1, 1, 1, 1, 1, 1, 1, 1, 1, 1, 1, 1, 1, 1, 1, 1, 1, 1, 1, 1, 1, 1, 1, 1, 1, 1, 1, 1, 1, 1, 1, 1, 1, 1, 1, 1, 1], [3, 2, 2, 2, 2, 2, 2, 2, 2, 2, 2, 2, 2, 2, 2, 2, 2, 2, 2, 2, 2, 2, 2, 2, 2, 2, 2, 2, 2, 2, 2, 2, 2, 2, 2, 2, 2, 2, 2, 2, 2, 2, 2, 2, 2, 2, 2, 2, 2, 2, 2]]
2024-11-01 16:37:51,068 - INFO - The UAVs have expended 275163.2 energy in episode 20
2024-11-01 16:37:51,068 - INFO - EPISODE FINISHED
2024-11-01 16:37:51,068 - INFO - EPISODE START
2024-11-01 16:37:51,716 - INFO - The episode has finished
2024-11-01 16:37:51,716 - INFO - The total reward for episode 21 is: 12993.256
2024-11-01 16:37:51,716 - INFO - The UAVs have visited 156 nodes in episode 21
2024-11-01 16:37:51,716 - INFO - The UAVs have visited the nodes: [[7, 0, 0, 0, 0, 0, 0, 0, 0, 0, 0, 0, 0, 0, 0, 0, 0, 0, 0, 0, 0, 0, 0, 0, 0, 0, 0, 0, 0, 0, 0, 0, 0, 0, 0, 0, 0, 0, 0, 0, 0, 0, 0, 0, 0, 0, 0, 0, 0, 0, 0, 0], [9, 1, 1, 1, 1, 1, 1, 1, 1, 1, 1, 1, 1, 1, 1, 1, 1, 1, 1, 1, 1, 1, 1, 1, 1, 1, 1, 1, 1, 1, 1, 1, 1, 1, 1, 1, 1, 1, 1, 1, 1, 1, 1, 1, 1, 1, 1, 1, 1, 1, 1, 1], [3, 2, 2, 2, 2, 2, 2, 2, 2, 2, 2, 2, 2, 2, 2, 2, 2, 2, 2, 2, 2, 2, 2, 2, 2, 2, 2, 2, 2, 2, 2, 2, 2, 2, 2, 2, 2, 2, 2, 2, 2, 2, 2, 2, 2, 2, 2, 2, 2, 2, 2, 2]]
2024-11-01 16:37:51,716 - INFO - The UAVs have expended 274397.06 energy in episode 21
2024-11-01 16:37:51,716 - INFO - EPISODE FINISHED
2024-11-01 16:37:51,717 - INFO - EPISODE START
2024-11-01 16:37:52,520 - INFO - The episode has finished
2024-11-01 16:37:52,520 - INFO - The total reward for episode 22 is: 11599.582
2024-11-01 16:37:52,520 - INFO - The UAVs have visited 159 nodes in episode 22
2024-11-01 16:37:52,520 - INFO - The UAVs have visited the nodes: [[7, 0, 0, 0, 0, 0, 0, 0, 0, 0, 0, 0, 0, 0, 0, 0, 0, 0, 0, 0, 0, 0, 0, 0, 0, 0, 0, 0, 0, 0, 0, 0, 0, 0, 0, 0, 0, 0, 0, 0, 0, 0, 0, 0, 0, 0, 0, 0, 0, 0, 0, 0, 0], [9, 1, 1, 1, 1, 1, 1, 1, 1, 1, 1, 1, 1, 1, 1, 1, 1, 1, 1, 1, 1, 1, 1, 1, 1, 1, 1, 1, 1, 1, 1, 1, 1, 1, 1, 1, 1, 1, 1, 1, 1, 1, 1, 1, 1, 1, 1, 1, 1, 1, 1, 1, 1], [3, 2, 2, 2, 2, 2, 2, 2, 2, 2, 2, 2, 2, 2, 2, 2, 2, 2, 2, 2, 2, 2, 2, 2, 2, 2, 2, 2, 2, 2, 2, 2, 2, 2, 2, 2, 2, 2, 2, 2, 2, 2, 2, 2, 2, 2, 2, 2, 2, 2, 2, 2, 2]]
2024-11-01 16:37:52,520 - INFO - The UAVs have expended 273630.94 energy in episode 22
2024-11-01 16:37:52,520 - INFO - EPISODE FINISHED
2024-11-01 16:37:52,520 - INFO - EPISODE START
2024-11-01 16:37:53,174 - INFO - The episode has finished
2024-11-01 16:37:53,174 - INFO - The total reward for episode 23 is: 10082.623
2024-11-01 16:37:53,174 - INFO - The UAVs have visited 162 nodes in episode 23
2024-11-01 16:37:53,174 - INFO - The UAVs have visited the nodes: [[7, 0, 0, 0, 0, 0, 0, 0, 0, 0, 0, 0, 0, 0, 0, 0, 0, 0, 0, 0, 0, 0, 0, 0, 0, 0, 0, 0, 0, 0, 0, 0, 0, 0, 0, 0, 0, 0, 0, 0, 0, 0, 0, 0, 0, 0, 0, 0, 0, 0, 0, 0, 0, 0], [9, 1, 1, 1, 1, 1, 1, 1, 1, 1, 1, 1, 1, 1, 1, 1, 1, 1, 1, 1, 1, 1, 1, 1, 1, 1, 1, 1, 1, 1, 1, 1, 1, 1, 1, 1, 1, 1, 1, 1, 1, 1, 1, 1, 1, 1, 1, 1, 1, 1, 1, 1, 1, 1], [3, 2, 2, 2, 2, 2, 2, 2, 2, 2, 2, 2, 2, 2, 2, 2, 2, 2, 2, 2, 2, 2, 2, 2, 2, 2, 2, 2, 2, 2, 2, 2, 2, 2, 2, 2, 2, 2, 2, 2, 2, 2, 2, 2, 2, 2, 2, 2, 2, 2, 2, 2, 2, 2]]
2024-11-01 16:37:53,174 - INFO - The UAVs have expended 272864.8 energy in episode 23
2024-11-01 16:37:53,174 - INFO - EPISODE FINISHED
2024-11-01 16:37:53,175 - INFO - EPISODE START
2024-11-01 16:37:53,820 - INFO - The episode has finished
2024-11-01 16:37:53,820 - INFO - The total reward for episode 24 is: 8650.201
2024-11-01 16:37:53,820 - INFO - The UAVs have visited 165 nodes in episode 24
2024-11-01 16:37:53,820 - INFO - The UAVs have visited the nodes: [[7, 0, 0, 0, 0, 0, 0, 0, 0, 0, 0, 0, 0, 0, 0, 0, 0, 0, 0, 0, 0, 0, 0, 0, 0, 0, 0, 0, 0, 0, 0, 0, 0, 0, 0, 0, 0, 0, 0, 0, 0, 0, 0, 0, 0, 0, 0, 0, 0, 0, 0, 0, 0, 0, 0], [9, 1, 1, 1, 1, 1, 1, 1, 1, 1, 1, 1, 1, 1, 1, 1, 1, 1, 1, 1, 1, 1, 1, 1, 1, 1, 1, 1, 1, 1, 1, 1, 1, 1, 1, 1, 1, 1, 1, 1, 1, 1, 1, 1, 1, 1, 1, 1, 1, 1, 1, 1, 1, 1, 1], [3, 2, 2, 2, 2, 2, 2, 2, 2, 2, 2, 2, 2, 2, 2, 2, 2, 2, 2, 2, 2, 2, 2, 2, 2, 2, 2, 2, 2, 2, 2, 2, 2, 2, 2, 2, 2, 2, 2, 2, 2, 2, 2, 2, 2, 2, 2, 2, 2, 2, 2, 2, 2, 2, 2]]
2024-11-01 16:37:53,820 - INFO - The UAVs have expended 272098.7 energy in episode 24
2024-11-01 16:37:53,820 - INFO - EPISODE FINISHED
2024-11-01 16:37:53,820 - INFO - EPISODE START
2024-11-01 16:37:54,476 - INFO - The episode has finished
2024-11-01 16:37:54,476 - INFO - The total reward for episode 25 is: 7445.8555
2024-11-01 16:37:54,476 - INFO - The UAVs have visited 168 nodes in episode 25
2024-11-01 16:37:54,477 - INFO - The UAVs have visited the nodes: [[7, 0, 0, 0, 0, 0, 0, 0, 0, 0, 0, 0, 0, 0, 0, 0, 0, 0, 0, 0, 0, 0, 0, 0, 0, 0, 0, 0, 0, 0, 0, 0, 0, 0, 0, 0, 0, 0, 0, 0, 0, 0, 0, 0, 0, 0, 0, 0, 0, 0, 0, 0, 0, 0, 0, 0], [9, 1, 1, 1, 1, 1, 1, 1, 1, 1, 1, 1, 1, 1, 1, 1, 1, 1, 1, 1, 1, 1, 1, 1, 1, 1, 1, 1, 1, 1, 1, 1, 1, 1, 1, 1, 1, 1, 1, 1, 1, 1, 1, 1, 1, 1, 1, 1, 1, 1, 1, 1, 1, 1, 1, 1], [3, 2, 2, 2, 2, 2, 2, 2, 2, 2, 2, 2, 2, 2, 2, 2, 2, 2, 2, 2, 2, 2, 2, 2, 2, 2, 2, 2, 2, 2, 2, 2, 2, 2, 2, 2, 2, 2, 2, 2, 2, 2, 2, 2, 2, 2, 2, 2, 2, 2, 2, 2, 2, 2, 2, 2]]
2024-11-01 16:37:54,477 - INFO - The UAVs have expended 271332.56 energy in episode 25
2024-11-01 16:37:54,477 - INFO - EPISODE FINISHED
2024-11-01 16:37:54,477 - INFO - EPISODE START
2024-11-01 16:37:55,080 - INFO - The episode has finished
2024-11-01 16:37:55,080 - INFO - The total reward for episode 26 is: 6520.3237
2024-11-01 16:37:55,081 - INFO - The UAVs have visited 171 nodes in episode 26
2024-11-01 16:37:55,081 - INFO - The UAVs have visited the nodes: [[7, 0, 0, 0, 0, 0, 0, 0, 0, 0, 0, 0, 0, 0, 0, 0, 0, 0, 0, 0, 0, 0, 0, 0, 0, 0, 0, 0, 0, 0, 0, 0, 0, 0, 0, 0, 0, 0, 0, 0, 0, 0, 0, 0, 0, 0, 0, 0, 0, 0, 0, 0, 0, 0, 0, 0, 0], [9, 1, 1, 1, 1, 1, 1, 1, 1, 1, 1, 1, 1, 1, 1, 1, 1, 1, 1, 1, 1, 1, 1, 1, 1, 1, 1, 1, 1, 1, 1, 1, 1, 1, 1, 1, 1, 1, 1, 1, 1, 1, 1, 1, 1, 1, 1, 1, 1, 1, 1, 1, 1, 1, 1, 1, 1], [3, 2, 2, 2, 2, 2, 2, 2, 2, 2, 2, 2, 2, 2, 2, 2, 2, 2, 2, 2, 2, 2, 2, 2, 2, 2, 2, 2, 2, 2, 2, 2, 2, 2, 2, 2, 2, 2, 2, 2, 2, 2, 2, 2, 2, 2, 2, 2, 2, 2, 2, 2, 2, 2, 2, 2, 2]]
2024-11-01 16:37:55,081 - INFO - The UAVs have expended 270566.44 energy in episode 26
2024-11-01 16:37:55,081 - INFO - EPISODE FINISHED
2024-11-01 16:37:55,081 - INFO - EPISODE START
2024-11-01 16:37:55,707 - INFO - The episode has finished
2024-11-01 16:37:55,707 - INFO - The total reward for episode 27 is: 5804.804
2024-11-01 16:37:55,707 - INFO - The UAVs have visited 174 nodes in episode 27
2024-11-01 16:37:55,707 - INFO - The UAVs have visited the nodes: [[7, 0, 0, 0, 0, 0, 0, 0, 0, 0, 0, 0, 0, 0, 0, 0, 0, 0, 0, 0, 0, 0, 0, 0, 0, 0, 0, 0, 0, 0, 0, 0, 0, 0, 0, 0, 0, 0, 0, 0, 0, 0, 0, 0, 0, 0, 0, 0, 0, 0, 0, 0, 0, 0, 0, 0, 0, 0], [9, 1, 1, 1, 1, 1, 1, 1, 1, 1, 1, 1, 1, 1, 1, 1, 1, 1, 1, 1, 1, 1, 1, 1, 1, 1, 1, 1, 1, 1, 1, 1, 1, 1, 1, 1, 1, 1, 1, 1, 1, 1, 1, 1, 1, 1, 1, 1, 1, 1, 1, 1, 1, 1, 1, 1, 1, 1], [3, 2, 2, 2, 2, 2, 2, 2, 2, 2, 2, 2, 2, 2, 2, 2, 2, 2, 2, 2, 2, 2, 2, 2, 2, 2, 2, 2, 2, 2, 2, 2, 2, 2, 2, 2, 2, 2, 2, 2, 2, 2, 2, 2, 2, 2, 2, 2, 2, 2, 2, 2, 2, 2, 2, 2, 2, 2]]
2024-11-01 16:37:55,707 - INFO - The UAVs have expended 269800.3 energy in episode 27
2024-11-01 16:37:55,707 - INFO - EPISODE FINISHED
2024-11-01 16:37:55,707 - INFO - EPISODE START
2024-11-01 16:37:56,465 - INFO - The episode has finished
2024-11-01 16:37:56,465 - INFO - The total reward for episode 28 is: 5174.576
2024-11-01 16:37:56,465 - INFO - The UAVs have visited 177 nodes in episode 28
2024-11-01 16:37:56,465 - INFO - The UAVs have visited the nodes: [[7, 0, 0, 0, 0, 0, 0, 0, 0, 0, 0, 0, 0, 0, 0, 0, 0, 0, 0, 0, 0, 0, 0, 0, 0, 0, 0, 0, 0, 0, 0, 0, 0, 0, 0, 0, 0, 0, 0, 0, 0, 0, 0, 0, 0, 0, 0, 0, 0, 0, 0, 0, 0, 0, 0, 0, 0, 0, 0], [9, 1, 1, 1, 1, 1, 1, 1, 1, 1, 1, 1, 1, 1, 1, 1, 1, 1, 1, 1, 1, 1, 1, 1, 1, 1, 1, 1, 1, 1, 1, 1, 1, 1, 1, 1, 1, 1, 1, 1, 1, 1, 1, 1, 1, 1, 1, 1, 1, 1, 1, 1, 1, 1, 1, 1, 1, 1, 1], [3, 2, 2, 2, 2, 2, 2, 2, 2, 2, 2, 2, 2, 2, 2, 2, 2, 2, 2, 2, 2, 2, 2, 2, 2, 2, 2, 2, 2, 2, 2, 2, 2, 2, 2, 2, 2, 2, 2, 2, 2, 2, 2, 2, 2, 2, 2, 2, 2, 2, 2, 2, 2, 2, 2, 2, 2, 2, 2]]
2024-11-01 16:37:56,465 - INFO - The UAVs have expended 269034.2 energy in episode 28
2024-11-01 16:37:56,465 - INFO - EPISODE FINISHED
2024-11-01 16:37:56,466 - INFO - EPISODE START
2024-11-01 16:37:57,310 - INFO - The episode has finished
2024-11-01 16:37:57,310 - INFO - The total reward for episode 29 is: 4651.304
2024-11-01 16:37:57,310 - INFO - The UAVs have visited 180 nodes in episode 29
2024-11-01 16:37:57,310 - INFO - The UAVs have visited the nodes: [[7, 0, 0, 0, 0, 0, 0, 0, 0, 0, 0, 0, 0, 0, 0, 0, 0, 0, 0, 0, 0, 0, 0, 0, 0, 0, 0, 0, 0, 0, 0, 0, 0, 0, 0, 0, 0, 0, 0, 0, 0, 0, 0, 0, 0, 0, 0, 0, 0, 0, 0, 0, 0, 0, 0, 0, 0, 0, 0, 0], [9, 1, 1, 1, 1, 1, 1, 1, 1, 1, 1, 1, 1, 1, 1, 1, 1, 1, 1, 1, 1, 1, 1, 1, 1, 1, 1, 1, 1, 1, 1, 1, 1, 1, 1, 1, 1, 1, 1, 1, 1, 1, 1, 1, 1, 1, 1, 1, 1, 1, 1, 1, 1, 1, 1, 1, 1, 1, 1, 1], [3, 2, 2, 2, 2, 2, 2, 2, 2, 2, 2, 2, 2, 2, 2, 2, 2, 2, 2, 2, 2, 2, 2, 2, 2, 2, 2, 2, 2, 2, 2, 2, 2, 2, 2, 2, 2, 2, 2, 2, 2, 2, 2, 2, 2, 2, 2, 2, 2, 2, 2, 2, 2, 2, 2, 2, 2, 2, 2, 2]]
2024-11-01 16:37:57,310 - INFO - The UAVs have expended 268268.06 energy in episode 29
2024-11-01 16:37:57,310 - INFO - EPISODE FINISHED
2024-11-01 16:37:57,311 - INFO - EPISODE START
2024-11-01 16:37:58,076 - INFO - The episode has finished
2024-11-01 16:37:58,076 - INFO - The total reward for episode 30 is: 4227.5566
2024-11-01 16:37:58,076 - INFO - The UAVs have visited 183 nodes in episode 30
2024-11-01 16:37:58,076 - INFO - The UAVs have visited the nodes: [[7, 0, 0, 0, 0, 0, 0, 0, 0, 0, 0, 0, 0, 0, 0, 0, 0, 0, 0, 0, 0, 0, 0, 0, 0, 0, 0, 0, 0, 0, 0, 0, 0, 0, 0, 0, 0, 0, 0, 0, 0, 0, 0, 0, 0, 0, 0, 0, 0, 0, 0, 0, 0, 0, 0, 0, 0, 0, 0, 0, 0], [9, 1, 1, 1, 1, 1, 1, 1, 1, 1, 1, 1, 1, 1, 1, 1, 1, 1, 1, 1, 1, 1, 1, 1, 1, 1, 1, 1, 1, 1, 1, 1, 1, 1, 1, 1, 1, 1, 1, 1, 1, 1, 1, 1, 1, 1, 1, 1, 1, 1, 1, 1, 1, 1, 1, 1, 1, 1, 1, 1, 1], [3, 2, 2, 2, 2, 2, 2, 2, 2, 2, 2, 2, 2, 2, 2, 2, 2, 2, 2, 2, 2, 2, 2, 2, 2, 2, 2, 2, 2, 2, 2, 2, 2, 2, 2, 2, 2, 2, 2, 2, 2, 2, 2, 2, 2, 2, 2, 2, 2, 2, 2, 2, 2, 2, 2, 2, 2, 2, 2, 2, 2]]
2024-11-01 16:37:58,076 - INFO - The UAVs have expended 267501.94 energy in episode 30
2024-11-01 16:37:58,076 - INFO - EPISODE FINISHED
2024-11-01 16:37:58,076 - INFO - EPISODE START
2024-11-01 16:37:58,968 - INFO - The episode has finished
2024-11-01 16:37:58,969 - INFO - The total reward for episode 31 is: 3646.294
2024-11-01 16:37:58,969 - INFO - The UAVs have visited 186 nodes in episode 31
2024-11-01 16:37:58,969 - INFO - The UAVs have visited the nodes: [[7, 0, 0, 0, 0, 0, 0, 0, 0, 0, 0, 0, 0, 0, 0, 0, 0, 0, 0, 0, 0, 0, 0, 0, 0, 0, 0, 0, 0, 0, 0, 0, 0, 0, 0, 0, 0, 0, 0, 0, 0, 0, 0, 0, 0, 0, 0, 0, 0, 0, 0, 0, 0, 0, 0, 0, 0, 0, 0, 0, 0, 0], [9, 1, 1, 1, 1, 1, 1, 1, 1, 1, 1, 1, 1, 1, 1, 1, 1, 1, 1, 1, 1, 1, 1, 1, 1, 1, 1, 1, 1, 1, 1, 1, 1, 1, 1, 1, 1, 1, 1, 1, 1, 1, 1, 1, 1, 1, 1, 1, 1, 1, 1, 1, 1, 1, 1, 1, 1, 1, 1, 1, 1, 1], [3, 2, 2, 2, 2, 2, 2, 2, 2, 2, 2, 2, 2, 2, 2, 2, 2, 2, 2, 2, 2, 2, 2, 2, 2, 2, 2, 2, 2, 2, 2, 2, 2, 2, 2, 2, 2, 2, 2, 2, 2, 2, 2, 2, 2, 2, 2, 2, 2, 2, 2, 2, 2, 2, 2, 2, 2, 2, 2, 2, 2, 2]]
2024-11-01 16:37:58,969 - INFO - The UAVs have expended 266735.8 energy in episode 31
2024-11-01 16:37:58,969 - INFO - EPISODE FINISHED
2024-11-01 16:37:58,969 - INFO - EPISODE START
2024-11-01 16:37:59,642 - INFO - The episode has finished
2024-11-01 16:37:59,642 - INFO - The total reward for episode 32 is: 3154.0103
2024-11-01 16:37:59,642 - INFO - The UAVs have visited 189 nodes in episode 32
2024-11-01 16:37:59,642 - INFO - The UAVs have visited the nodes: [[7, 0, 0, 0, 0, 0, 0, 0, 0, 0, 0, 0, 0, 0, 0, 0, 0, 0, 0, 0, 0, 0, 0, 0, 0, 0, 0, 0, 0, 0, 0, 0, 0, 0, 0, 0, 0, 0, 0, 0, 0, 0, 0, 0, 0, 0, 0, 0, 0, 0, 0, 0, 0, 0, 0, 0, 0, 0, 0, 0, 0, 0, 0], [9, 1, 1, 1, 1, 1, 1, 1, 1, 1, 1, 1, 1, 1, 1, 1, 1, 1, 1, 1, 1, 1, 1, 1, 1, 1, 1, 1, 1, 1, 1, 1, 1, 1, 1, 1, 1, 1, 1, 1, 1, 1, 1, 1, 1, 1, 1, 1, 1, 1, 1, 1, 1, 1, 1, 1, 1, 1, 1, 1, 1, 1, 1], [3, 2, 2, 2, 2, 2, 2, 2, 2, 2, 2, 2, 2, 2, 2, 2, 2, 2, 2, 2, 2, 2, 2, 2, 2, 2, 2, 2, 2, 2, 2, 2, 2, 2, 2, 2, 2, 2, 2, 2, 2, 2, 2, 2, 2, 2, 2, 2, 2, 2, 2, 2, 2, 2, 2, 2, 2, 2, 2, 2, 2, 2, 2]]
2024-11-01 16:37:59,642 - INFO - The UAVs have expended 265969.7 energy in episode 32
2024-11-01 16:37:59,642 - INFO - EPISODE FINISHED
2024-11-01 16:37:59,643 - INFO - EPISODE START
2024-11-01 16:38:00,268 - INFO - The episode has finished
2024-11-01 16:38:00,268 - INFO - The total reward for episode 33 is: 2763.907
2024-11-01 16:38:00,268 - INFO - The UAVs have visited 192 nodes in episode 33
2024-11-01 16:38:00,268 - INFO - The UAVs have visited the nodes: [[7, 0, 0, 0, 0, 0, 0, 0, 0, 0, 0, 0, 0, 0, 0, 0, 0, 0, 0, 0, 0, 0, 0, 0, 0, 0, 0, 0, 0, 0, 0, 0, 0, 0, 0, 0, 0, 0, 0, 0, 0, 0, 0, 0, 0, 0, 0, 0, 0, 0, 0, 0, 0, 0, 0, 0, 0, 0, 0, 0, 0, 0, 0, 0], [9, 1, 1, 1, 1, 1, 1, 1, 1, 1, 1, 1, 1, 1, 1, 1, 1, 1, 1, 1, 1, 1, 1, 1, 1, 1, 1, 1, 1, 1, 1, 1, 1, 1, 1, 1, 1, 1, 1, 1, 1, 1, 1, 1, 1, 1, 1, 1, 1, 1, 1, 1, 1, 1, 1, 1, 1, 1, 1, 1, 1, 1, 1, 1], [3, 2, 2, 2, 2, 2, 2, 2, 2, 2, 2, 2, 2, 2, 2, 2, 2, 2, 2, 2, 2, 2, 2, 2, 2, 2, 2, 2, 2, 2, 2, 2, 2, 2, 2, 2, 2, 2, 2, 2, 2, 2, 2, 2, 2, 2, 2, 2, 2, 2, 2, 2, 2, 2, 2, 2, 2, 2, 2, 2, 2, 2, 2, 2]]
2024-11-01 16:38:00,268 - INFO - The UAVs have expended 265203.56 energy in episode 33
2024-11-01 16:38:00,268 - INFO - EPISODE FINISHED
2024-11-01 16:38:00,268 - INFO - EPISODE START
2024-11-01 16:38:00,930 - INFO - The episode has finished
2024-11-01 16:38:00,930 - INFO - The total reward for episode 34 is: 2411.4224
2024-11-01 16:38:00,930 - INFO - The UAVs have visited 195 nodes in episode 34
2024-11-01 16:38:00,930 - INFO - The UAVs have visited the nodes: [[7, 0, 0, 0, 0, 0, 0, 0, 0, 0, 0, 0, 0, 0, 0, 0, 0, 0, 0, 0, 0, 0, 0, 0, 0, 0, 0, 0, 0, 0, 0, 0, 0, 0, 0, 0, 0, 0, 0, 0, 0, 0, 0, 0, 0, 0, 0, 0, 0, 0, 0, 0, 0, 0, 0, 0, 0, 0, 0, 0, 0, 0, 0, 0, 0], [9, 1, 1, 1, 1, 1, 1, 1, 1, 1, 1, 1, 1, 1, 1, 1, 1, 1, 1, 1, 1, 1, 1, 1, 1, 1, 1, 1, 1, 1, 1, 1, 1, 1, 1, 1, 1, 1, 1, 1, 1, 1, 1, 1, 1, 1, 1, 1, 1, 1, 1, 1, 1, 1, 1, 1, 1, 1, 1, 1, 1, 1, 1, 1, 1], [3, 2, 2, 2, 2, 2, 2, 2, 2, 2, 2, 2, 2, 2, 2, 2, 2, 2, 2, 2, 2, 2, 2, 2, 2, 2, 2, 2, 2, 2, 2, 2, 2, 2, 2, 2, 2, 2, 2, 2, 2, 2, 2, 2, 2, 2, 2, 2, 2, 2, 2, 2, 2, 2, 2, 2, 2, 2, 2, 2, 2, 2, 2, 2, 2]]
2024-11-01 16:38:00,930 - INFO - The UAVs have expended 264437.44 energy in episode 34
2024-11-01 16:38:00,930 - INFO - EPISODE FINISHED
2024-11-01 16:38:00,930 - INFO - EPISODE START
2024-11-01 16:38:01,540 - INFO - The episode has finished
2024-11-01 16:38:01,541 - INFO - The total reward for episode 35 is: 2151.6936
2024-11-01 16:38:01,541 - INFO - The UAVs have visited 198 nodes in episode 35
2024-11-01 16:38:01,541 - INFO - The UAVs have visited the nodes: [[7, 0, 0, 0, 0, 0, 0, 0, 0, 0, 0, 0, 0, 0, 0, 0, 0, 0, 0, 0, 0, 0, 0, 0, 0, 0, 0, 0, 0, 0, 0, 0, 0, 0, 0, 0, 0, 0, 0, 0, 0, 0, 0, 0, 0, 0, 0, 0, 0, 0, 0, 0, 0, 0, 0, 0, 0, 0, 0, 0, 0, 0, 0, 0, 0, 0], [9, 1, 1, 1, 1, 1, 1, 1, 1, 1, 1, 1, 1, 1, 1, 1, 1, 1, 1, 1, 1, 1, 1, 1, 1, 1, 1, 1, 1, 1, 1, 1, 1, 1, 1, 1, 1, 1, 1, 1, 1, 1, 1, 1, 1, 1, 1, 1, 1, 1, 1, 1, 1, 1, 1, 1, 1, 1, 1, 1, 1, 1, 1, 1, 1, 1], [3, 2, 2, 2, 2, 2, 2, 2, 2, 2, 2, 2, 2, 2, 2, 2, 2, 2, 2, 2, 2, 2, 2, 2, 2, 2, 2, 2, 2, 2, 2, 2, 2, 2, 2, 2, 2, 2, 2, 2, 2, 2, 2, 2, 2, 2, 2, 2, 2, 2, 2, 2, 2, 2, 2, 2, 2, 2, 2, 2, 2, 2, 2, 2, 2, 2]]
2024-11-01 16:38:01,541 - INFO - The UAVs have expended 263671.3 energy in episode 35
2024-11-01 16:38:01,541 - INFO - EPISODE FINISHED
2024-11-01 16:38:01,541 - INFO - EPISODE START
2024-11-01 16:38:02,171 - INFO - The episode has finished
2024-11-01 16:38:02,172 - INFO - The total reward for episode 36 is: 1813.7417
2024-11-01 16:38:02,172 - INFO - The UAVs have visited 201 nodes in episode 36
2024-11-01 16:38:02,172 - INFO - The UAVs have visited the nodes: [[7, 0, 0, 0, 0, 0, 0, 0, 0, 0, 0, 0, 0, 0, 0, 0, 0, 0, 0, 0, 0, 0, 0, 0, 0, 0, 0, 0, 0, 0, 0, 0, 0, 0, 0, 0, 0, 0, 0, 0, 0, 0, 0, 0, 0, 0, 0, 0, 0, 0, 0, 0, 0, 0, 0, 0, 0, 0, 0, 0, 0, 0, 0, 0, 0, 0, 0], [9, 1, 1, 1, 1, 1, 1, 1, 1, 1, 1, 1, 1, 1, 1, 1, 1, 1, 1, 1, 1, 1, 1, 1, 1, 1, 1, 1, 1, 1, 1, 1, 1, 1, 1, 1, 1, 1, 1, 1, 1, 1, 1, 1, 1, 1, 1, 1, 1, 1, 1, 1, 1, 1, 1, 1, 1, 1, 1, 1, 1, 1, 1, 1, 1, 1, 1], [3, 2, 2, 2, 2, 2, 2, 2, 2, 2, 2, 2, 2, 2, 2, 2, 2, 2, 2, 2, 2, 2, 2, 2, 2, 2, 2, 2, 2, 2, 2, 2, 2, 2, 2, 2, 2, 2, 2, 2, 2, 2, 2, 2, 2, 2, 2, 2, 2, 2, 2, 2, 2, 2, 2, 2, 2, 2, 2, 2, 2, 2, 2, 2, 2, 2, 2]]
2024-11-01 16:38:02,172 - INFO - The UAVs have expended 262905.2 energy in episode 36
2024-11-01 16:38:02,172 - INFO - EPISODE FINISHED
2024-11-01 16:38:02,172 - INFO - EPISODE START
2024-11-01 16:38:02,954 - INFO - The episode has finished
2024-11-01 16:38:02,954 - INFO - The total reward for episode 37 is: 1540.7932
2024-11-01 16:38:02,954 - INFO - The UAVs have visited 204 nodes in episode 37
2024-11-01 16:38:02,955 - INFO - The UAVs have visited the nodes: [[7, 0, 0, 0, 0, 0, 0, 0, 0, 0, 0, 0, 0, 0, 0, 0, 0, 0, 0, 0, 0, 0, 0, 0, 0, 0, 0, 0, 0, 0, 0, 0, 0, 0, 0, 0, 0, 0, 0, 0, 0, 0, 0, 0, 0, 0, 0, 0, 0, 0, 0, 0, 0, 0, 0, 0, 0, 0, 0, 0, 0, 0, 0, 0, 0, 0, 0, 0], [9, 1, 1, 1, 1, 1, 1, 1, 1, 1, 1, 1, 1, 1, 1, 1, 1, 1, 1, 1, 1, 1, 1, 1, 1, 1, 1, 1, 1, 1, 1, 1, 1, 1, 1, 1, 1, 1, 1, 1, 1, 1, 1, 1, 1, 1, 1, 1, 1, 1, 1, 1, 1, 1, 1, 1, 1, 1, 1, 1, 1, 1, 1, 1, 1, 1, 1, 1], [3, 2, 2, 2, 2, 2, 2, 2, 2, 2, 2, 2, 2, 2, 2, 2, 2, 2, 2, 2, 2, 2, 2, 2, 2, 2, 2, 2, 2, 2, 2, 2, 2, 2, 2, 2, 2, 2, 2, 2, 2, 2, 2, 2, 2, 2, 2, 2, 2, 2, 2, 2, 2, 2, 2, 2, 2, 2, 2, 2, 2, 2, 2, 2, 2, 2, 2, 2]]
2024-11-01 16:38:02,955 - INFO - The UAVs have expended 262139.06 energy in episode 37
2024-11-01 16:38:02,955 - INFO - EPISODE FINISHED
2024-11-01 16:38:02,955 - INFO - EPISODE START
2024-11-01 16:38:03,565 - INFO - The episode has finished
2024-11-01 16:38:03,565 - INFO - The total reward for episode 38 is: 1319.7747
2024-11-01 16:38:03,565 - INFO - The UAVs have visited 207 nodes in episode 38
2024-11-01 16:38:03,565 - INFO - The UAVs have visited the nodes: [[7, 0, 0, 0, 0, 0, 0, 0, 0, 0, 0, 0, 0, 0, 0, 0, 0, 0, 0, 0, 0, 0, 0, 0, 0, 0, 0, 0, 0, 0, 0, 0, 0, 0, 0, 0, 0, 0, 0, 0, 0, 0, 0, 0, 0, 0, 0, 0, 0, 0, 0, 0, 0, 0, 0, 0, 0, 0, 0, 0, 0, 0, 0, 0, 0, 0, 0, 0, 0], [9, 1, 1, 1, 1, 1, 1, 1, 1, 1, 1, 1, 1, 1, 1, 1, 1, 1, 1, 1, 1, 1, 1, 1, 1, 1, 1, 1, 1, 1, 1, 1, 1, 1, 1, 1, 1, 1, 1, 1, 1, 1, 1, 1, 1, 1, 1, 1, 1, 1, 1, 1, 1, 1, 1, 1, 1, 1, 1, 1, 1, 1, 1, 1, 1, 1, 1, 1, 1], [3, 2, 2, 2, 2, 2, 2, 2, 2, 2, 2, 2, 2, 2, 2, 2, 2, 2, 2, 2, 2, 2, 2, 2, 2, 2, 2, 2, 2, 2, 2, 2, 2, 2, 2, 2, 2, 2, 2, 2, 2, 2, 2, 2, 2, 2, 2, 2, 2, 2, 2, 2, 2, 2, 2, 2, 2, 2, 2, 2, 2, 2, 2, 2, 2, 2, 2, 2, 2]]
2024-11-01 16:38:03,565 - INFO - The UAVs have expended 261372.94 energy in episode 38
2024-11-01 16:38:03,565 - INFO - EPISODE FINISHED
2024-11-01 16:38:03,566 - INFO - EPISODE START
2024-11-01 16:38:04,336 - INFO - The episode has finished
2024-11-01 16:38:04,336 - INFO - The total reward for episode 39 is: 1202.7354
2024-11-01 16:38:04,336 - INFO - The UAVs have visited 210 nodes in episode 39
2024-11-01 16:38:04,336 - INFO - The UAVs have visited the nodes: [[7, 0, 0, 0, 0, 0, 0, 0, 0, 0, 0, 0, 0, 0, 0, 0, 0, 0, 0, 0, 0, 0, 0, 0, 0, 0, 0, 0, 0, 0, 0, 0, 0, 0, 0, 0, 0, 0, 0, 0, 0, 0, 0, 0, 0, 0, 0, 0, 0, 0, 0, 0, 0, 0, 0, 0, 0, 0, 0, 0, 0, 0, 0, 0, 0, 0, 0, 0, 0, 0], [9, 1, 1, 1, 1, 1, 1, 1, 1, 1, 1, 1, 1, 1, 1, 1, 1, 1, 1, 1, 1, 1, 1, 1, 1, 1, 1, 1, 1, 1, 1, 1, 1, 1, 1, 1, 1, 1, 1, 1, 1, 1, 1, 1, 1, 1, 1, 1, 1, 1, 1, 1, 1, 1, 1, 1, 1, 1, 1, 1, 1, 1, 1, 1, 1, 1, 1, 1, 1, 1], [3, 2, 2, 2, 2, 2, 2, 2, 2, 2, 2, 2, 2, 2, 2, 2, 2, 2, 2, 2, 2, 2, 2, 2, 2, 2, 2, 2, 2, 2, 2, 2, 2, 2, 2, 2, 2, 2, 2, 2, 2, 2, 2, 2, 2, 2, 2, 2, 2, 2, 2, 2, 2, 2, 2, 2, 2, 2, 2, 2, 2, 2, 2, 2, 2, 2, 2, 2, 2, 2]]
2024-11-01 16:38:04,336 - INFO - The UAVs have expended 260606.81 energy in episode 39
2024-11-01 16:38:04,336 - INFO - EPISODE FINISHED
2024-11-01 16:38:04,336 - INFO - The rewards per episode are: [Array(1.34834e+09, dtype=float32), Array(422767.25, dtype=float32), Array(112715.625, dtype=float32), Array(99026.49, dtype=float32), Array(87190.055, dtype=float32), Array(76924.22, dtype=float32), Array(67994.51, dtype=float32), Array(60205.363, dtype=float32), Array(53393.17, dtype=float32), Array(47420.625, dtype=float32), Array(42172.043, dtype=float32), Array(37549.676, dtype=float32), Array(33470.62, dtype=float32), Array(30477.918, dtype=float32), Array(27703.676, dtype=float32), Array(25364.422, dtype=float32), Array(23137.605, dtype=float32), Array(21005.016, dtype=float32), Array(18455.742, dtype=float32), Array(16347.176, dtype=float32), Array(14528.74, dtype=float32), Array(12993.256, dtype=float32), Array(11599.582, dtype=float32), Array(10082.623, dtype=float32), Array(8650.201, dtype=float32), Array(7445.8555, dtype=float32), Array(6520.3237, dtype=float32), Array(5804.804, dtype=float32), Array(5174.576, dtype=float32), Array(4651.304, dtype=float32), Array(4227.5566, dtype=float32), Array(3646.294, dtype=float32), Array(3154.0103, dtype=float32), Array(2763.907, dtype=float32), Array(2411.4224, dtype=float32), Array(2151.6936, dtype=float32), Array(1813.7417, dtype=float32), Array(1540.7932, dtype=float32), Array(1319.7747, dtype=float32), Array(1202.7354, dtype=float32)]
2024-11-01 16:38:04,338 - INFO - Q Table is: [[4660755.   6719283.   4863008.   9437537.   3836571.5  7543655.
  7229385.5  7039667.   7590099.5  5660358.5 ]
 [6060073.   5564631.5  5734116.   2365219.   6683639.   9732174.
  5690383.   7144601.   6793997.5  8728897.  ]
 [6649881.   7067609.5  5974403.   6391053.   5435090.5  5552989.
  8783146.   4501396.   8398699.   3553030.  ]
 [      0.         0.         0.    227071.25       0.         0.
        0.         0.    454142.4        0.  ]
 [      0.         0.         0.         0.         0.         0.
        0.         0.         0.         0.  ]
 [      0.         0.         0.         0.         0.         0.
        0.         0.         0.         0.  ]
 [      0.         0.         0.         0.         0.         0.
        0.         0.         0.         0.  ]
 [      0.         0.         0.    658507.25       0.         0.
        0.         0.         0.         0.  ]
 [      0.         0.         0.         0.         0.         0.
        0.         0.         0.         0.  ]
 [      0.         0.         0.         0.         0.         0.
   454142.6        0.    227071.25       0.  ]]
2024-11-01 16:38:04,390 - INFO - Mean reward per episode: 33743880.0
2024-11-01 16:38:04,405 - INFO - Max reward: 1348340000.0
2024-11-01 16:38:04,426 - INFO - Q-Brave Algorithm took: 43.82953596115112 seconds
2024-11-01 16:38:04,426 - INFO - Q-Brave Algorithm has successfully reached the final node!
2024-11-01 16:38:04,669 - INFO - Running the Multi-Agent Coop Q-Brave Algorithm
2024-11-01 16:38:04,670 - INFO - EPISODE START
2024-11-01 16:38:19,924 - INFO - The total reward for episode 0 is: 1348340000.0
2024-11-01 16:38:19,924 - INFO - The UAVs have visited 90 nodes in episode 0
2024-11-01 16:38:19,925 - INFO - The UAVs have visited the nodes: [[7, 0, 0, 0, 0, 0, 0, 0, 0, 0, 0, 0, 0, 0, 0, 0, 0, 0, 0, 0, 0, 0, 0, 0, 0, 0, 0, 0, 0, 0], [9, 1, 1, 1, 1, 1, 1, 1, 1, 1, 1, 1, 1, 1, 1, 1, 1, 1, 1, 1, 1, 1, 1, 1, 1, 1, 1, 1, 1, 1], [3, 2, 2, 2, 2, 2, 2, 2, 2, 2, 2, 2, 2, 2, 2, 2, 2, 2, 2, 2, 2, 2, 2, 2, 2, 2, 2, 2, 2, 2]]
2024-11-01 16:38:19,925 - INFO - The UAVs have expended 291251.8 energy in episode 0
2024-11-01 16:38:19,925 - INFO - EPISODE FINISHED
2024-11-01 16:38:19,925 - INFO - EPISODE START
2024-11-01 16:38:21,223 - INFO - The episode has finished
2024-11-01 16:38:21,224 - INFO - The total reward for episode 1 is: 422767.25
2024-11-01 16:38:21,224 - INFO - The UAVs have visited 96 nodes in episode 1
2024-11-01 16:38:21,224 - INFO - The UAVs have visited the nodes: [[7, 0, 0, 0, 0, 0, 0, 0, 0, 0, 0, 0, 0, 0, 0, 0, 0, 0, 0, 0, 0, 0, 0, 0, 0, 0, 0, 0, 0, 0, 0, 0], [9, 1, 1, 1, 1, 1, 1, 1, 1, 1, 1, 1, 1, 1, 1, 1, 1, 1, 1, 1, 1, 1, 1, 1, 1, 1, 1, 1, 1, 1, 1, 1], [3, 2, 2, 2, 2, 2, 2, 2, 2, 2, 2, 2, 2, 2, 2, 2, 2, 2, 2, 2, 2, 2, 2, 2, 2, 2, 2, 2, 2, 2, 2, 2]]
2024-11-01 16:38:21,224 - INFO - The UAVs have expended 289719.56 energy in episode 1
2024-11-01 16:38:21,224 - INFO - EPISODE FINISHED
2024-11-01 16:38:21,224 - INFO - EPISODE START
2024-11-01 16:38:21,988 - INFO - The episode has finished
2024-11-01 16:38:21,988 - INFO - The total reward for episode 2 is: 112715.625
2024-11-01 16:38:21,988 - INFO - The UAVs have visited 99 nodes in episode 2
2024-11-01 16:38:21,988 - INFO - The UAVs have visited the nodes: [[7, 0, 0, 0, 0, 0, 0, 0, 0, 0, 0, 0, 0, 0, 0, 0, 0, 0, 0, 0, 0, 0, 0, 0, 0, 0, 0, 0, 0, 0, 0, 0, 0], [9, 1, 1, 1, 1, 1, 1, 1, 1, 1, 1, 1, 1, 1, 1, 1, 1, 1, 1, 1, 1, 1, 1, 1, 1, 1, 1, 1, 1, 1, 1, 1, 1], [3, 2, 2, 2, 2, 2, 2, 2, 2, 2, 2, 2, 2, 2, 2, 2, 2, 2, 2, 2, 2, 2, 2, 2, 2, 2, 2, 2, 2, 2, 2, 2, 2]]
2024-11-01 16:38:21,988 - INFO - The UAVs have expended 288953.44 energy in episode 2
2024-11-01 16:38:21,988 - INFO - EPISODE FINISHED
2024-11-01 16:38:21,988 - INFO - EPISODE START
2024-11-01 16:38:22,792 - INFO - The episode has finished
2024-11-01 16:38:22,792 - INFO - The total reward for episode 3 is: 99026.49
2024-11-01 16:38:22,792 - INFO - The UAVs have visited 102 nodes in episode 3
2024-11-01 16:38:22,792 - INFO - The UAVs have visited the nodes: [[7, 0, 0, 0, 0, 0, 0, 0, 0, 0, 0, 0, 0, 0, 0, 0, 0, 0, 0, 0, 0, 0, 0, 0, 0, 0, 0, 0, 0, 0, 0, 0, 0, 0], [9, 1, 1, 1, 1, 1, 1, 1, 1, 1, 1, 1, 1, 1, 1, 1, 1, 1, 1, 1, 1, 1, 1, 1, 1, 1, 1, 1, 1, 1, 1, 1, 1, 1], [3, 2, 2, 2, 2, 2, 2, 2, 2, 2, 2, 2, 2, 2, 2, 2, 2, 2, 2, 2, 2, 2, 2, 2, 2, 2, 2, 2, 2, 2, 2, 2, 2, 2]]
2024-11-01 16:38:22,792 - INFO - The UAVs have expended 288187.3 energy in episode 3
2024-11-01 16:38:22,792 - INFO - EPISODE FINISHED
2024-11-01 16:38:22,793 - INFO - EPISODE START
2024-11-01 16:38:23,594 - INFO - The episode has finished
2024-11-01 16:38:23,594 - INFO - The total reward for episode 4 is: 87190.055
2024-11-01 16:38:23,594 - INFO - The UAVs have visited 105 nodes in episode 4
2024-11-01 16:38:23,594 - INFO - The UAVs have visited the nodes: [[7, 0, 0, 0, 0, 0, 0, 0, 0, 0, 0, 0, 0, 0, 0, 0, 0, 0, 0, 0, 0, 0, 0, 0, 0, 0, 0, 0, 0, 0, 0, 0, 0, 0, 0], [9, 1, 1, 1, 1, 1, 1, 1, 1, 1, 1, 1, 1, 1, 1, 1, 1, 1, 1, 1, 1, 1, 1, 1, 1, 1, 1, 1, 1, 1, 1, 1, 1, 1, 1], [3, 2, 2, 2, 2, 2, 2, 2, 2, 2, 2, 2, 2, 2, 2, 2, 2, 2, 2, 2, 2, 2, 2, 2, 2, 2, 2, 2, 2, 2, 2, 2, 2, 2, 2]]
2024-11-01 16:38:23,594 - INFO - The UAVs have expended 287421.2 energy in episode 4
2024-11-01 16:38:23,594 - INFO - EPISODE FINISHED
2024-11-01 16:38:23,595 - INFO - EPISODE START
2024-11-01 16:38:24,312 - INFO - The episode has finished
2024-11-01 16:38:24,312 - INFO - The total reward for episode 5 is: 76924.22
2024-11-01 16:38:24,312 - INFO - The UAVs have visited 108 nodes in episode 5
2024-11-01 16:38:24,312 - INFO - The UAVs have visited the nodes: [[7, 0, 0, 0, 0, 0, 0, 0, 0, 0, 0, 0, 0, 0, 0, 0, 0, 0, 0, 0, 0, 0, 0, 0, 0, 0, 0, 0, 0, 0, 0, 0, 0, 0, 0, 0], [9, 1, 1, 1, 1, 1, 1, 1, 1, 1, 1, 1, 1, 1, 1, 1, 1, 1, 1, 1, 1, 1, 1, 1, 1, 1, 1, 1, 1, 1, 1, 1, 1, 1, 1, 1], [3, 2, 2, 2, 2, 2, 2, 2, 2, 2, 2, 2, 2, 2, 2, 2, 2, 2, 2, 2, 2, 2, 2, 2, 2, 2, 2, 2, 2, 2, 2, 2, 2, 2, 2, 2]]
2024-11-01 16:38:24,312 - INFO - The UAVs have expended 286655.06 energy in episode 5
2024-11-01 16:38:24,312 - INFO - EPISODE FINISHED
2024-11-01 16:38:24,312 - INFO - EPISODE START
2024-11-01 16:38:25,037 - INFO - The episode has finished
2024-11-01 16:38:25,037 - INFO - The total reward for episode 6 is: 67994.51
2024-11-01 16:38:25,037 - INFO - The UAVs have visited 111 nodes in episode 6
2024-11-01 16:38:25,037 - INFO - The UAVs have visited the nodes: [[7, 0, 0, 0, 0, 0, 0, 0, 0, 0, 0, 0, 0, 0, 0, 0, 0, 0, 0, 0, 0, 0, 0, 0, 0, 0, 0, 0, 0, 0, 0, 0, 0, 0, 0, 0, 0], [9, 1, 1, 1, 1, 1, 1, 1, 1, 1, 1, 1, 1, 1, 1, 1, 1, 1, 1, 1, 1, 1, 1, 1, 1, 1, 1, 1, 1, 1, 1, 1, 1, 1, 1, 1, 1], [3, 2, 2, 2, 2, 2, 2, 2, 2, 2, 2, 2, 2, 2, 2, 2, 2, 2, 2, 2, 2, 2, 2, 2, 2, 2, 2, 2, 2, 2, 2, 2, 2, 2, 2, 2, 2]]
2024-11-01 16:38:25,037 - INFO - The UAVs have expended 285888.94 energy in episode 6
2024-11-01 16:38:25,037 - INFO - EPISODE FINISHED
2024-11-01 16:38:25,038 - INFO - EPISODE START
2024-11-01 16:38:25,850 - INFO - The episode has finished
2024-11-01 16:38:25,850 - INFO - The total reward for episode 7 is: 60205.363
2024-11-01 16:38:25,850 - INFO - The UAVs have visited 114 nodes in episode 7
2024-11-01 16:38:25,850 - INFO - The UAVs have visited the nodes: [[7, 0, 0, 0, 0, 0, 0, 0, 0, 0, 0, 0, 0, 0, 0, 0, 0, 0, 0, 0, 0, 0, 0, 0, 0, 0, 0, 0, 0, 0, 0, 0, 0, 0, 0, 0, 0, 0], [9, 1, 1, 1, 1, 1, 1, 1, 1, 1, 1, 1, 1, 1, 1, 1, 1, 1, 1, 1, 1, 1, 1, 1, 1, 1, 1, 1, 1, 1, 1, 1, 1, 1, 1, 1, 1, 1], [3, 2, 2, 2, 2, 2, 2, 2, 2, 2, 2, 2, 2, 2, 2, 2, 2, 2, 2, 2, 2, 2, 2, 2, 2, 2, 2, 2, 2, 2, 2, 2, 2, 2, 2, 2, 2, 2]]
2024-11-01 16:38:25,850 - INFO - The UAVs have expended 285122.8 energy in episode 7
2024-11-01 16:38:25,851 - INFO - EPISODE FINISHED
2024-11-01 16:38:25,851 - INFO - EPISODE START
2024-11-01 16:38:26,696 - INFO - The episode has finished
2024-11-01 16:38:26,696 - INFO - The total reward for episode 8 is: 53393.17
2024-11-01 16:38:26,696 - INFO - The UAVs have visited 117 nodes in episode 8
2024-11-01 16:38:26,696 - INFO - The UAVs have visited the nodes: [[7, 0, 0, 0, 0, 0, 0, 0, 0, 0, 0, 0, 0, 0, 0, 0, 0, 0, 0, 0, 0, 0, 0, 0, 0, 0, 0, 0, 0, 0, 0, 0, 0, 0, 0, 0, 0, 0, 0], [9, 1, 1, 1, 1, 1, 1, 1, 1, 1, 1, 1, 1, 1, 1, 1, 1, 1, 1, 1, 1, 1, 1, 1, 1, 1, 1, 1, 1, 1, 1, 1, 1, 1, 1, 1, 1, 1, 1], [3, 2, 2, 2, 2, 2, 2, 2, 2, 2, 2, 2, 2, 2, 2, 2, 2, 2, 2, 2, 2, 2, 2, 2, 2, 2, 2, 2, 2, 2, 2, 2, 2, 2, 2, 2, 2, 2, 2]]
2024-11-01 16:38:26,696 - INFO - The UAVs have expended 284356.7 energy in episode 8
2024-11-01 16:38:26,696 - INFO - EPISODE FINISHED
2024-11-01 16:38:26,696 - INFO - EPISODE START
2024-11-01 16:38:27,488 - INFO - The episode has finished
2024-11-01 16:38:27,488 - INFO - The total reward for episode 9 is: 47420.625
2024-11-01 16:38:27,488 - INFO - The UAVs have visited 120 nodes in episode 9
2024-11-01 16:38:27,488 - INFO - The UAVs have visited the nodes: [[7, 0, 0, 0, 0, 0, 0, 0, 0, 0, 0, 0, 0, 0, 0, 0, 0, 0, 0, 0, 0, 0, 0, 0, 0, 0, 0, 0, 0, 0, 0, 0, 0, 0, 0, 0, 0, 0, 0, 0], [9, 1, 1, 1, 1, 1, 1, 1, 1, 1, 1, 1, 1, 1, 1, 1, 1, 1, 1, 1, 1, 1, 1, 1, 1, 1, 1, 1, 1, 1, 1, 1, 1, 1, 1, 1, 1, 1, 1, 1], [3, 2, 2, 2, 2, 2, 2, 2, 2, 2, 2, 2, 2, 2, 2, 2, 2, 2, 2, 2, 2, 2, 2, 2, 2, 2, 2, 2, 2, 2, 2, 2, 2, 2, 2, 2, 2, 2, 2, 2]]
2024-11-01 16:38:27,488 - INFO - The UAVs have expended 283590.56 energy in episode 9
2024-11-01 16:38:27,488 - INFO - EPISODE FINISHED
2024-11-01 16:38:27,488 - INFO - EPISODE START
2024-11-01 16:38:28,206 - INFO - The episode has finished
2024-11-01 16:38:28,206 - INFO - The total reward for episode 10 is: 42172.043
2024-11-01 16:38:28,206 - INFO - The UAVs have visited 123 nodes in episode 10
2024-11-01 16:38:28,206 - INFO - The UAVs have visited the nodes: [[7, 0, 0, 0, 0, 0, 0, 0, 0, 0, 0, 0, 0, 0, 0, 0, 0, 0, 0, 0, 0, 0, 0, 0, 0, 0, 0, 0, 0, 0, 0, 0, 0, 0, 0, 0, 0, 0, 0, 0, 0], [9, 1, 1, 1, 1, 1, 1, 1, 1, 1, 1, 1, 1, 1, 1, 1, 1, 1, 1, 1, 1, 1, 1, 1, 1, 1, 1, 1, 1, 1, 1, 1, 1, 1, 1, 1, 1, 1, 1, 1, 1], [3, 2, 2, 2, 2, 2, 2, 2, 2, 2, 2, 2, 2, 2, 2, 2, 2, 2, 2, 2, 2, 2, 2, 2, 2, 2, 2, 2, 2, 2, 2, 2, 2, 2, 2, 2, 2, 2, 2, 2, 2]]
2024-11-01 16:38:28,207 - INFO - The UAVs have expended 282824.44 energy in episode 10
2024-11-01 16:38:28,207 - INFO - EPISODE FINISHED
2024-11-01 16:38:28,207 - INFO - EPISODE START
2024-11-01 16:38:29,038 - INFO - The episode has finished
2024-11-01 16:38:29,038 - INFO - The total reward for episode 11 is: 37549.676
2024-11-01 16:38:29,038 - INFO - The UAVs have visited 126 nodes in episode 11
2024-11-01 16:38:29,038 - INFO - The UAVs have visited the nodes: [[7, 0, 0, 0, 0, 0, 0, 0, 0, 0, 0, 0, 0, 0, 0, 0, 0, 0, 0, 0, 0, 0, 0, 0, 0, 0, 0, 0, 0, 0, 0, 0, 0, 0, 0, 0, 0, 0, 0, 0, 0, 0], [9, 1, 1, 1, 1, 1, 1, 1, 1, 1, 1, 1, 1, 1, 1, 1, 1, 1, 1, 1, 1, 1, 1, 1, 1, 1, 1, 1, 1, 1, 1, 1, 1, 1, 1, 1, 1, 1, 1, 1, 1, 1], [3, 2, 2, 2, 2, 2, 2, 2, 2, 2, 2, 2, 2, 2, 2, 2, 2, 2, 2, 2, 2, 2, 2, 2, 2, 2, 2, 2, 2, 2, 2, 2, 2, 2, 2, 2, 2, 2, 2, 2, 2, 2]]
2024-11-01 16:38:29,038 - INFO - The UAVs have expended 282058.3 energy in episode 11
2024-11-01 16:38:29,040 - INFO - EPISODE FINISHED
2024-11-01 16:38:29,040 - INFO - EPISODE START
2024-11-01 16:38:29,812 - INFO - The episode has finished
2024-11-01 16:38:29,812 - INFO - The total reward for episode 12 is: 33470.62
2024-11-01 16:38:29,812 - INFO - The UAVs have visited 129 nodes in episode 12
2024-11-01 16:38:29,812 - INFO - The UAVs have visited the nodes: [[7, 0, 0, 0, 0, 0, 0, 0, 0, 0, 0, 0, 0, 0, 0, 0, 0, 0, 0, 0, 0, 0, 0, 0, 0, 0, 0, 0, 0, 0, 0, 0, 0, 0, 0, 0, 0, 0, 0, 0, 0, 0, 0], [9, 1, 1, 1, 1, 1, 1, 1, 1, 1, 1, 1, 1, 1, 1, 1, 1, 1, 1, 1, 1, 1, 1, 1, 1, 1, 1, 1, 1, 1, 1, 1, 1, 1, 1, 1, 1, 1, 1, 1, 1, 1, 1], [3, 2, 2, 2, 2, 2, 2, 2, 2, 2, 2, 2, 2, 2, 2, 2, 2, 2, 2, 2, 2, 2, 2, 2, 2, 2, 2, 2, 2, 2, 2, 2, 2, 2, 2, 2, 2, 2, 2, 2, 2, 2, 2]]
2024-11-01 16:38:29,813 - INFO - The UAVs have expended 281292.2 energy in episode 12
2024-11-01 16:38:29,813 - INFO - EPISODE FINISHED
2024-11-01 16:38:29,813 - INFO - EPISODE START
2024-11-01 16:38:30,432 - INFO - The episode has finished
2024-11-01 16:38:30,432 - INFO - The total reward for episode 13 is: 30477.918
2024-11-01 16:38:30,432 - INFO - The UAVs have visited 132 nodes in episode 13
2024-11-01 16:38:30,432 - INFO - The UAVs have visited the nodes: [[7, 0, 0, 0, 0, 0, 0, 0, 0, 0, 0, 0, 0, 0, 0, 0, 0, 0, 0, 0, 0, 0, 0, 0, 0, 0, 0, 0, 0, 0, 0, 0, 0, 0, 0, 0, 0, 0, 0, 0, 0, 0, 0, 0], [9, 1, 1, 1, 1, 1, 1, 1, 1, 1, 1, 1, 1, 1, 1, 1, 1, 1, 1, 1, 1, 1, 1, 1, 1, 1, 1, 1, 1, 1, 1, 1, 1, 1, 1, 1, 1, 1, 1, 1, 1, 1, 1, 1], [3, 2, 2, 2, 2, 2, 2, 2, 2, 2, 2, 2, 2, 2, 2, 2, 2, 2, 2, 2, 2, 2, 2, 2, 2, 2, 2, 2, 2, 2, 2, 2, 2, 2, 2, 2, 2, 2, 2, 2, 2, 2, 2, 2]]
2024-11-01 16:38:30,432 - INFO - The UAVs have expended 280526.06 energy in episode 13
2024-11-01 16:38:30,432 - INFO - EPISODE FINISHED
2024-11-01 16:38:30,433 - INFO - EPISODE START
2024-11-01 16:38:31,057 - INFO - The episode has finished
2024-11-01 16:38:31,057 - INFO - The total reward for episode 14 is: 27703.676
2024-11-01 16:38:31,057 - INFO - The UAVs have visited 135 nodes in episode 14
2024-11-01 16:38:31,057 - INFO - The UAVs have visited the nodes: [[7, 0, 0, 0, 0, 0, 0, 0, 0, 0, 0, 0, 0, 0, 0, 0, 0, 0, 0, 0, 0, 0, 0, 0, 0, 0, 0, 0, 0, 0, 0, 0, 0, 0, 0, 0, 0, 0, 0, 0, 0, 0, 0, 0, 0], [9, 1, 1, 1, 1, 1, 1, 1, 1, 1, 1, 1, 1, 1, 1, 1, 1, 1, 1, 1, 1, 1, 1, 1, 1, 1, 1, 1, 1, 1, 1, 1, 1, 1, 1, 1, 1, 1, 1, 1, 1, 1, 1, 1, 1], [3, 2, 2, 2, 2, 2, 2, 2, 2, 2, 2, 2, 2, 2, 2, 2, 2, 2, 2, 2, 2, 2, 2, 2, 2, 2, 2, 2, 2, 2, 2, 2, 2, 2, 2, 2, 2, 2, 2, 2, 2, 2, 2, 2, 2]]
2024-11-01 16:38:31,057 - INFO - The UAVs have expended 279759.94 energy in episode 14
2024-11-01 16:38:31,057 - INFO - EPISODE FINISHED
2024-11-01 16:38:31,057 - INFO - EPISODE START
2024-11-01 16:38:31,774 - INFO - The episode has finished
2024-11-01 16:38:31,774 - INFO - The total reward for episode 15 is: 25364.422
2024-11-01 16:38:31,775 - INFO - The UAVs have visited 138 nodes in episode 15
2024-11-01 16:38:31,775 - INFO - The UAVs have visited the nodes: [[7, 0, 0, 0, 0, 0, 0, 0, 0, 0, 0, 0, 0, 0, 0, 0, 0, 0, 0, 0, 0, 0, 0, 0, 0, 0, 0, 0, 0, 0, 0, 0, 0, 0, 0, 0, 0, 0, 0, 0, 0, 0, 0, 0, 0, 0], [9, 1, 1, 1, 1, 1, 1, 1, 1, 1, 1, 1, 1, 1, 1, 1, 1, 1, 1, 1, 1, 1, 1, 1, 1, 1, 1, 1, 1, 1, 1, 1, 1, 1, 1, 1, 1, 1, 1, 1, 1, 1, 1, 1, 1, 1], [3, 2, 2, 2, 2, 2, 2, 2, 2, 2, 2, 2, 2, 2, 2, 2, 2, 2, 2, 2, 2, 2, 2, 2, 2, 2, 2, 2, 2, 2, 2, 2, 2, 2, 2, 2, 2, 2, 2, 2, 2, 2, 2, 2, 2, 2]]
2024-11-01 16:38:31,775 - INFO - The UAVs have expended 278993.8 energy in episode 15
2024-11-01 16:38:31,775 - INFO - EPISODE FINISHED
2024-11-01 16:38:31,775 - INFO - EPISODE START
2024-11-01 16:38:32,419 - INFO - The episode has finished
2024-11-01 16:38:32,419 - INFO - The total reward for episode 16 is: 23137.605
2024-11-01 16:38:32,419 - INFO - The UAVs have visited 141 nodes in episode 16
2024-11-01 16:38:32,419 - INFO - The UAVs have visited the nodes: [[7, 0, 0, 0, 0, 0, 0, 0, 0, 0, 0, 0, 0, 0, 0, 0, 0, 0, 0, 0, 0, 0, 0, 0, 0, 0, 0, 0, 0, 0, 0, 0, 0, 0, 0, 0, 0, 0, 0, 0, 0, 0, 0, 0, 0, 0, 0], [9, 1, 1, 1, 1, 1, 1, 1, 1, 1, 1, 1, 1, 1, 1, 1, 1, 1, 1, 1, 1, 1, 1, 1, 1, 1, 1, 1, 1, 1, 1, 1, 1, 1, 1, 1, 1, 1, 1, 1, 1, 1, 1, 1, 1, 1, 1], [3, 2, 2, 2, 2, 2, 2, 2, 2, 2, 2, 2, 2, 2, 2, 2, 2, 2, 2, 2, 2, 2, 2, 2, 2, 2, 2, 2, 2, 2, 2, 2, 2, 2, 2, 2, 2, 2, 2, 2, 2, 2, 2, 2, 2, 2, 2]]
2024-11-01 16:38:32,419 - INFO - The UAVs have expended 278227.7 energy in episode 16
2024-11-01 16:38:32,419 - INFO - EPISODE FINISHED
2024-11-01 16:38:32,419 - INFO - EPISODE START
2024-11-01 16:38:33,048 - INFO - The episode has finished
2024-11-01 16:38:33,048 - INFO - The total reward for episode 17 is: 21005.016
2024-11-01 16:38:33,048 - INFO - The UAVs have visited 144 nodes in episode 17
2024-11-01 16:38:33,048 - INFO - The UAVs have visited the nodes: [[7, 0, 0, 0, 0, 0, 0, 0, 0, 0, 0, 0, 0, 0, 0, 0, 0, 0, 0, 0, 0, 0, 0, 0, 0, 0, 0, 0, 0, 0, 0, 0, 0, 0, 0, 0, 0, 0, 0, 0, 0, 0, 0, 0, 0, 0, 0, 0], [9, 1, 1, 1, 1, 1, 1, 1, 1, 1, 1, 1, 1, 1, 1, 1, 1, 1, 1, 1, 1, 1, 1, 1, 1, 1, 1, 1, 1, 1, 1, 1, 1, 1, 1, 1, 1, 1, 1, 1, 1, 1, 1, 1, 1, 1, 1, 1], [3, 2, 2, 2, 2, 2, 2, 2, 2, 2, 2, 2, 2, 2, 2, 2, 2, 2, 2, 2, 2, 2, 2, 2, 2, 2, 2, 2, 2, 2, 2, 2, 2, 2, 2, 2, 2, 2, 2, 2, 2, 2, 2, 2, 2, 2, 2, 2]]
2024-11-01 16:38:33,048 - INFO - The UAVs have expended 277461.56 energy in episode 17
2024-11-01 16:38:33,048 - INFO - EPISODE FINISHED
2024-11-01 16:38:33,048 - INFO - EPISODE START
2024-11-01 16:38:33,815 - INFO - The episode has finished
2024-11-01 16:38:33,815 - INFO - The total reward for episode 18 is: 18455.742
2024-11-01 16:38:33,815 - INFO - The UAVs have visited 147 nodes in episode 18
2024-11-01 16:38:33,815 - INFO - The UAVs have visited the nodes: [[7, 0, 0, 0, 0, 0, 0, 0, 0, 0, 0, 0, 0, 0, 0, 0, 0, 0, 0, 0, 0, 0, 0, 0, 0, 0, 0, 0, 0, 0, 0, 0, 0, 0, 0, 0, 0, 0, 0, 0, 0, 0, 0, 0, 0, 0, 0, 0, 0], [9, 1, 1, 1, 1, 1, 1, 1, 1, 1, 1, 1, 1, 1, 1, 1, 1, 1, 1, 1, 1, 1, 1, 1, 1, 1, 1, 1, 1, 1, 1, 1, 1, 1, 1, 1, 1, 1, 1, 1, 1, 1, 1, 1, 1, 1, 1, 1, 1], [3, 2, 2, 2, 2, 2, 2, 2, 2, 2, 2, 2, 2, 2, 2, 2, 2, 2, 2, 2, 2, 2, 2, 2, 2, 2, 2, 2, 2, 2, 2, 2, 2, 2, 2, 2, 2, 2, 2, 2, 2, 2, 2, 2, 2, 2, 2, 2, 2]]
2024-11-01 16:38:33,815 - INFO - The UAVs have expended 276695.44 energy in episode 18
2024-11-01 16:38:33,815 - INFO - EPISODE FINISHED
2024-11-01 16:38:33,815 - INFO - EPISODE START
2024-11-01 16:38:34,471 - INFO - The episode has finished
2024-11-01 16:38:34,472 - INFO - The total reward for episode 19 is: 16347.176
2024-11-01 16:38:34,472 - INFO - The UAVs have visited 150 nodes in episode 19
2024-11-01 16:38:34,472 - INFO - The UAVs have visited the nodes: [[7, 0, 0, 0, 0, 0, 0, 0, 0, 0, 0, 0, 0, 0, 0, 0, 0, 0, 0, 0, 0, 0, 0, 0, 0, 0, 0, 0, 0, 0, 0, 0, 0, 0, 0, 0, 0, 0, 0, 0, 0, 0, 0, 0, 0, 0, 0, 0, 0, 0], [9, 1, 1, 1, 1, 1, 1, 1, 1, 1, 1, 1, 1, 1, 1, 1, 1, 1, 1, 1, 1, 1, 1, 1, 1, 1, 1, 1, 1, 1, 1, 1, 1, 1, 1, 1, 1, 1, 1, 1, 1, 1, 1, 1, 1, 1, 1, 1, 1, 1], [3, 2, 2, 2, 2, 2, 2, 2, 2, 2, 2, 2, 2, 2, 2, 2, 2, 2, 2, 2, 2, 2, 2, 2, 2, 2, 2, 2, 2, 2, 2, 2, 2, 2, 2, 2, 2, 2, 2, 2, 2, 2, 2, 2, 2, 2, 2, 2, 2, 2]]
2024-11-01 16:38:34,472 - INFO - The UAVs have expended 275929.3 energy in episode 19
2024-11-01 16:38:34,472 - INFO - EPISODE FINISHED
2024-11-01 16:38:34,472 - INFO - EPISODE START
2024-11-01 16:38:35,324 - INFO - The episode has finished
2024-11-01 16:38:35,325 - INFO - The total reward for episode 20 is: 14528.74
2024-11-01 16:38:35,325 - INFO - The UAVs have visited 153 nodes in episode 20
2024-11-01 16:38:35,325 - INFO - The UAVs have visited the nodes: [[7, 0, 0, 0, 0, 0, 0, 0, 0, 0, 0, 0, 0, 0, 0, 0, 0, 0, 0, 0, 0, 0, 0, 0, 0, 0, 0, 0, 0, 0, 0, 0, 0, 0, 0, 0, 0, 0, 0, 0, 0, 0, 0, 0, 0, 0, 0, 0, 0, 0, 0], [9, 1, 1, 1, 1, 1, 1, 1, 1, 1, 1, 1, 1, 1, 1, 1, 1, 1, 1, 1, 1, 1, 1, 1, 1, 1, 1, 1, 1, 1, 1, 1, 1, 1, 1, 1, 1, 1, 1, 1, 1, 1, 1, 1, 1, 1, 1, 1, 1, 1, 1], [3, 2, 2, 2, 2, 2, 2, 2, 2, 2, 2, 2, 2, 2, 2, 2, 2, 2, 2, 2, 2, 2, 2, 2, 2, 2, 2, 2, 2, 2, 2, 2, 2, 2, 2, 2, 2, 2, 2, 2, 2, 2, 2, 2, 2, 2, 2, 2, 2, 2, 2]]
2024-11-01 16:38:35,325 - INFO - The UAVs have expended 275163.2 energy in episode 20
2024-11-01 16:38:35,325 - INFO - EPISODE FINISHED
2024-11-01 16:38:35,325 - INFO - EPISODE START
2024-11-01 16:38:36,022 - INFO - The episode has finished
2024-11-01 16:38:36,022 - INFO - The total reward for episode 21 is: 12993.256
2024-11-01 16:38:36,022 - INFO - The UAVs have visited 156 nodes in episode 21
2024-11-01 16:38:36,022 - INFO - The UAVs have visited the nodes: [[7, 0, 0, 0, 0, 0, 0, 0, 0, 0, 0, 0, 0, 0, 0, 0, 0, 0, 0, 0, 0, 0, 0, 0, 0, 0, 0, 0, 0, 0, 0, 0, 0, 0, 0, 0, 0, 0, 0, 0, 0, 0, 0, 0, 0, 0, 0, 0, 0, 0, 0, 0], [9, 1, 1, 1, 1, 1, 1, 1, 1, 1, 1, 1, 1, 1, 1, 1, 1, 1, 1, 1, 1, 1, 1, 1, 1, 1, 1, 1, 1, 1, 1, 1, 1, 1, 1, 1, 1, 1, 1, 1, 1, 1, 1, 1, 1, 1, 1, 1, 1, 1, 1, 1], [3, 2, 2, 2, 2, 2, 2, 2, 2, 2, 2, 2, 2, 2, 2, 2, 2, 2, 2, 2, 2, 2, 2, 2, 2, 2, 2, 2, 2, 2, 2, 2, 2, 2, 2, 2, 2, 2, 2, 2, 2, 2, 2, 2, 2, 2, 2, 2, 2, 2, 2, 2]]
2024-11-01 16:38:36,022 - INFO - The UAVs have expended 274397.06 energy in episode 21
2024-11-01 16:38:36,022 - INFO - EPISODE FINISHED
2024-11-01 16:38:36,022 - INFO - EPISODE START
2024-11-01 16:38:36,805 - INFO - The episode has finished
2024-11-01 16:38:36,805 - INFO - The total reward for episode 22 is: 11599.582
2024-11-01 16:38:36,805 - INFO - The UAVs have visited 159 nodes in episode 22
2024-11-01 16:38:36,805 - INFO - The UAVs have visited the nodes: [[7, 0, 0, 0, 0, 0, 0, 0, 0, 0, 0, 0, 0, 0, 0, 0, 0, 0, 0, 0, 0, 0, 0, 0, 0, 0, 0, 0, 0, 0, 0, 0, 0, 0, 0, 0, 0, 0, 0, 0, 0, 0, 0, 0, 0, 0, 0, 0, 0, 0, 0, 0, 0], [9, 1, 1, 1, 1, 1, 1, 1, 1, 1, 1, 1, 1, 1, 1, 1, 1, 1, 1, 1, 1, 1, 1, 1, 1, 1, 1, 1, 1, 1, 1, 1, 1, 1, 1, 1, 1, 1, 1, 1, 1, 1, 1, 1, 1, 1, 1, 1, 1, 1, 1, 1, 1], [3, 2, 2, 2, 2, 2, 2, 2, 2, 2, 2, 2, 2, 2, 2, 2, 2, 2, 2, 2, 2, 2, 2, 2, 2, 2, 2, 2, 2, 2, 2, 2, 2, 2, 2, 2, 2, 2, 2, 2, 2, 2, 2, 2, 2, 2, 2, 2, 2, 2, 2, 2, 2]]
2024-11-01 16:38:36,805 - INFO - The UAVs have expended 273630.94 energy in episode 22
2024-11-01 16:38:36,805 - INFO - EPISODE FINISHED
2024-11-01 16:38:36,806 - INFO - EPISODE START
2024-11-01 16:38:37,390 - INFO - The episode has finished
2024-11-01 16:38:37,390 - INFO - The total reward for episode 23 is: 10082.623
2024-11-01 16:38:37,390 - INFO - The UAVs have visited 162 nodes in episode 23
2024-11-01 16:38:37,390 - INFO - The UAVs have visited the nodes: [[7, 0, 0, 0, 0, 0, 0, 0, 0, 0, 0, 0, 0, 0, 0, 0, 0, 0, 0, 0, 0, 0, 0, 0, 0, 0, 0, 0, 0, 0, 0, 0, 0, 0, 0, 0, 0, 0, 0, 0, 0, 0, 0, 0, 0, 0, 0, 0, 0, 0, 0, 0, 0, 0], [9, 1, 1, 1, 1, 1, 1, 1, 1, 1, 1, 1, 1, 1, 1, 1, 1, 1, 1, 1, 1, 1, 1, 1, 1, 1, 1, 1, 1, 1, 1, 1, 1, 1, 1, 1, 1, 1, 1, 1, 1, 1, 1, 1, 1, 1, 1, 1, 1, 1, 1, 1, 1, 1], [3, 2, 2, 2, 2, 2, 2, 2, 2, 2, 2, 2, 2, 2, 2, 2, 2, 2, 2, 2, 2, 2, 2, 2, 2, 2, 2, 2, 2, 2, 2, 2, 2, 2, 2, 2, 2, 2, 2, 2, 2, 2, 2, 2, 2, 2, 2, 2, 2, 2, 2, 2, 2, 2]]
2024-11-01 16:38:37,390 - INFO - The UAVs have expended 272864.8 energy in episode 23
2024-11-01 16:38:37,390 - INFO - EPISODE FINISHED
2024-11-01 16:38:37,391 - INFO - EPISODE START
2024-11-01 16:38:38,003 - INFO - The episode has finished
2024-11-01 16:38:38,003 - INFO - The total reward for episode 24 is: 8650.201
2024-11-01 16:38:38,004 - INFO - The UAVs have visited 165 nodes in episode 24
2024-11-01 16:38:38,004 - INFO - The UAVs have visited the nodes: [[7, 0, 0, 0, 0, 0, 0, 0, 0, 0, 0, 0, 0, 0, 0, 0, 0, 0, 0, 0, 0, 0, 0, 0, 0, 0, 0, 0, 0, 0, 0, 0, 0, 0, 0, 0, 0, 0, 0, 0, 0, 0, 0, 0, 0, 0, 0, 0, 0, 0, 0, 0, 0, 0, 0], [9, 1, 1, 1, 1, 1, 1, 1, 1, 1, 1, 1, 1, 1, 1, 1, 1, 1, 1, 1, 1, 1, 1, 1, 1, 1, 1, 1, 1, 1, 1, 1, 1, 1, 1, 1, 1, 1, 1, 1, 1, 1, 1, 1, 1, 1, 1, 1, 1, 1, 1, 1, 1, 1, 1], [3, 2, 2, 2, 2, 2, 2, 2, 2, 2, 2, 2, 2, 2, 2, 2, 2, 2, 2, 2, 2, 2, 2, 2, 2, 2, 2, 2, 2, 2, 2, 2, 2, 2, 2, 2, 2, 2, 2, 2, 2, 2, 2, 2, 2, 2, 2, 2, 2, 2, 2, 2, 2, 2, 2]]
2024-11-01 16:38:38,004 - INFO - The UAVs have expended 272098.7 energy in episode 24
2024-11-01 16:38:38,004 - INFO - EPISODE FINISHED
2024-11-01 16:38:38,004 - INFO - EPISODE START
2024-11-01 16:38:38,644 - INFO - The episode has finished
2024-11-01 16:38:38,644 - INFO - The total reward for episode 25 is: 7445.8555
2024-11-01 16:38:38,644 - INFO - The UAVs have visited 168 nodes in episode 25
2024-11-01 16:38:38,644 - INFO - The UAVs have visited the nodes: [[7, 0, 0, 0, 0, 0, 0, 0, 0, 0, 0, 0, 0, 0, 0, 0, 0, 0, 0, 0, 0, 0, 0, 0, 0, 0, 0, 0, 0, 0, 0, 0, 0, 0, 0, 0, 0, 0, 0, 0, 0, 0, 0, 0, 0, 0, 0, 0, 0, 0, 0, 0, 0, 0, 0, 0], [9, 1, 1, 1, 1, 1, 1, 1, 1, 1, 1, 1, 1, 1, 1, 1, 1, 1, 1, 1, 1, 1, 1, 1, 1, 1, 1, 1, 1, 1, 1, 1, 1, 1, 1, 1, 1, 1, 1, 1, 1, 1, 1, 1, 1, 1, 1, 1, 1, 1, 1, 1, 1, 1, 1, 1], [3, 2, 2, 2, 2, 2, 2, 2, 2, 2, 2, 2, 2, 2, 2, 2, 2, 2, 2, 2, 2, 2, 2, 2, 2, 2, 2, 2, 2, 2, 2, 2, 2, 2, 2, 2, 2, 2, 2, 2, 2, 2, 2, 2, 2, 2, 2, 2, 2, 2, 2, 2, 2, 2, 2, 2]]
2024-11-01 16:38:38,644 - INFO - The UAVs have expended 271332.56 energy in episode 25
2024-11-01 16:38:38,644 - INFO - EPISODE FINISHED
2024-11-01 16:38:38,644 - INFO - EPISODE START
2024-11-01 16:38:39,247 - INFO - The episode has finished
2024-11-01 16:38:39,247 - INFO - The total reward for episode 26 is: 6520.3237
2024-11-01 16:38:39,247 - INFO - The UAVs have visited 171 nodes in episode 26
2024-11-01 16:38:39,247 - INFO - The UAVs have visited the nodes: [[7, 0, 0, 0, 0, 0, 0, 0, 0, 0, 0, 0, 0, 0, 0, 0, 0, 0, 0, 0, 0, 0, 0, 0, 0, 0, 0, 0, 0, 0, 0, 0, 0, 0, 0, 0, 0, 0, 0, 0, 0, 0, 0, 0, 0, 0, 0, 0, 0, 0, 0, 0, 0, 0, 0, 0, 0], [9, 1, 1, 1, 1, 1, 1, 1, 1, 1, 1, 1, 1, 1, 1, 1, 1, 1, 1, 1, 1, 1, 1, 1, 1, 1, 1, 1, 1, 1, 1, 1, 1, 1, 1, 1, 1, 1, 1, 1, 1, 1, 1, 1, 1, 1, 1, 1, 1, 1, 1, 1, 1, 1, 1, 1, 1], [3, 2, 2, 2, 2, 2, 2, 2, 2, 2, 2, 2, 2, 2, 2, 2, 2, 2, 2, 2, 2, 2, 2, 2, 2, 2, 2, 2, 2, 2, 2, 2, 2, 2, 2, 2, 2, 2, 2, 2, 2, 2, 2, 2, 2, 2, 2, 2, 2, 2, 2, 2, 2, 2, 2, 2, 2]]
2024-11-01 16:38:39,247 - INFO - The UAVs have expended 270566.44 energy in episode 26
2024-11-01 16:38:39,247 - INFO - EPISODE FINISHED
2024-11-01 16:38:39,247 - INFO - EPISODE START
2024-11-01 16:38:39,861 - INFO - The episode has finished
2024-11-01 16:38:39,862 - INFO - The total reward for episode 27 is: 5804.804
2024-11-01 16:38:39,862 - INFO - The UAVs have visited 174 nodes in episode 27
2024-11-01 16:38:39,862 - INFO - The UAVs have visited the nodes: [[7, 0, 0, 0, 0, 0, 0, 0, 0, 0, 0, 0, 0, 0, 0, 0, 0, 0, 0, 0, 0, 0, 0, 0, 0, 0, 0, 0, 0, 0, 0, 0, 0, 0, 0, 0, 0, 0, 0, 0, 0, 0, 0, 0, 0, 0, 0, 0, 0, 0, 0, 0, 0, 0, 0, 0, 0, 0], [9, 1, 1, 1, 1, 1, 1, 1, 1, 1, 1, 1, 1, 1, 1, 1, 1, 1, 1, 1, 1, 1, 1, 1, 1, 1, 1, 1, 1, 1, 1, 1, 1, 1, 1, 1, 1, 1, 1, 1, 1, 1, 1, 1, 1, 1, 1, 1, 1, 1, 1, 1, 1, 1, 1, 1, 1, 1], [3, 2, 2, 2, 2, 2, 2, 2, 2, 2, 2, 2, 2, 2, 2, 2, 2, 2, 2, 2, 2, 2, 2, 2, 2, 2, 2, 2, 2, 2, 2, 2, 2, 2, 2, 2, 2, 2, 2, 2, 2, 2, 2, 2, 2, 2, 2, 2, 2, 2, 2, 2, 2, 2, 2, 2, 2, 2]]
2024-11-01 16:38:39,862 - INFO - The UAVs have expended 269800.3 energy in episode 27
2024-11-01 16:38:39,862 - INFO - EPISODE FINISHED
2024-11-01 16:38:39,862 - INFO - EPISODE START
2024-11-01 16:38:40,617 - INFO - The episode has finished
2024-11-01 16:38:40,618 - INFO - The total reward for episode 28 is: 5174.576
2024-11-01 16:38:40,618 - INFO - The UAVs have visited 177 nodes in episode 28
2024-11-01 16:38:40,618 - INFO - The UAVs have visited the nodes: [[7, 0, 0, 0, 0, 0, 0, 0, 0, 0, 0, 0, 0, 0, 0, 0, 0, 0, 0, 0, 0, 0, 0, 0, 0, 0, 0, 0, 0, 0, 0, 0, 0, 0, 0, 0, 0, 0, 0, 0, 0, 0, 0, 0, 0, 0, 0, 0, 0, 0, 0, 0, 0, 0, 0, 0, 0, 0, 0], [9, 1, 1, 1, 1, 1, 1, 1, 1, 1, 1, 1, 1, 1, 1, 1, 1, 1, 1, 1, 1, 1, 1, 1, 1, 1, 1, 1, 1, 1, 1, 1, 1, 1, 1, 1, 1, 1, 1, 1, 1, 1, 1, 1, 1, 1, 1, 1, 1, 1, 1, 1, 1, 1, 1, 1, 1, 1, 1], [3, 2, 2, 2, 2, 2, 2, 2, 2, 2, 2, 2, 2, 2, 2, 2, 2, 2, 2, 2, 2, 2, 2, 2, 2, 2, 2, 2, 2, 2, 2, 2, 2, 2, 2, 2, 2, 2, 2, 2, 2, 2, 2, 2, 2, 2, 2, 2, 2, 2, 2, 2, 2, 2, 2, 2, 2, 2, 2]]
2024-11-01 16:38:40,618 - INFO - The UAVs have expended 269034.2 energy in episode 28
2024-11-01 16:38:40,618 - INFO - EPISODE FINISHED
2024-11-01 16:38:40,618 - INFO - EPISODE START
2024-11-01 16:38:41,451 - INFO - The episode has finished
2024-11-01 16:38:41,451 - INFO - The total reward for episode 29 is: 4651.304
2024-11-01 16:38:41,451 - INFO - The UAVs have visited 180 nodes in episode 29
2024-11-01 16:38:41,452 - INFO - The UAVs have visited the nodes: [[7, 0, 0, 0, 0, 0, 0, 0, 0, 0, 0, 0, 0, 0, 0, 0, 0, 0, 0, 0, 0, 0, 0, 0, 0, 0, 0, 0, 0, 0, 0, 0, 0, 0, 0, 0, 0, 0, 0, 0, 0, 0, 0, 0, 0, 0, 0, 0, 0, 0, 0, 0, 0, 0, 0, 0, 0, 0, 0, 0], [9, 1, 1, 1, 1, 1, 1, 1, 1, 1, 1, 1, 1, 1, 1, 1, 1, 1, 1, 1, 1, 1, 1, 1, 1, 1, 1, 1, 1, 1, 1, 1, 1, 1, 1, 1, 1, 1, 1, 1, 1, 1, 1, 1, 1, 1, 1, 1, 1, 1, 1, 1, 1, 1, 1, 1, 1, 1, 1, 1], [3, 2, 2, 2, 2, 2, 2, 2, 2, 2, 2, 2, 2, 2, 2, 2, 2, 2, 2, 2, 2, 2, 2, 2, 2, 2, 2, 2, 2, 2, 2, 2, 2, 2, 2, 2, 2, 2, 2, 2, 2, 2, 2, 2, 2, 2, 2, 2, 2, 2, 2, 2, 2, 2, 2, 2, 2, 2, 2, 2]]
2024-11-01 16:38:41,452 - INFO - The UAVs have expended 268268.06 energy in episode 29
2024-11-01 16:38:41,452 - INFO - EPISODE FINISHED
2024-11-01 16:38:41,452 - INFO - EPISODE START
2024-11-01 16:38:42,211 - INFO - The episode has finished
2024-11-01 16:38:42,211 - INFO - The total reward for episode 30 is: 4227.5566
2024-11-01 16:38:42,211 - INFO - The UAVs have visited 183 nodes in episode 30
2024-11-01 16:38:42,211 - INFO - The UAVs have visited the nodes: [[7, 0, 0, 0, 0, 0, 0, 0, 0, 0, 0, 0, 0, 0, 0, 0, 0, 0, 0, 0, 0, 0, 0, 0, 0, 0, 0, 0, 0, 0, 0, 0, 0, 0, 0, 0, 0, 0, 0, 0, 0, 0, 0, 0, 0, 0, 0, 0, 0, 0, 0, 0, 0, 0, 0, 0, 0, 0, 0, 0, 0], [9, 1, 1, 1, 1, 1, 1, 1, 1, 1, 1, 1, 1, 1, 1, 1, 1, 1, 1, 1, 1, 1, 1, 1, 1, 1, 1, 1, 1, 1, 1, 1, 1, 1, 1, 1, 1, 1, 1, 1, 1, 1, 1, 1, 1, 1, 1, 1, 1, 1, 1, 1, 1, 1, 1, 1, 1, 1, 1, 1, 1], [3, 2, 2, 2, 2, 2, 2, 2, 2, 2, 2, 2, 2, 2, 2, 2, 2, 2, 2, 2, 2, 2, 2, 2, 2, 2, 2, 2, 2, 2, 2, 2, 2, 2, 2, 2, 2, 2, 2, 2, 2, 2, 2, 2, 2, 2, 2, 2, 2, 2, 2, 2, 2, 2, 2, 2, 2, 2, 2, 2, 2]]
2024-11-01 16:38:42,211 - INFO - The UAVs have expended 267501.94 energy in episode 30
2024-11-01 16:38:42,211 - INFO - EPISODE FINISHED
2024-11-01 16:38:42,211 - INFO - EPISODE START
2024-11-01 16:38:43,081 - INFO - The episode has finished
2024-11-01 16:38:43,081 - INFO - The total reward for episode 31 is: 3646.294
2024-11-01 16:38:43,081 - INFO - The UAVs have visited 186 nodes in episode 31
2024-11-01 16:38:43,081 - INFO - The UAVs have visited the nodes: [[7, 0, 0, 0, 0, 0, 0, 0, 0, 0, 0, 0, 0, 0, 0, 0, 0, 0, 0, 0, 0, 0, 0, 0, 0, 0, 0, 0, 0, 0, 0, 0, 0, 0, 0, 0, 0, 0, 0, 0, 0, 0, 0, 0, 0, 0, 0, 0, 0, 0, 0, 0, 0, 0, 0, 0, 0, 0, 0, 0, 0, 0], [9, 1, 1, 1, 1, 1, 1, 1, 1, 1, 1, 1, 1, 1, 1, 1, 1, 1, 1, 1, 1, 1, 1, 1, 1, 1, 1, 1, 1, 1, 1, 1, 1, 1, 1, 1, 1, 1, 1, 1, 1, 1, 1, 1, 1, 1, 1, 1, 1, 1, 1, 1, 1, 1, 1, 1, 1, 1, 1, 1, 1, 1], [3, 2, 2, 2, 2, 2, 2, 2, 2, 2, 2, 2, 2, 2, 2, 2, 2, 2, 2, 2, 2, 2, 2, 2, 2, 2, 2, 2, 2, 2, 2, 2, 2, 2, 2, 2, 2, 2, 2, 2, 2, 2, 2, 2, 2, 2, 2, 2, 2, 2, 2, 2, 2, 2, 2, 2, 2, 2, 2, 2, 2, 2]]
2024-11-01 16:38:43,082 - INFO - The UAVs have expended 266735.8 energy in episode 31
2024-11-01 16:38:43,082 - INFO - EPISODE FINISHED
2024-11-01 16:38:43,082 - INFO - EPISODE START
2024-11-01 16:38:43,734 - INFO - The episode has finished
2024-11-01 16:38:43,734 - INFO - The total reward for episode 32 is: 3154.0103
2024-11-01 16:38:43,734 - INFO - The UAVs have visited 189 nodes in episode 32
2024-11-01 16:38:43,734 - INFO - The UAVs have visited the nodes: [[7, 0, 0, 0, 0, 0, 0, 0, 0, 0, 0, 0, 0, 0, 0, 0, 0, 0, 0, 0, 0, 0, 0, 0, 0, 0, 0, 0, 0, 0, 0, 0, 0, 0, 0, 0, 0, 0, 0, 0, 0, 0, 0, 0, 0, 0, 0, 0, 0, 0, 0, 0, 0, 0, 0, 0, 0, 0, 0, 0, 0, 0, 0], [9, 1, 1, 1, 1, 1, 1, 1, 1, 1, 1, 1, 1, 1, 1, 1, 1, 1, 1, 1, 1, 1, 1, 1, 1, 1, 1, 1, 1, 1, 1, 1, 1, 1, 1, 1, 1, 1, 1, 1, 1, 1, 1, 1, 1, 1, 1, 1, 1, 1, 1, 1, 1, 1, 1, 1, 1, 1, 1, 1, 1, 1, 1], [3, 2, 2, 2, 2, 2, 2, 2, 2, 2, 2, 2, 2, 2, 2, 2, 2, 2, 2, 2, 2, 2, 2, 2, 2, 2, 2, 2, 2, 2, 2, 2, 2, 2, 2, 2, 2, 2, 2, 2, 2, 2, 2, 2, 2, 2, 2, 2, 2, 2, 2, 2, 2, 2, 2, 2, 2, 2, 2, 2, 2, 2, 2]]
2024-11-01 16:38:43,734 - INFO - The UAVs have expended 265969.7 energy in episode 32
2024-11-01 16:38:43,734 - INFO - EPISODE FINISHED
2024-11-01 16:38:43,734 - INFO - EPISODE START
2024-11-01 16:38:44,344 - INFO - The episode has finished
2024-11-01 16:38:44,344 - INFO - The total reward for episode 33 is: 2763.907
2024-11-01 16:38:44,344 - INFO - The UAVs have visited 192 nodes in episode 33
2024-11-01 16:38:44,344 - INFO - The UAVs have visited the nodes: [[7, 0, 0, 0, 0, 0, 0, 0, 0, 0, 0, 0, 0, 0, 0, 0, 0, 0, 0, 0, 0, 0, 0, 0, 0, 0, 0, 0, 0, 0, 0, 0, 0, 0, 0, 0, 0, 0, 0, 0, 0, 0, 0, 0, 0, 0, 0, 0, 0, 0, 0, 0, 0, 0, 0, 0, 0, 0, 0, 0, 0, 0, 0, 0], [9, 1, 1, 1, 1, 1, 1, 1, 1, 1, 1, 1, 1, 1, 1, 1, 1, 1, 1, 1, 1, 1, 1, 1, 1, 1, 1, 1, 1, 1, 1, 1, 1, 1, 1, 1, 1, 1, 1, 1, 1, 1, 1, 1, 1, 1, 1, 1, 1, 1, 1, 1, 1, 1, 1, 1, 1, 1, 1, 1, 1, 1, 1, 1], [3, 2, 2, 2, 2, 2, 2, 2, 2, 2, 2, 2, 2, 2, 2, 2, 2, 2, 2, 2, 2, 2, 2, 2, 2, 2, 2, 2, 2, 2, 2, 2, 2, 2, 2, 2, 2, 2, 2, 2, 2, 2, 2, 2, 2, 2, 2, 2, 2, 2, 2, 2, 2, 2, 2, 2, 2, 2, 2, 2, 2, 2, 2, 2]]
2024-11-01 16:38:44,344 - INFO - The UAVs have expended 265203.56 energy in episode 33
2024-11-01 16:38:44,344 - INFO - EPISODE FINISHED
2024-11-01 16:38:44,345 - INFO - EPISODE START
2024-11-01 16:38:44,991 - INFO - The episode has finished
2024-11-01 16:38:44,991 - INFO - The total reward for episode 34 is: 2411.4224
2024-11-01 16:38:44,991 - INFO - The UAVs have visited 195 nodes in episode 34
2024-11-01 16:38:44,991 - INFO - The UAVs have visited the nodes: [[7, 0, 0, 0, 0, 0, 0, 0, 0, 0, 0, 0, 0, 0, 0, 0, 0, 0, 0, 0, 0, 0, 0, 0, 0, 0, 0, 0, 0, 0, 0, 0, 0, 0, 0, 0, 0, 0, 0, 0, 0, 0, 0, 0, 0, 0, 0, 0, 0, 0, 0, 0, 0, 0, 0, 0, 0, 0, 0, 0, 0, 0, 0, 0, 0], [9, 1, 1, 1, 1, 1, 1, 1, 1, 1, 1, 1, 1, 1, 1, 1, 1, 1, 1, 1, 1, 1, 1, 1, 1, 1, 1, 1, 1, 1, 1, 1, 1, 1, 1, 1, 1, 1, 1, 1, 1, 1, 1, 1, 1, 1, 1, 1, 1, 1, 1, 1, 1, 1, 1, 1, 1, 1, 1, 1, 1, 1, 1, 1, 1], [3, 2, 2, 2, 2, 2, 2, 2, 2, 2, 2, 2, 2, 2, 2, 2, 2, 2, 2, 2, 2, 2, 2, 2, 2, 2, 2, 2, 2, 2, 2, 2, 2, 2, 2, 2, 2, 2, 2, 2, 2, 2, 2, 2, 2, 2, 2, 2, 2, 2, 2, 2, 2, 2, 2, 2, 2, 2, 2, 2, 2, 2, 2, 2, 2]]
2024-11-01 16:38:44,991 - INFO - The UAVs have expended 264437.44 energy in episode 34
2024-11-01 16:38:44,991 - INFO - EPISODE FINISHED
2024-11-01 16:38:44,991 - INFO - EPISODE START
2024-11-01 16:38:45,596 - INFO - The episode has finished
2024-11-01 16:38:45,596 - INFO - The total reward for episode 35 is: 2151.6936
2024-11-01 16:38:45,596 - INFO - The UAVs have visited 198 nodes in episode 35
2024-11-01 16:38:45,596 - INFO - The UAVs have visited the nodes: [[7, 0, 0, 0, 0, 0, 0, 0, 0, 0, 0, 0, 0, 0, 0, 0, 0, 0, 0, 0, 0, 0, 0, 0, 0, 0, 0, 0, 0, 0, 0, 0, 0, 0, 0, 0, 0, 0, 0, 0, 0, 0, 0, 0, 0, 0, 0, 0, 0, 0, 0, 0, 0, 0, 0, 0, 0, 0, 0, 0, 0, 0, 0, 0, 0, 0], [9, 1, 1, 1, 1, 1, 1, 1, 1, 1, 1, 1, 1, 1, 1, 1, 1, 1, 1, 1, 1, 1, 1, 1, 1, 1, 1, 1, 1, 1, 1, 1, 1, 1, 1, 1, 1, 1, 1, 1, 1, 1, 1, 1, 1, 1, 1, 1, 1, 1, 1, 1, 1, 1, 1, 1, 1, 1, 1, 1, 1, 1, 1, 1, 1, 1], [3, 2, 2, 2, 2, 2, 2, 2, 2, 2, 2, 2, 2, 2, 2, 2, 2, 2, 2, 2, 2, 2, 2, 2, 2, 2, 2, 2, 2, 2, 2, 2, 2, 2, 2, 2, 2, 2, 2, 2, 2, 2, 2, 2, 2, 2, 2, 2, 2, 2, 2, 2, 2, 2, 2, 2, 2, 2, 2, 2, 2, 2, 2, 2, 2, 2]]
2024-11-01 16:38:45,596 - INFO - The UAVs have expended 263671.3 energy in episode 35
2024-11-01 16:38:45,596 - INFO - EPISODE FINISHED
2024-11-01 16:38:45,596 - INFO - EPISODE START
2024-11-01 16:38:46,214 - INFO - The episode has finished
2024-11-01 16:38:46,214 - INFO - The total reward for episode 36 is: 1813.7417
2024-11-01 16:38:46,214 - INFO - The UAVs have visited 201 nodes in episode 36
2024-11-01 16:38:46,214 - INFO - The UAVs have visited the nodes: [[7, 0, 0, 0, 0, 0, 0, 0, 0, 0, 0, 0, 0, 0, 0, 0, 0, 0, 0, 0, 0, 0, 0, 0, 0, 0, 0, 0, 0, 0, 0, 0, 0, 0, 0, 0, 0, 0, 0, 0, 0, 0, 0, 0, 0, 0, 0, 0, 0, 0, 0, 0, 0, 0, 0, 0, 0, 0, 0, 0, 0, 0, 0, 0, 0, 0, 0], [9, 1, 1, 1, 1, 1, 1, 1, 1, 1, 1, 1, 1, 1, 1, 1, 1, 1, 1, 1, 1, 1, 1, 1, 1, 1, 1, 1, 1, 1, 1, 1, 1, 1, 1, 1, 1, 1, 1, 1, 1, 1, 1, 1, 1, 1, 1, 1, 1, 1, 1, 1, 1, 1, 1, 1, 1, 1, 1, 1, 1, 1, 1, 1, 1, 1, 1], [3, 2, 2, 2, 2, 2, 2, 2, 2, 2, 2, 2, 2, 2, 2, 2, 2, 2, 2, 2, 2, 2, 2, 2, 2, 2, 2, 2, 2, 2, 2, 2, 2, 2, 2, 2, 2, 2, 2, 2, 2, 2, 2, 2, 2, 2, 2, 2, 2, 2, 2, 2, 2, 2, 2, 2, 2, 2, 2, 2, 2, 2, 2, 2, 2, 2, 2]]
2024-11-01 16:38:46,214 - INFO - The UAVs have expended 262905.2 energy in episode 36
2024-11-01 16:38:46,214 - INFO - EPISODE FINISHED
2024-11-01 16:38:46,214 - INFO - EPISODE START
2024-11-01 16:38:46,948 - INFO - The episode has finished
2024-11-01 16:38:46,948 - INFO - The total reward for episode 37 is: 1540.7932
2024-11-01 16:38:46,948 - INFO - The UAVs have visited 204 nodes in episode 37
2024-11-01 16:38:46,948 - INFO - The UAVs have visited the nodes: [[7, 0, 0, 0, 0, 0, 0, 0, 0, 0, 0, 0, 0, 0, 0, 0, 0, 0, 0, 0, 0, 0, 0, 0, 0, 0, 0, 0, 0, 0, 0, 0, 0, 0, 0, 0, 0, 0, 0, 0, 0, 0, 0, 0, 0, 0, 0, 0, 0, 0, 0, 0, 0, 0, 0, 0, 0, 0, 0, 0, 0, 0, 0, 0, 0, 0, 0, 0], [9, 1, 1, 1, 1, 1, 1, 1, 1, 1, 1, 1, 1, 1, 1, 1, 1, 1, 1, 1, 1, 1, 1, 1, 1, 1, 1, 1, 1, 1, 1, 1, 1, 1, 1, 1, 1, 1, 1, 1, 1, 1, 1, 1, 1, 1, 1, 1, 1, 1, 1, 1, 1, 1, 1, 1, 1, 1, 1, 1, 1, 1, 1, 1, 1, 1, 1, 1], [3, 2, 2, 2, 2, 2, 2, 2, 2, 2, 2, 2, 2, 2, 2, 2, 2, 2, 2, 2, 2, 2, 2, 2, 2, 2, 2, 2, 2, 2, 2, 2, 2, 2, 2, 2, 2, 2, 2, 2, 2, 2, 2, 2, 2, 2, 2, 2, 2, 2, 2, 2, 2, 2, 2, 2, 2, 2, 2, 2, 2, 2, 2, 2, 2, 2, 2, 2]]
2024-11-01 16:38:46,948 - INFO - The UAVs have expended 262139.06 energy in episode 37
2024-11-01 16:38:46,949 - INFO - EPISODE FINISHED
2024-11-01 16:38:46,949 - INFO - EPISODE START
2024-11-01 16:38:47,542 - INFO - The episode has finished
2024-11-01 16:38:47,543 - INFO - The total reward for episode 38 is: 1319.7747
2024-11-01 16:38:47,543 - INFO - The UAVs have visited 207 nodes in episode 38
2024-11-01 16:38:47,543 - INFO - The UAVs have visited the nodes: [[7, 0, 0, 0, 0, 0, 0, 0, 0, 0, 0, 0, 0, 0, 0, 0, 0, 0, 0, 0, 0, 0, 0, 0, 0, 0, 0, 0, 0, 0, 0, 0, 0, 0, 0, 0, 0, 0, 0, 0, 0, 0, 0, 0, 0, 0, 0, 0, 0, 0, 0, 0, 0, 0, 0, 0, 0, 0, 0, 0, 0, 0, 0, 0, 0, 0, 0, 0, 0], [9, 1, 1, 1, 1, 1, 1, 1, 1, 1, 1, 1, 1, 1, 1, 1, 1, 1, 1, 1, 1, 1, 1, 1, 1, 1, 1, 1, 1, 1, 1, 1, 1, 1, 1, 1, 1, 1, 1, 1, 1, 1, 1, 1, 1, 1, 1, 1, 1, 1, 1, 1, 1, 1, 1, 1, 1, 1, 1, 1, 1, 1, 1, 1, 1, 1, 1, 1, 1], [3, 2, 2, 2, 2, 2, 2, 2, 2, 2, 2, 2, 2, 2, 2, 2, 2, 2, 2, 2, 2, 2, 2, 2, 2, 2, 2, 2, 2, 2, 2, 2, 2, 2, 2, 2, 2, 2, 2, 2, 2, 2, 2, 2, 2, 2, 2, 2, 2, 2, 2, 2, 2, 2, 2, 2, 2, 2, 2, 2, 2, 2, 2, 2, 2, 2, 2, 2, 2]]
2024-11-01 16:38:47,543 - INFO - The UAVs have expended 261372.94 energy in episode 38
2024-11-01 16:38:47,543 - INFO - EPISODE FINISHED
2024-11-01 16:38:47,543 - INFO - EPISODE START
2024-11-01 16:38:48,307 - INFO - The episode has finished
2024-11-01 16:38:48,307 - INFO - The total reward for episode 39 is: 1202.7354
2024-11-01 16:38:48,307 - INFO - The UAVs have visited 210 nodes in episode 39
2024-11-01 16:38:48,307 - INFO - The UAVs have visited the nodes: [[7, 0, 0, 0, 0, 0, 0, 0, 0, 0, 0, 0, 0, 0, 0, 0, 0, 0, 0, 0, 0, 0, 0, 0, 0, 0, 0, 0, 0, 0, 0, 0, 0, 0, 0, 0, 0, 0, 0, 0, 0, 0, 0, 0, 0, 0, 0, 0, 0, 0, 0, 0, 0, 0, 0, 0, 0, 0, 0, 0, 0, 0, 0, 0, 0, 0, 0, 0, 0, 0], [9, 1, 1, 1, 1, 1, 1, 1, 1, 1, 1, 1, 1, 1, 1, 1, 1, 1, 1, 1, 1, 1, 1, 1, 1, 1, 1, 1, 1, 1, 1, 1, 1, 1, 1, 1, 1, 1, 1, 1, 1, 1, 1, 1, 1, 1, 1, 1, 1, 1, 1, 1, 1, 1, 1, 1, 1, 1, 1, 1, 1, 1, 1, 1, 1, 1, 1, 1, 1, 1], [3, 2, 2, 2, 2, 2, 2, 2, 2, 2, 2, 2, 2, 2, 2, 2, 2, 2, 2, 2, 2, 2, 2, 2, 2, 2, 2, 2, 2, 2, 2, 2, 2, 2, 2, 2, 2, 2, 2, 2, 2, 2, 2, 2, 2, 2, 2, 2, 2, 2, 2, 2, 2, 2, 2, 2, 2, 2, 2, 2, 2, 2, 2, 2, 2, 2, 2, 2, 2, 2]]
2024-11-01 16:38:48,308 - INFO - The UAVs have expended 260606.81 energy in episode 39
2024-11-01 16:38:48,308 - INFO - EPISODE FINISHED
2024-11-01 16:38:48,308 - INFO - The rewards per episode are: [Array(1.34834e+09, dtype=float32), Array(422767.25, dtype=float32), Array(112715.625, dtype=float32), Array(99026.49, dtype=float32), Array(87190.055, dtype=float32), Array(76924.22, dtype=float32), Array(67994.51, dtype=float32), Array(60205.363, dtype=float32), Array(53393.17, dtype=float32), Array(47420.625, dtype=float32), Array(42172.043, dtype=float32), Array(37549.676, dtype=float32), Array(33470.62, dtype=float32), Array(30477.918, dtype=float32), Array(27703.676, dtype=float32), Array(25364.422, dtype=float32), Array(23137.605, dtype=float32), Array(21005.016, dtype=float32), Array(18455.742, dtype=float32), Array(16347.176, dtype=float32), Array(14528.74, dtype=float32), Array(12993.256, dtype=float32), Array(11599.582, dtype=float32), Array(10082.623, dtype=float32), Array(8650.201, dtype=float32), Array(7445.8555, dtype=float32), Array(6520.3237, dtype=float32), Array(5804.804, dtype=float32), Array(5174.576, dtype=float32), Array(4651.304, dtype=float32), Array(4227.5566, dtype=float32), Array(3646.294, dtype=float32), Array(3154.0103, dtype=float32), Array(2763.907, dtype=float32), Array(2411.4224, dtype=float32), Array(2151.6936, dtype=float32), Array(1813.7417, dtype=float32), Array(1540.7932, dtype=float32), Array(1319.7747, dtype=float32), Array(1202.7354, dtype=float32)]
2024-11-01 16:38:48,310 - INFO - Q Tables are: [Array([[4002194.  , 8200276.  , 3092113.5 , 7139473.5 , 9048239.  ,
        4532632.5 , 6018083.5 , 8335732.  , 6226224.5 , 6022014.  ],
       [      0.  ,       0.  ,       0.  ,       0.  ,       0.  ,
              0.  ,       0.  ,       0.  ,       0.  ,       0.  ],
       [      0.  ,       0.  ,       0.  ,       0.  ,       0.  ,
              0.  ,       0.  ,       0.  ,       0.  ,       0.  ],
       [      0.  ,       0.  ,       0.  ,       0.  ,       0.  ,
              0.  ,       0.  ,       0.  ,       0.  ,       0.  ],
       [      0.  ,       0.  ,       0.  ,       0.  ,       0.  ,
              0.  ,       0.  ,       0.  ,       0.  ,       0.  ],
       [      0.  ,       0.  ,       0.  ,       0.  ,       0.  ,
              0.  ,       0.  ,       0.  ,       0.  ,       0.  ],
       [      0.  ,       0.  ,       0.  ,       0.  ,       0.  ,
              0.  ,       0.  ,       0.  ,       0.  ,       0.  ],
       [      0.  ,       0.  ,  454142.9 ,       0.  ,       0.  ,
         227071.48,       0.  ,       0.  ,       0.  ,       0.  ],
       [      0.  ,       0.  ,       0.  ,       0.  ,       0.  ,
              0.  ,       0.  ,       0.  ,       0.  ,       0.  ],
       [      0.  ,       0.  ,       0.  ,       0.  ,       0.  ,
              0.  ,       0.  ,       0.  ,       0.  ,       0.  ]],      dtype=float32), Array([[      0.  ,       0.  ,       0.  ,       0.  ,       0.  ,
              0.  ,       0.  ,       0.  ,       0.  ,       0.  ],
       [5913521.5 , 4220555.5 , 9091368.  , 6809763.5 , 3510350.  ,
        8014236.  , 8487104.  , 4222817.  , 8603830.  , 6815357.  ],
       [      0.  ,       0.  ,       0.  ,       0.  ,       0.  ,
              0.  ,       0.  ,       0.  ,       0.  ,       0.  ],
       [      0.  ,       0.  ,       0.  ,       0.  ,       0.  ,
              0.  ,       0.  ,       0.  ,       0.  ,       0.  ],
       [      0.  ,       0.  ,       0.  ,       0.  ,       0.  ,
              0.  ,       0.  ,       0.  ,       0.  ,       0.  ],
       [      0.  ,       0.  ,       0.  ,       0.  ,       0.  ,
              0.  ,       0.  ,       0.  ,       0.  ,       0.  ],
       [      0.  ,       0.  ,       0.  ,       0.  ,       0.  ,
              0.  ,       0.  ,       0.  ,       0.  ,       0.  ],
       [      0.  ,       0.  ,       0.  ,       0.  ,       0.  ,
              0.  ,       0.  ,       0.  ,       0.  ,       0.  ],
       [      0.  ,       0.  ,       0.  ,       0.  ,       0.  ,
              0.  ,       0.  ,       0.  ,       0.  ,       0.  ],
       [      0.  ,       0.  ,       0.  ,       0.  ,       0.  ,
              0.  ,       0.  ,       0.  ,  454142.6 ,  227071.25]],      dtype=float32), Array([[      0.  ,       0.  ,       0.  ,       0.  ,       0.  ,
              0.  ,       0.  ,       0.  ,       0.  ,       0.  ],
       [      0.  ,       0.  ,       0.  ,       0.  ,       0.  ,
              0.  ,       0.  ,       0.  ,       0.  ,       0.  ],
       [1885364.6 , 7469899.5 , 5101880.5 , 8888222.  , 5472574.  ,
        6965796.5 , 6491103.5 , 9965594.  , 6609355.  , 7875041.5 ],
       [      0.  ,  454142.4 ,       0.  ,       0.  ,  227071.25,
              0.  ,       0.  ,       0.  ,       0.  ,       0.  ],
       [      0.  ,       0.  ,       0.  ,       0.  ,       0.  ,
              0.  ,       0.  ,       0.  ,       0.  ,       0.  ],
       [      0.  ,       0.  ,       0.  ,       0.  ,       0.  ,
              0.  ,       0.  ,       0.  ,       0.  ,       0.  ],
       [      0.  ,       0.  ,       0.  ,       0.  ,       0.  ,
              0.  ,       0.  ,       0.  ,       0.  ,       0.  ],
       [      0.  ,       0.  ,       0.  ,       0.  ,       0.  ,
              0.  ,       0.  ,       0.  ,       0.  ,       0.  ],
       [      0.  ,       0.  ,       0.  ,       0.  ,       0.  ,
              0.  ,       0.  ,       0.  ,       0.  ,       0.  ],
       [      0.  ,       0.  ,       0.  ,       0.  ,       0.  ,
              0.  ,       0.  ,       0.  ,       0.  ,       0.  ]],      dtype=float32)]
2024-11-01 16:38:48,314 - INFO - Mean reward per episode: 33743880.0
2024-11-01 16:38:48,317 - INFO - Max reward: 1348340000.0
2024-11-01 16:38:48,323 - INFO - Q-Brave Algorithm took: 43.65412139892578 seconds
2024-11-01 16:38:48,323 - INFO - Q-Brave Algorithm has successfully reached the final node!
