2024-10-22 12:58:35,534 - INFO - Running the Random Walk Algorithm
2024-10-22 12:58:36,287 - INFO - The UAV has finished its business in the current node
2024-10-22 12:58:36,287 - INFO - The strategies at node 0 have converged to: [0.2        0.2        0.20119031 0.2        0.2        0.17612715
 0.1        0.1        0.1        0.1        0.1        0.1
 0.1        0.1        0.1       ]
2024-10-22 12:58:36,287 - INFO - The task intensities of the users at node 0 are: [1, 1, 1, 1, 1, 1, 1, 1, 1, 1, 1, 1, 1, 1, 1]
2024-10-22 12:58:36,287 - INFO - Converged with strategy difference: 0.0 in 2 iterations
2024-10-22 12:58:36,470 - INFO - The UAV has reached the next node
2024-10-22 12:58:36,470 - INFO - The UAV energy level is: 19675646.0 after going to the next node
2024-10-22 12:58:36,610 - INFO - The UAV has finished its business in the current node
2024-10-22 12:58:36,610 - INFO - The strategies at node 3 have converged to: [0.2        0.2        0.20119031 0.2        0.2        0.17603378
 0.1        0.1        0.1        0.1        0.1        0.1
 0.1        0.1        0.1       ]
2024-10-22 12:58:36,610 - INFO - The task intensities of the users at node 3 are: [1, 1, 1, 1, 1, 1, 1, 1, 1, 1, 1, 1, 1, 1, 1]
2024-10-22 12:58:36,610 - INFO - Converged with strategy difference: 0.0 in 2 iterations
2024-10-22 12:58:36,619 - INFO - The UAV has reached the next node
2024-10-22 12:58:36,619 - INFO - The UAV energy level is: 19419216.0 after going to the next node
2024-10-22 12:58:36,735 - INFO - The UAV has finished its business in the current node
2024-10-22 12:58:36,735 - INFO - The strategies at node 8 have converged to: [0.2        0.2        0.20119031 0.2        0.2        0.17606132
 0.1        0.1        0.1        0.1        0.1        0.1
 0.1        0.1        0.1       ]
2024-10-22 12:58:36,735 - INFO - The task intensities of the users at node 8 are: [1, 1, 1, 1, 1, 1, 1, 1, 1, 1, 1, 1, 1, 1, 1]
2024-10-22 12:58:36,735 - INFO - Converged with strategy difference: 0.0 in 2 iterations
2024-10-22 12:58:36,755 - INFO - The UAV has reached the next node
2024-10-22 12:58:36,755 - INFO - The UAV energy level is: 19266756.0 after going to the next node
2024-10-22 12:58:37,117 - INFO - The UAV has finished its business in the current node
2024-10-22 12:58:37,117 - INFO - The strategies at node 0 have converged to: [0.20104273 0.2        0.20119031 0.2        0.2        0.2
 0.1        0.1        0.1        0.1        0.1        0.1
 0.1        0.1        0.1       ]
2024-10-22 12:58:37,117 - INFO - The task intensities of the users at node 0 are: [1, 1, 1, 1, 1, 1, 1, 1, 1, 1, 1, 1, 1, 1, 1]
2024-10-22 12:58:37,117 - INFO - Converged with strategy difference: 0.0 in 3 iterations
2024-10-22 12:58:37,125 - INFO - The UAV has reached the next node
2024-10-22 12:58:37,125 - INFO - The UAV energy level is: 19258566.0 after going to the next node
2024-10-22 12:58:37,253 - INFO - The UAV has finished its business in the current node
2024-10-22 12:58:37,253 - INFO - The strategies at node 7 have converged to: [0.2        0.2        0.20119031 0.2        0.2        0.17613022
 0.1        0.1        0.1        0.1        0.1        0.1
 0.1        0.1        0.1       ]
2024-10-22 12:58:37,253 - INFO - The task intensities of the users at node 7 are: [1, 1, 1, 1, 1, 1, 1, 1, 1, 1, 1, 1, 1, 1, 1]
2024-10-22 12:58:37,253 - INFO - Converged with strategy difference: 0.0 in 2 iterations
2024-10-22 12:58:37,262 - INFO - The UAV has reached the next node
2024-10-22 12:58:37,262 - INFO - The UAV energy level is: 19250376.0 after going to the next node
2024-10-22 12:58:37,397 - INFO - The UAV has finished its business in the current node
2024-10-22 12:58:37,397 - INFO - The strategies at node 0 have converged to: [0.2        0.2        0.20119031 0.2        0.2        0.20000595
 0.1        0.1        0.1        0.1        0.1        0.1
 0.1        0.1        0.1       ]
2024-10-22 12:58:37,397 - INFO - The task intensities of the users at node 0 are: [1, 1, 1, 1, 1, 1, 1, 1, 1, 1, 1, 1, 1, 1, 1]
2024-10-22 12:58:37,397 - INFO - Converged with strategy difference: 0.0 in 2 iterations
2024-10-22 12:58:37,406 - INFO - The UAV has reached the next node
2024-10-22 12:58:37,406 - INFO - The UAV energy level is: 19053846.0 after going to the next node
2024-10-22 12:58:37,550 - INFO - The UAV has finished its business in the current node
2024-10-22 12:58:37,550 - INFO - The strategies at node 4 have converged to: [0.2        0.2        0.20119031 0.2        0.2        0.17604755
 0.10000001 0.1        0.1        0.1        0.1        0.1
 0.1        0.1        0.1       ]
2024-10-22 12:58:37,550 - INFO - The task intensities of the users at node 4 are: [1, 1, 1, 1, 1, 1, 1, 1, 1, 1, 1, 1, 1, 1, 1]
2024-10-22 12:58:37,550 - INFO - Converged with strategy difference: 0.0 in 2 iterations
2024-10-22 12:58:37,558 - INFO - The UAV has reached the next node
2024-10-22 12:58:37,558 - INFO - The UAV energy level is: 18904314.0 after going to the next node
2024-10-22 12:58:37,683 - INFO - The UAV has finished its business in the current node
2024-10-22 12:58:37,683 - INFO - The strategies at node 2 have converged to: [0.2        0.2        0.20119031 0.2        0.2        0.17601536
 0.1        0.1        0.1        0.1        0.1        0.1
 0.1        0.1        0.1       ]
2024-10-22 12:58:37,683 - INFO - The task intensities of the users at node 2 are: [1, 1, 1, 1, 1, 1, 1, 1, 1, 1, 1, 1, 1, 1, 1]
2024-10-22 12:58:37,683 - INFO - Converged with strategy difference: 0.0 in 2 iterations
2024-10-22 12:58:37,692 - INFO - The UAV has reached the next node
2024-10-22 12:58:37,692 - INFO - The UAV energy level is: 18704858.0 after going to the next node
2024-10-22 12:58:37,822 - INFO - The UAV has finished its business in the current node
2024-10-22 12:58:37,822 - INFO - The strategies at node 1 have converged to: [0.2        0.2        0.20119031 0.2        0.2        0.1760353
 0.1        0.1        0.1        0.1        0.1        0.1
 0.1        0.1        0.1       ]
2024-10-22 12:58:37,822 - INFO - The task intensities of the users at node 1 are: [1, 1, 1, 1, 1, 1, 1, 1, 1, 1, 1, 1, 1, 1, 1]
2024-10-22 12:58:37,823 - INFO - Converged with strategy difference: 0.0 in 2 iterations
2024-10-22 12:58:37,831 - INFO - The UAV has reached the next node
2024-10-22 12:58:37,831 - INFO - The UAV energy level is: 18597420.0 after going to the next node
2024-10-22 12:58:38,002 - INFO - The UAV has finished its business in the current node
2024-10-22 12:58:38,002 - INFO - The strategies at node 0 have converged to: [0.2        0.2        0.20119031 0.2        0.2        0.20011047
 0.1        0.1        0.1        0.1        0.1        0.1
 0.1        0.1        0.1       ]
2024-10-22 12:58:38,002 - INFO - The task intensities of the users at node 0 are: [1, 1, 1, 1, 1, 1, 1, 1, 1, 1, 1, 1, 1, 1, 1]
2024-10-22 12:58:38,002 - INFO - Converged with strategy difference: 0.0 in 2 iterations
2024-10-22 12:58:38,018 - INFO - The UAV has reached the next node
2024-10-22 12:58:38,018 - INFO - The UAV energy level is: 18444960.0 after going to the next node
2024-10-22 12:58:38,224 - INFO - The UAV has finished its business in the current node
2024-10-22 12:58:38,224 - INFO - The strategies at node 8 have converged to: [0.20104273 0.2        0.20119031 0.20039074 0.2        0.19999999
 0.1        1.         0.1        0.1        0.1        0.1
 0.1        0.1        0.1       ]
2024-10-22 12:58:38,225 - INFO - The task intensities of the users at node 8 are: [1, 1, 1, 1, 1, 1, 1, 1, 1, 1, 1, 1, 1, 1, 1]
2024-10-22 12:58:38,225 - INFO - Converged with strategy difference: 0.0 in 4 iterations
2024-10-22 12:58:38,233 - INFO - The UAV has reached the next node
2024-10-22 12:58:38,233 - INFO - The UAV energy level is: 18374644.0 after going to the next node
2024-10-22 12:58:38,358 - INFO - The UAV has finished its business in the current node
2024-10-22 12:58:38,358 - INFO - The strategies at node 5 have converged to: [0.2        0.2        0.20119031 0.2        0.2        0.17606132
 0.1        0.1        0.1        0.1        0.1        0.1
 0.1        0.1        0.1       ]
2024-10-22 12:58:38,358 - INFO - The task intensities of the users at node 5 are: [1, 1, 1, 1, 1, 1, 1, 1, 1, 1, 1, 1, 1, 1, 1]
2024-10-22 12:58:38,358 - INFO - Converged with strategy difference: 0.0 in 2 iterations
2024-10-22 12:58:38,366 - INFO - The UAV has reached the next node
2024-10-22 12:58:38,366 - INFO - The UAV energy level is: 18072342.0 after going to the next node
2024-10-22 12:58:38,587 - INFO - The UAV has finished its business in the current node
2024-10-22 12:58:38,587 - INFO - The strategies at node 3 have converged to: [0.8        0.2        0.20119031 0.2        0.2        0.19999999
 0.10000037 0.1        0.1        0.1        0.1        0.1
 0.1        0.1        0.1       ]
2024-10-22 12:58:38,587 - INFO - The task intensities of the users at node 3 are: [1, 1, 1, 1, 1, 1, 1, 1, 1, 1, 1, 1, 1, 1, 1]
2024-10-22 12:58:38,587 - INFO - Converged with strategy difference: 0.0 in 4 iterations
2024-10-22 12:58:38,596 - INFO - The UAV has reached the next node
2024-10-22 12:58:38,596 - INFO - The UAV energy level is: 18071910.0 after going to the next node
2024-10-22 12:58:38,604 - INFO - The UAV has reached the next node
2024-10-22 12:58:38,604 - INFO - The UAV energy level is: 17865304.0 after going to the next node
2024-10-22 12:58:38,721 - INFO - The UAV has finished its business in the current node
2024-10-22 12:58:38,721 - INFO - The strategies at node 2 have converged to: [0.2        0.2        0.20119031 0.2        0.2        0.18159097
 0.10000285 0.1        0.1        0.1        0.1        0.1
 0.1        0.1        0.1       ]
2024-10-22 12:58:38,721 - INFO - The task intensities of the users at node 2 are: [1, 1, 1, 1, 1, 1, 1, 1, 1, 1, 1, 1, 1, 1, 1]
2024-10-22 12:58:38,721 - INFO - Converged with strategy difference: 0.0 in 2 iterations
2024-10-22 12:58:38,729 - INFO - The UAV has reached the next node
2024-10-22 12:58:38,729 - INFO - The UAV energy level is: 17658266.0 after going to the next node
2024-10-22 12:58:38,841 - INFO - The UAV has finished its business in the current node
2024-10-22 12:58:38,841 - INFO - The strategies at node 3 have converged to: [0.2        0.2        0.20119031 0.2        0.2        0.20000589
 0.1        0.1        0.1        0.1        0.1        0.1
 0.1        0.1        0.1       ]
2024-10-22 12:58:38,841 - INFO - The task intensities of the users at node 3 are: [1, 1, 1, 1, 1, 1, 1, 1, 1, 1, 1, 1, 1, 1, 1]
2024-10-22 12:58:38,841 - INFO - Converged with strategy difference: 0.0 in 2 iterations
2024-10-22 12:58:38,841 - INFO - The UAV has reached the next node
2024-10-22 12:58:38,841 - INFO - The UAV energy level is: 17541656.0 after going to the next node
2024-10-22 12:58:38,841 - INFO - The UAV has reached the final node
2024-10-22 12:58:38,966 - INFO - The UAV has finished its business in the current node
2024-10-22 12:58:38,966 - INFO - The strategies at node 9 have converged to: [0.2        0.2        0.20119031 0.2        0.2        0.1760904
 0.1        0.1        0.1        0.1        0.1        0.1
 0.1        0.1        0.1       ]
2024-10-22 12:58:38,966 - INFO - The task intensities of the users at node 9 are: [1, 1, 1, 1, 1, 1, 1, 1, 1, 1, 1, 1, 1, 1, 1]
2024-10-22 12:58:38,966 - INFO - Converged with strategy difference: 0.0 in 2 iterations
2024-10-22 12:58:38,966 - INFO - The UAV has reached the final node and has finished its business
2024-10-22 12:58:38,966 - INFO - The UAV trajectory is: [0, 3, 8, 0, 7, 0, 4, 2, 1, 0, 8, 5, 3, 3, 2, 3, 9]
2024-10-22 12:58:38,966 - INFO - The UAV has visited 17 nodes
2024-10-22 12:58:38,966 - INFO - The UAV energy level is: 17541224.0 at the end of the algorithm
2024-10-22 12:58:38,966 - INFO - Random Walk Algorithm has successfully reached the final node!
2024-10-22 12:58:38,966 - INFO - The UAV processed in total: 25766300.0 bits
2024-10-22 12:58:38,966 - INFO - Random Walk Algorithm took: 3.431248426437378 seconds
2024-10-22 12:58:52,790 - INFO - Running the Random Walk Algorithm
2024-10-22 12:58:52,904 - INFO - The UAV has finished its business in the current node
2024-10-22 12:58:52,905 - INFO - The strategies at node 0 have converged to: [0.2        0.2        0.20119031 0.2        0.2        0.17612715
 0.1        0.1        0.1        0.1        0.1        0.1
 0.1        0.1        0.1       ]
2024-10-22 12:58:52,905 - INFO - The task intensities of the users at node 0 are: [1, 1, 1, 1, 1, 1, 1, 1, 1, 1, 1, 1, 1, 1, 1]
2024-10-22 12:58:52,905 - INFO - Converged with strategy difference: 0.0 in 2 iterations
2024-10-22 12:58:52,913 - INFO - The UAV has reached the next node
2024-10-22 12:58:52,913 - INFO - The UAV energy level is: 19675646.0 after going to the next node
2024-10-22 12:58:53,041 - INFO - The UAV has finished its business in the current node
2024-10-22 12:58:53,041 - INFO - The strategies at node 3 have converged to: [0.2        0.2        0.20119031 0.2        0.2        0.17603378
 0.1        0.1        0.1        0.1        0.1        0.1
 0.1        0.1        0.1       ]
2024-10-22 12:58:53,041 - INFO - The task intensities of the users at node 3 are: [1, 1, 1, 1, 1, 1, 1, 1, 1, 1, 1, 1, 1, 1, 1]
2024-10-22 12:58:53,041 - INFO - Converged with strategy difference: 0.0 in 2 iterations
2024-10-22 12:58:53,049 - INFO - The UAV has reached the next node
2024-10-22 12:58:53,049 - INFO - The UAV energy level is: 19419216.0 after going to the next node
2024-10-22 12:58:53,169 - INFO - The UAV has finished its business in the current node
2024-10-22 12:58:53,169 - INFO - The strategies at node 8 have converged to: [0.2        0.2        0.20119031 0.2        0.2        0.17606132
 0.1        0.1        0.1        0.1        0.1        0.1
 0.1        0.1        0.1       ]
2024-10-22 12:58:53,169 - INFO - The task intensities of the users at node 8 are: [1, 1, 1, 1, 1, 1, 1, 1, 1, 1, 1, 1, 1, 1, 1]
2024-10-22 12:58:53,169 - INFO - Converged with strategy difference: 0.0 in 2 iterations
2024-10-22 12:58:53,177 - INFO - The UAV has reached the next node
2024-10-22 12:58:53,177 - INFO - The UAV energy level is: 19266756.0 after going to the next node
2024-10-22 12:58:53,525 - INFO - The UAV has finished its business in the current node
2024-10-22 12:58:53,525 - INFO - The strategies at node 0 have converged to: [0.20104273 0.2        0.20119031 0.2        0.2        0.2
 0.1        0.1        0.1        0.1        0.1        0.1
 0.1        0.1        0.1       ]
2024-10-22 12:58:53,525 - INFO - The task intensities of the users at node 0 are: [1, 1, 1, 1, 1, 1, 1, 1, 1, 1, 1, 1, 1, 1, 1]
2024-10-22 12:58:53,525 - INFO - Converged with strategy difference: 0.0 in 3 iterations
2024-10-22 12:58:53,525 - INFO - The UAV has reached the next node
2024-10-22 12:58:53,525 - INFO - The UAV energy level is: 19258566.0 after going to the next node
2024-10-22 12:58:53,646 - INFO - The UAV has finished its business in the current node
2024-10-22 12:58:53,646 - INFO - The strategies at node 7 have converged to: [0.2        0.2        0.20119031 0.2        0.2        0.17613022
 0.1        0.1        0.1        0.1        0.1        0.1
 0.1        0.1        0.1       ]
2024-10-22 12:58:53,646 - INFO - The task intensities of the users at node 7 are: [1, 1, 1, 1, 1, 1, 1, 1, 1, 1, 1, 1, 1, 1, 1]
2024-10-22 12:58:53,646 - INFO - Converged with strategy difference: 0.0 in 2 iterations
2024-10-22 12:58:53,667 - INFO - The UAV has reached the next node
2024-10-22 12:58:53,667 - INFO - The UAV energy level is: 19250376.0 after going to the next node
2024-10-22 12:58:53,792 - INFO - The UAV has finished its business in the current node
2024-10-22 12:58:53,792 - INFO - The strategies at node 0 have converged to: [0.2        0.2        0.20119031 0.2        0.2        0.20000595
 0.1        0.1        0.1        0.1        0.1        0.1
 0.1        0.1        0.1       ]
2024-10-22 12:58:53,794 - INFO - The task intensities of the users at node 0 are: [1, 1, 1, 1, 1, 1, 1, 1, 1, 1, 1, 1, 1, 1, 1]
2024-10-22 12:58:53,794 - INFO - Converged with strategy difference: 0.0 in 2 iterations
2024-10-22 12:58:53,802 - INFO - The UAV has reached the next node
2024-10-22 12:58:53,802 - INFO - The UAV energy level is: 19053846.0 after going to the next node
2024-10-22 12:58:53,961 - INFO - The UAV has finished its business in the current node
2024-10-22 12:58:53,961 - INFO - The strategies at node 4 have converged to: [0.2        0.2        0.20119031 0.2        0.2        0.17604755
 0.10000001 0.1        0.1        0.1        0.1        0.1
 0.1        0.1        0.1       ]
2024-10-22 12:58:53,961 - INFO - The task intensities of the users at node 4 are: [1, 1, 1, 1, 1, 1, 1, 1, 1, 1, 1, 1, 1, 1, 1]
2024-10-22 12:58:53,961 - INFO - Converged with strategy difference: 0.0 in 2 iterations
2024-10-22 12:58:53,971 - INFO - The UAV has reached the next node
2024-10-22 12:58:53,971 - INFO - The UAV energy level is: 18904314.0 after going to the next node
2024-10-22 12:58:54,087 - INFO - The UAV has finished its business in the current node
2024-10-22 12:58:54,087 - INFO - The strategies at node 2 have converged to: [0.2        0.2        0.20119031 0.2        0.2        0.17601536
 0.1        0.1        0.1        0.1        0.1        0.1
 0.1        0.1        0.1       ]
2024-10-22 12:58:54,087 - INFO - The task intensities of the users at node 2 are: [1, 1, 1, 1, 1, 1, 1, 1, 1, 1, 1, 1, 1, 1, 1]
2024-10-22 12:58:54,087 - INFO - Converged with strategy difference: 0.0 in 2 iterations
2024-10-22 12:58:54,095 - INFO - The UAV has reached the next node
2024-10-22 12:58:54,095 - INFO - The UAV energy level is: 18704858.0 after going to the next node
2024-10-22 12:58:54,215 - INFO - The UAV has finished its business in the current node
2024-10-22 12:58:54,215 - INFO - The strategies at node 1 have converged to: [0.2        0.2        0.20119031 0.2        0.2        0.1760353
 0.1        0.1        0.1        0.1        0.1        0.1
 0.1        0.1        0.1       ]
2024-10-22 12:58:54,215 - INFO - The task intensities of the users at node 1 are: [1, 1, 1, 1, 1, 1, 1, 1, 1, 1, 1, 1, 1, 1, 1]
2024-10-22 12:58:54,215 - INFO - Converged with strategy difference: 0.0 in 2 iterations
2024-10-22 12:58:54,215 - INFO - The UAV has reached the next node
2024-10-22 12:58:54,215 - INFO - The UAV energy level is: 18597420.0 after going to the next node
2024-10-22 12:58:54,387 - INFO - The UAV has finished its business in the current node
2024-10-22 12:58:54,387 - INFO - The strategies at node 0 have converged to: [0.2        0.2        0.20119031 0.2        0.2        0.20011047
 0.1        0.1        0.1        0.1        0.1        0.1
 0.1        0.1        0.1       ]
2024-10-22 12:58:54,387 - INFO - The task intensities of the users at node 0 are: [1, 1, 1, 1, 1, 1, 1, 1, 1, 1, 1, 1, 1, 1, 1]
2024-10-22 12:58:54,387 - INFO - Converged with strategy difference: 0.0 in 2 iterations
2024-10-22 12:58:54,401 - INFO - The UAV has reached the next node
2024-10-22 12:58:54,401 - INFO - The UAV energy level is: 18444960.0 after going to the next node
2024-10-22 12:58:54,602 - INFO - The UAV has finished its business in the current node
2024-10-22 12:58:54,602 - INFO - The strategies at node 8 have converged to: [0.20104273 0.2        0.20119031 0.20039074 0.2        0.19999999
 0.1        1.         0.1        0.1        0.1        0.1
 0.1        0.1        0.1       ]
2024-10-22 12:58:54,602 - INFO - The task intensities of the users at node 8 are: [1, 1, 1, 1, 1, 1, 1, 1, 1, 1, 1, 1, 1, 1, 1]
2024-10-22 12:58:54,602 - INFO - Converged with strategy difference: 0.0 in 4 iterations
2024-10-22 12:58:54,610 - INFO - The UAV has reached the next node
2024-10-22 12:58:54,610 - INFO - The UAV energy level is: 18374644.0 after going to the next node
2024-10-22 12:58:54,736 - INFO - The UAV has finished its business in the current node
2024-10-22 12:58:54,736 - INFO - The strategies at node 5 have converged to: [0.2        0.2        0.20119031 0.2        0.2        0.17606132
 0.1        0.1        0.1        0.1        0.1        0.1
 0.1        0.1        0.1       ]
2024-10-22 12:58:54,736 - INFO - The task intensities of the users at node 5 are: [1, 1, 1, 1, 1, 1, 1, 1, 1, 1, 1, 1, 1, 1, 1]
2024-10-22 12:58:54,736 - INFO - Converged with strategy difference: 0.0 in 2 iterations
2024-10-22 12:58:54,744 - INFO - The UAV has reached the next node
2024-10-22 12:58:54,744 - INFO - The UAV energy level is: 18072342.0 after going to the next node
2024-10-22 12:58:54,957 - INFO - The UAV has finished its business in the current node
2024-10-22 12:58:54,957 - INFO - The strategies at node 3 have converged to: [0.8        0.2        0.20119031 0.2        0.2        0.19999999
 0.10000037 0.1        0.1        0.1        0.1        0.1
 0.1        0.1        0.1       ]
2024-10-22 12:58:54,957 - INFO - The task intensities of the users at node 3 are: [1, 1, 1, 1, 1, 1, 1, 1, 1, 1, 1, 1, 1, 1, 1]
2024-10-22 12:58:54,957 - INFO - Converged with strategy difference: 0.0 in 4 iterations
2024-10-22 12:58:54,964 - INFO - The UAV has reached the next node
2024-10-22 12:58:54,964 - INFO - The UAV energy level is: 18071910.0 after going to the next node
2024-10-22 12:58:54,971 - INFO - The UAV has reached the next node
2024-10-22 12:58:54,972 - INFO - The UAV energy level is: 17865304.0 after going to the next node
2024-10-22 12:58:55,078 - INFO - The UAV has finished its business in the current node
2024-10-22 12:58:55,078 - INFO - The strategies at node 2 have converged to: [0.2        0.2        0.20119031 0.2        0.2        0.18159097
 0.10000285 0.1        0.1        0.1        0.1        0.1
 0.1        0.1        0.1       ]
2024-10-22 12:58:55,078 - INFO - The task intensities of the users at node 2 are: [1, 1, 1, 1, 1, 1, 1, 1, 1, 1, 1, 1, 1, 1, 1]
2024-10-22 12:58:55,078 - INFO - Converged with strategy difference: 0.0 in 2 iterations
2024-10-22 12:58:55,078 - INFO - The UAV has reached the next node
2024-10-22 12:58:55,078 - INFO - The UAV energy level is: 17658266.0 after going to the next node
2024-10-22 12:58:55,195 - INFO - The UAV has finished its business in the current node
2024-10-22 12:58:55,195 - INFO - The strategies at node 3 have converged to: [0.2        0.2        0.20119031 0.2        0.2        0.20000589
 0.1        0.1        0.1        0.1        0.1        0.1
 0.1        0.1        0.1       ]
2024-10-22 12:58:55,195 - INFO - The task intensities of the users at node 3 are: [1, 1, 1, 1, 1, 1, 1, 1, 1, 1, 1, 1, 1, 1, 1]
2024-10-22 12:58:55,195 - INFO - Converged with strategy difference: 0.0 in 2 iterations
2024-10-22 12:58:55,196 - INFO - The UAV has reached the next node
2024-10-22 12:58:55,196 - INFO - The UAV energy level is: 17541656.0 after going to the next node
2024-10-22 12:58:55,196 - INFO - The UAV has reached the final node
2024-10-22 12:58:55,310 - INFO - The UAV has finished its business in the current node
2024-10-22 12:58:55,310 - INFO - The strategies at node 9 have converged to: [0.2        0.2        0.20119031 0.2        0.2        0.1760904
 0.1        0.1        0.1        0.1        0.1        0.1
 0.1        0.1        0.1       ]
2024-10-22 12:58:55,310 - INFO - The task intensities of the users at node 9 are: [1, 1, 1, 1, 1, 1, 1, 1, 1, 1, 1, 1, 1, 1, 1]
2024-10-22 12:58:55,310 - INFO - Converged with strategy difference: 0.0 in 2 iterations
2024-10-22 12:58:55,310 - INFO - The UAV has reached the final node and has finished its business
2024-10-22 12:58:55,310 - INFO - The UAV trajectory is: [0, 3, 8, 0, 7, 0, 4, 2, 1, 0, 8, 5, 3, 3, 2, 3, 9]
2024-10-22 12:58:55,310 - INFO - The UAV has visited 17 nodes
2024-10-22 12:58:55,310 - INFO - The UAV energy level is: 17541224.0 at the end of the algorithm
2024-10-22 12:58:55,310 - INFO - Random Walk Algorithm has successfully reached the final node!
2024-10-22 12:58:55,310 - INFO - The UAV processed in total: 25766300.0 bits
2024-10-22 12:58:55,310 - INFO - Random Walk Algorithm took: 2.5200862884521484 seconds
