2024-10-07 18:59:27,427 - INFO - Unable to initialize backend 'cuda': 
2024-10-07 18:59:27,427 - INFO - Unable to initialize backend 'rocm': module 'jaxlib.xla_extension' has no attribute 'GpuAllocatorConfig'
2024-10-07 18:59:27,429 - INFO - Unable to initialize backend 'tpu': UNIMPLEMENTED: LoadPjrtPlugin is not implemented on windows yet.
2024-10-07 18:59:28,100 - INFO - Number of Nodes: 1
2024-10-07 18:59:28,100 - INFO - Number of Edges: 0
2024-10-07 18:59:28,100 - INFO - Number of Users: 130
2024-10-07 18:59:28,100 - INFO - Running a Single Submodular Game
2024-10-07 18:59:30,841 - INFO - Energy level is now: [19799612.] and the energy wasted to process the data is: [388.4463]
2024-10-07 18:59:30,873 - INFO - Energy level is now: [19020226.] and the energy wasted to hover over the node is: 779385.6
2024-10-07 18:59:30,873 - INFO - The UAV has finished its business in the current node
2024-10-07 18:59:30,873 - INFO - The strategies at node 0 have converged to: [0.001 0.001 0.001 0.001 0.001 0.001 0.001 0.001 0.001 0.001 0.001 0.001
 0.001 0.001 0.001 0.001 0.001 0.001 0.001 0.001 0.001 0.001 0.001 0.001
 0.001 0.001 0.001 0.001 0.001 0.001 0.001 0.001 0.001 0.001 0.001 0.001
 0.001 0.001 0.001 0.001 0.001 0.001 0.001 0.001 0.001 0.001 0.001 0.001
 0.001 0.001 0.001 0.001 0.001 0.001 0.001 0.001 0.001 0.001 0.001 0.001
 0.001 0.001 0.001 0.001 0.001 0.001 0.001 0.001 0.001 0.001 0.001 0.001
 0.001 0.001 0.001 0.001 0.001 0.001 0.001 0.001 0.001 0.001 0.001 0.001
 0.001 0.001 0.001 0.001 0.001 0.001 0.001 0.001 0.001 0.001 0.001 0.001
 0.001 0.001 0.001 0.001 0.001 0.001 0.001 0.001 0.001 0.001 0.001 0.001
 0.001 0.001 0.001 0.001 0.001 0.001 0.001 0.001 0.001 0.001 0.001 0.001
 0.001 0.001 0.001 0.001 0.001 0.001 0.001 0.001 0.001 0.001]
2024-10-07 18:59:30,873 - INFO - The task intensities of the users at node 0 are: [1, 1, 1, 1, 1, 1, 1, 1, 1, 1, 1, 1, 1, 1, 1, 1, 1, 1, 1, 1, 1, 1, 1, 1, 1, 1, 1, 1, 1, 1, 1, 1, 1, 1, 1, 1, 1, 1, 1, 1, 1, 1, 1, 1, 1, 1, 1, 1, 1, 1, 1, 1, 1, 1, 1, 1, 1, 1, 1, 1, 1, 1, 1, 1, 1, 1, 1, 1, 1, 1, 1, 1, 1, 1, 1, 1, 1, 1, 1, 1, 1, 1, 1, 1, 1, 1, 1, 1, 1, 1, 1, 1, 1, 1, 1, 1, 1, 1, 1, 1, 1, 1, 1, 1, 1, 1, 1, 1, 1, 1, 1, 1, 1, 1, 1, 1, 1, 1, 1, 1, 1, 1, 1, 1, 1, 1, 1, 1, 1, 1]
2024-10-07 18:59:30,873 - INFO - Converged with strategy difference: 0.0 in 2 iterations
