2024-10-28 10:24:01,513 - INFO - Starting run 1 of 5
2024-10-28 10:26:56,442 - INFO - Saving progress at run 1 of 5
2024-10-28 10:26:56,443 - INFO - Averaged data dictionaries up to run 1 have been saved as pickle files!
2024-10-28 10:26:58,488 - INFO - Plots up to run 1 have been generated!
2024-10-28 10:26:58,488 - INFO - Starting run 2 of 5
2024-10-28 10:29:49,133 - INFO - Saving progress at run 2 of 5
2024-10-28 10:29:49,136 - INFO - Averaged data dictionaries up to run 2 have been saved as pickle files!
2024-10-28 10:29:50,783 - INFO - Plots up to run 2 have been generated!
2024-10-28 10:29:50,784 - INFO - Starting run 3 of 5
2024-10-28 10:32:38,753 - INFO - Saving progress at run 3 of 5
2024-10-28 10:32:38,755 - INFO - Averaged data dictionaries up to run 3 have been saved as pickle files!
2024-10-28 10:32:40,409 - INFO - Plots up to run 3 have been generated!
2024-10-28 10:32:40,409 - INFO - Starting run 4 of 5
2024-10-28 10:35:30,055 - INFO - Saving progress at run 4 of 5
2024-10-28 10:35:30,057 - INFO - Averaged data dictionaries up to run 4 have been saved as pickle files!
2024-10-28 10:35:31,713 - INFO - Plots up to run 4 have been generated!
2024-10-28 10:35:31,714 - INFO - Starting run 5 of 5
2024-10-28 10:38:31,790 - INFO - Saving progress at run 5 of 5
2024-10-28 10:38:31,792 - INFO - Averaged data dictionaries up to run 5 have been saved as pickle files!
2024-10-28 10:38:33,487 - INFO - Plots up to run 5 have been generated!
2024-10-28 10:38:33,491 - INFO - Final averaged data dictionaries have been saved as pickle files!
2024-10-28 10:38:35,105 - INFO - Final plots have been generated!
